0	26.824995	0.1559985	0.0502131	0.0050005
100	26.82786	0.15599852	0.05021311	0.00500641
200	26.830725	0.15599877	0.05021355	0.00526317
300	26.83359	0.15599923	0.05021493	0.0056418
400	26.836455	0.15599979	0.05021621	0.00581279
500	26.83932	0.15600029	0.05021709	0.00575137
600	26.842185	0.15600072	0.05021759	0.00548569
700	26.84505	0.1560011	0.05021789	0.00504057
800	26.847915	0.15600144	0.05021819	0.00444596
900	26.85078	0.15600149	0.05021783	0.00422655
1000	26.853645	0.15600159	0.05021685	0.00468182
1100	26.85651	0.1560018	0.05021699	0.00556539
1200	26.859375	0.15600213	0.05021677	0.00630005
1300	26.86224	0.15600243	0.05021637	0.00673369
1400	26.865105	0.1560027	0.05021569	0.00690305
1500	26.86797	0.15600293	0.05021485	0.00684024
1600	26.870835	0.15600313	0.05021406	0.00657343
1700	26.8737	0.15600331	0.05021349	0.00612735
1800	26.876565	0.15600347	0.05021326	0.00552374
1900	26.87943	0.1560041	0.050213	0.0050524
2000	26.882295	0.15600548	0.0502127	0.00508225
2100	26.88516	0.1560072	0.05021198	0.00538048
2200	26.888025	0.15600864	0.05021136	0.00553178
2300	26.89089	0.15600989	0.05021052	0.00545303
2400	26.89089	0.156011	0.05020957	0.00517214
2500	26.893755	0.15601197	0.05020873	0.00471367
2600	26.89662	0.1560123	0.05020823	0.00429188
2700	26.899485	0.15601225	0.05020743	0.00444258
2800	26.90235	0.15601242	0.0502065	0.00515711
2900	26.905215	0.15601175	0.05020651	0.00597611
3000	26.90808	0.15601099	0.05020633	0.00650703
3100	26.910945	0.15601031	0.05020591	0.00676192
3200	26.91381	0.15600972	0.05020523	0.00677423
3300	26.916675	0.1560092	0.05020449	0.00657342
3400	26.91954	0.15600874	0.05020388	0.00618535
3500	26.922405	0.15600834	0.05020357	0.00563271
3600	26.92527	0.15600812	0.05020348	0.00505576
3700	26.928135	0.15600844	0.05020385	0.00499094
3800	26.931	0.15600922	0.05020406	0.00531067
3900	26.933865	0.15601015	0.05020471	0.00560921
4000	26.93673	0.156011	0.05020503	0.00566281
4100	26.939595	0.15601174	0.05020504	0.00549822
4200	26.94246	0.15601239	0.05020494	0.00514194
4300	26.945325	0.15601296	0.05020495	0.00461759
4400	26.94819	0.1560132	0.0502045	0.00436068
4500	26.951055	0.15601347	0.05020313	0.00473162
4600	26.95392	0.15601364	0.05020249	0.00553006
4700	26.956785	0.15601373	0.05020172	0.00620379
4800	26.95965	0.15601381	0.05020083	0.00658417
4900	26.962515	0.15601388	0.05019972	0.00670673
5000	26.96538	0.15601394	0.05019851	0.00660277
5100	26.968245	0.15601399	0.0501974	0.00629982
5200	26.97111	0.15601403	0.05019658	0.00582198
5300	26.973975	0.1560141	0.05019608	0.00519773
5400	26.97684	0.15601461	0.05019545	0.00493895
5500	26.979705	0.15601546	0.0501948	0.00515886
5600	26.98257	0.15601675	0.0501944	0.00554765
5700	26.985435	0.15601813	0.0501937	0.00571844
5800	26.9883	0.15601933	0.0501928	0.00565686
5900	26.991165	0.1560204	0.0501918	0.00539107
6000	26.99403	0.15602133	0.05019094	0.00494588
6100	26.996895	0.15602205	0.05019016	0.0044472
6200	26.99976	0.15602245	0.05018885	0.004494
6300	27.002625	0.15602287	0.05018734	0.00512067
6400	27.00549	0.15602306	0.05018699	0.00590207
6500	27.008355	0.15602319	0.05018643	0.00641055
6600	27.01122	0.1560233	0.05018567	0.00664574
6700	27.014085	0.15602341	0.05018469	0.00664073
6800	27.01695	0.1560235	0.05018371	0.00642471
6900	27.019815	0.15602357	0.05018291	0.00602326
7000	27.02268	0.15602364	0.05018244	0.00545888
7100	27.025545	0.15602392	0.05018196	0.00496578
7200	27.02841	0.15602458	0.05018168	0.00501489
7300	27.031275	0.15602557	0.05018151	0.00540282
7400	27.03414	0.15602692	0.05018171	0.00569381
7500	27.037005	0.15602813	0.05018159	0.00573805
7600	27.03987	0.15602919	0.05018122	0.00556524
7700	27.042735	0.15603012	0.05018081	0.00520173
7800	27.0456	0.15603093	0.05018057	0.00467074
7900	27.048465	0.15603139	0.05017998	0.00440561
8000	27.05133	0.15603179	0.05017847	0.00477421
8100	27.054195	0.15603206	0.0501779	0.00555419
8200	27.05706	0.15603214	0.05017742	0.00619798
8300	27.059925	0.1560322	0.05017679	0.00655191
8400	27.06279	0.15603225	0.05017592	0.00665122
8500	27.065655	0.1560323	0.05017492	0.00652684
8600	27.06852	0.15603234	0.05017403	0.00620594
8700	27.071385	0.15603237	0.05017341	0.00571233
8800	27.07425	0.15603245	0.05017294	0.00510025
8900	27.077115	0.15603285	0.05017236	0.00493044
9000	27.07998	0.1560335	0.05017169	0.00521485
9100	27.082845	0.15603455	0.05017141	0.00560655
9200	27.08571	0.15603563	0.05017081	0.00576171
9300	27.088575	0.15603657	0.05017	0.00568638
9400	27.09144	0.1560374	0.0501691	0.00540851
9500	27.094305	0.15603813	0.05016835	0.00495271
9600	27.09717	0.15603869	0.05016766	0.00446097
9700	27.100035	0.15603906	0.05016633	0.00453508
9800	27.1029	0.15603941	0.05016499	0.00517478
9900	27.105765	0.15603962	0.05016493	0.00593326
10000	27.10863	0.15603981	0.05016464	0.00641325
10100	27.111495	0.15603997	0.05016412	0.00662339
10200	27.11436	0.15604012	0.05016336	0.00659638
10300	27.117225	0.15604025	0.05016258	0.00636101
10400	27.12009	0.15604036	0.05016198	0.00594258
10500	27.122955	0.15604046	0.0501617	0.00536326
10600	27.12582	0.15604077	0.0501613	0.00493257
10700	27.128685	0.15604138	0.05016105	0.00504528
10800	27.13155	0.15604228	0.05016108	0.00545865
10900	27.134415	0.15604345	0.05016117	0.00573069
11000	27.13728	0.15604449	0.05016096	0.00575793
11100	27.140145	0.15604541	0.05016052	0.00557018
11200	27.14301	0.15604621	0.05016006	0.00519355
11300	27.145875	0.15604691	0.05015979	0.004653
11400	27.14874	0.15604728	0.05015898	0.00442632
11500	27.151605	0.15604763	0.05015733	0.00482944
11600	27.15447	0.15604787	0.05015673	0.00560942
11700	27.157335	0.156048	0.05015609	0.00622359
11800	27.1602	0.15604812	0.05015531	0.00655127
11900	27.163065	0.15604822	0.05015429	0.00662752
12000	27.16593	0.15604831	0.05015319	0.00648288
12100	27.168795	0.15604839	0.05015223	0.00614417
12200	27.17166	0.15604846	0.05015156	0.00563491
12300	27.174525	0.15604862	0.05015098	0.00504206
12400	27.17739	0.15604912	0.05015036	0.00493749
12500	27.180255	0.15604989	0.05014965	0.00526424
12600	27.18312	0.15605104	0.05014921	0.0056453
12700	27.185985	0.15605218	0.05014844	0.00578073
12800	27.18885	0.15605319	0.05014747	0.00568807
12900	27.191715	0.15605408	0.05014645	0.00539497
13000	27.19458	0.15605485	0.0501456	0.0049258
13100	27.197445	0.15605542	0.05014476	0.00445517
13200	27.20031	0.15605581	0.0501432	0.0045754
13300	27.203175	0.15605616	0.05014183	0.00524098
13400	27.20604	0.15605637	0.0501415	0.0059781
13500	27.208905	0.15605656	0.05014096	0.00643058
13600	27.21177	0.15605673	0.0501402	0.00661655
13700	27.214635	0.15605687	0.05013924	0.00656828
13800	27.2175	0.156057	0.05013831	0.00631425
13900	27.220365	0.15605711	0.0501376	0.0058794
14000	27.22323	0.15605721	0.05013722	0.00528567
14100	27.226095	0.15605759	0.05013671	0.00491642
14200	27.22896	0.15605824	0.0501363	0.00507929
14300	27.231825	0.15605915	0.05013627	0.00550361
14400	27.23469	0.15606022	0.05013601	0.00575347
14500	27.237555	0.15606115	0.0501355	0.00576128
14600	27.24042	0.15606198	0.05013481	0.00555646
14700	27.243285	0.1560627	0.05013415	0.00516484
14800	27.24615	0.15606332	0.05013368	0.00461865
14900	27.249015	0.15606361	0.05013257	0.00444312
15000	27.25188	0.15606392	0.05013078	0.00489026
15100	27.254745	0.15606395	0.05013029	0.00567206
15200	27.25761	0.15606383	0.0501297	0.00625715
15300	27.260475	0.15606373	0.05012897	0.00655938
15400	27.26334	0.15606363	0.050128	0.00661326
15500	27.266205	0.15606355	0.05012697	0.00644896
15600	27.26907	0.15606348	0.05012607	0.00609298
15700	27.271935	0.15606341	0.05012548	0.00556855
15800	27.2748	0.15606346	0.05012498	0.00500106
15900	27.277665	0.15606384	0.05012463	0.00495224
16000	27.28053	0.15606447	0.0501243	0.0053109
16100	27.283395	0.15606552	0.05012445	0.00567498
16200	27.28626	0.15606655	0.05012424	0.00578925
16300	27.289125	0.15606744	0.05012377	0.00567798
16400	27.29199	0.15606823	0.05012321	0.00536854
16500	27.294855	0.15606892	0.05012279	0.00488501
16600	27.29772	0.15606948	0.05012218	0.00444533
16700	27.300585	0.15606989	0.05012072	0.0046185
16800	27.30345	0.15607024	0.0501197	0.00531215
16900	27.306315	0.15607058	0.0501194	0.00602673
17000	27.30918	0.1560709	0.05011886	0.00645239
17100	27.312045	0.15607118	0.05011809	0.00661477
17200	27.31491	0.15607143	0.05011715	0.00654578
17300	27.317775	0.15607165	0.05011624	0.00627355
17400	27.32064	0.15607184	0.05011557	0.00582271
17500	27.323505	0.15607201	0.05011523	0.00521503
17600	27.32637	0.15607249	0.05011464	0.00490953
17700	27.329235	0.15607316	0.05011411	0.00511578
17800	27.3321	0.15607414	0.050114	0.00554232
17900	27.334965	0.15607529	0.0501136	0.00576932
18000	27.33783	0.1560763	0.05011298	0.00575713
18100	27.340695	0.15607719	0.0501122	0.00553474
18200	27.34356	0.15607797	0.05011149	0.00512768
18300	27.346425	0.15607863	0.05011091	0.00458213
18400	27.34929	0.15607901	0.05010973	0.00446217
18500	27.352155	0.15607937	0.05010798	0.00495523
18600	27.35502	0.15607959	0.05010743	0.00573566
18700	27.357885	0.15607975	0.05010669	0.00629223
18800	27.36075	0.15607989	0.05010582	0.00656957
18900	27.363615	0.15608001	0.05010473	0.00660159
19000	27.36648	0.15608011	0.0501036	0.0064181
19100	27.369345	0.1560802	0.05010265	0.00604524
19200	27.37221	0.15608028	0.05010202	0.00550598
19300	27.375075	0.15608051	0.05010136	0.00496988
19400	27.37794	0.15608105	0.05010081	0.00497195
19500	27.380805	0.15608182	0.05010032	0.00535589
19600	27.38367	0.15608295	0.05010004	0.00569955
19700	27.386535	0.156084	0.05009945	0.00579232
19800	27.3894	0.15608492	0.05009865	0.00566214
19900	27.392265	0.15608573	0.05009782	0.0053361
20000	27.39513	0.15608645	0.05009719	0.00483797
20100	27.397995	0.1560869	0.05009636	0.00443741
20200	27.40086	0.15608724	0.05009472	0.00466561
20300	27.403725	0.15608751	0.05009375	0.00538518
20400	27.40659	0.15608755	0.0500934	0.00607531
20500	27.409455	0.15608759	0.05009286	0.00647462
20600	27.41232	0.15608762	0.05009207	0.00661384
20700	27.415185	0.15608764	0.05009113	0.00652451
20800	27.41805	0.15608766	0.05009024	0.00623439
20900	27.420915	0.15608768	0.0500896	0.00576784
21000	27.42378	0.15608772	0.05008926	0.00515327
21100	27.426645	0.15608806	0.0500887	0.00490897
21200	27.42951	0.15608864	0.05008815	0.00515453
21300	27.432375	0.15608961	0.05008802	0.00557702
21400	27.43524	0.15609073	0.05008758	0.0057809
21500	27.438105	0.15609171	0.05008691	0.00574841
21600	27.44097	0.15609257	0.0500861	0.00550817
21700	27.443835	0.15609333	0.05008539	0.00508544
21800	27.4467	0.15609396	0.05008477	0.00454717
21900	27.449565	0.15609434	0.05008349	0.00448501
22000	27.45243	0.15609468	0.05008176	0.00502353
22100	27.455295	0.15609495	0.05008123	0.00579827
22200	27.45816	0.15609521	0.05008046	0.00632695
22300	27.461025	0.15609543	0.05007954	0.00657989
22400	27.46389	0.15609562	0.05007842	0.00659046
22500	27.466755	0.15609579	0.05007729	0.00638812
22600	27.46962	0.15609594	0.05007635	0.00599871
22700	27.472485	0.15609607	0.05007575	0.0054449
22800	27.47535	0.15609641	0.05007507	0.00494618
22900	27.478215	0.15609703	0.05007453	0.0049958
23000	27.48108	0.15609792	0.05007416	0.00539929
23100	27.483945	0.15609921	0.05007388	0.00572031
23200	27.48681	0.15610038	0.05007332	0.0057914
23300	27.489675	0.1561014	0.05007255	0.00564217
23400	27.49254	0.1561023	0.05007177	0.00529939
23500	27.495405	0.15610309	0.0500712	0.00478656
23600	27.49827	0.15610361	0.05007032	0.00443311
23700	27.501135	0.15610401	0.0500686	0.00471704
23800	27.504	0.15610424	0.05006782	0.00545884
23900	27.506865	0.15610423	0.05006751	0.00612288
24000	27.50973	0.15610421	0.05006702	0.0064963
24100	27.512595	0.15610419	0.05006626	0.00661275
24200	27.51546	0.15610418	0.05006535	0.00650342
24300	27.518325	0.15610417	0.05006452	0.00619574
24400	27.52119	0.15610416	0.05006395	0.00571375
24500	27.524055	0.15610418	0.05006361	0.00510164
24600	27.52692	0.15610441	0.05006322	0.00491374
24700	27.529785	0.15610486	0.05006281	0.00519496
24800	27.53265	0.15610572	0.05006287	0.00560825
24900	27.535515	0.15610666	0.0500626	0.00578907
25000	27.53838	0.15610749	0.05006209	0.00573631
25100	27.541245	0.15610822	0.05006143	0.00547827
25200	27.54411	0.15610885	0.05006087	0.00503989
25300	27.546975	0.15610941	0.0500603	0.00451587
25400	27.54984	0.15610985	0.05005899	0.00451263
25500	27.552705	0.15611024	0.05005738	0.00509469
25600	27.55557	0.15611061	0.05005679	0.00585909
25700	27.558435	0.15611101	0.05005592	0.00636026
25800	27.5613	0.15611136	0.0500549	0.00658905
25900	27.564165	0.15611167	0.05005369	0.00657841
26000	27.56703	0.15611194	0.05005251	0.00635743
26100	27.569895	0.15611218	0.05005154	0.00595163
26200	27.57276	0.15611239	0.05005092	0.00538342
26300	27.575625	0.15611276	0.05005015	0.00492826
26400	27.57849	0.15611335	0.0500495	0.00502318
26500	27.581355	0.15611419	0.05004907	0.00544108
26600	27.58422	0.15611528	0.0500485	0.00573839
26700	27.587085	0.15611625	0.05004769	0.00578794
26800	27.58995	0.15611711	0.05004672	0.0056198
26900	27.592815	0.15611786	0.05004578	0.00526039
27000	27.59568	0.15611852	0.05004508	0.00473295
27100	27.598545	0.15611889	0.05004399	0.0044338
27200	27.60141	0.15611922	0.05004214	0.00477263
27300	27.604275	0.15611931	0.0500414	0.0055317
27400	27.60714	0.15611925	0.05004091	0.00616844
27500	27.610005	0.15611919	0.05004025	0.00651642
27600	27.61287	0.15611913	0.05003935	0.00661052
27700	27.615735	0.15611908	0.05003833	0.00648155
27800	27.6186	0.15611904	0.05003743	0.00615661
27900	27.621465	0.156119	0.0500368	0.00565946
28000	27.62433	0.15611903	0.05003634	0.00505771
28100	27.627195	0.15611935	0.05003592	0.0049231
28200	27.63006	0.15611989	0.05003547	0.00523666
28300	27.632925	0.15612085	0.05003543	0.00563652
28400	27.63579	0.15612184	0.05003501	0.00579442
28500	27.638655	0.15612271	0.05003436	0.00572151
28600	27.64152	0.15612347	0.0500336	0.00544577
28700	27.644385	0.15612414	0.05003297	0.00499184
28800	27.64725	0.15612467	0.05003228	0.004489
28900	27.650115	0.15612503	0.05003081	0.00454518
29000	27.65298	0.15612535	0.05002927	0.00516789
29100	27.655845	0.1561256	0.05002844	0.00591767
29200	27.65871	0.15612584	0.05002734	0.00639178
29300	27.661575	0.15612605	0.0500261	0.00659677
29400	27.66444	0.15612624	0.05002471	0.00656521
29500	27.667305	0.1561264	0.05002338	0.00632586
29600	27.67017	0.15612654	0.05002231	0.00590392
29700	27.673035	0.15612666	0.0500216	0.00532152
29800	27.6759	0.15612703	0.05002064	0.00491581
29900	27.678765	0.15612766	0.05001978	0.00505377
30000	27.68163	0.15612857	0.05001918	0.00548072
30100	27.684495	0.15612977	0.05001822	0.00575386
30200	27.68736	0.15613082	0.05001709	0.00578206
30300	27.690225	0.15613175	0.05001585	0.00559515
30400	27.69309	0.15613256	0.05001469	0.00521926
30500	27.695955	0.15613327	0.05001381	0.00467831
30600	27.69882	0.15613369	0.0500125	0.00443976
30700	27.701685	0.15613404	0.05001054	0.00483228
30800	27.70455	0.15613427	0.05000981	0.00560325
30900	27.707415	0.15613444	0.05000913	0.00621175
31000	27.71028	0.15613459	0.05000833	0.00653446
31100	27.713145	0.15613472	0.05000729	0.00660633
31200	27.71601	0.15613483	0.05000618	0.00645785
31300	27.718875	0.15613493	0.0500052	0.00611576
31400	27.72174	0.15613502	0.05000453	0.00560353
31500	27.724605	0.15613521	0.05000395	0.00501961
31600	27.72747	0.15613572	0.05000344	0.00493653
31700	27.730335	0.15613648	0.0500029	0.00527963
31800	27.7332	0.15613778	0.05000265	0.00566275
31900	27.736065	0.15613906	0.05000206	0.00579799
32000	27.73893	0.15614019	0.05000124	0.00570514
32100	27.741795	0.15614118	0.05000037	0.00541189
32200	27.74466	0.15614205	0.04999965	0.00494258
32300	27.747525	0.15614273	0.04999884	0.00446762
32400	27.75039	0.15614321	0.04999725	0.00458278
32500	27.753255	0.15614368	0.04999587	0.00524218
32600	27.75612	0.15614425	0.04999535	0.00597361
32700	27.758985	0.15614477	0.0499946	0.00642113
32800	27.76185	0.15614522	0.04999366	0.00660274
32900	27.764715	0.15614562	0.04999254	0.00655065
33000	27.76758	0.15614597	0.04999148	0.00629326
33100	27.770445	0.15614628	0.04999064	0.00585547
33200	27.77331	0.15614655	0.04999016	0.00525913
33300	27.776175	0.15614715	0.04998953	0.00490859
33400	27.77904	0.15614796	0.04998898	0.00508731
33500	27.781905	0.15614915	0.04998883	0.00551788
33600	27.78477	0.15615061	0.04998844	0.00576668
33700	27.787635	0.15615189	0.04998781	0.0057736
33800	27.7905	0.15615301	0.04998701	0.005568
33900	27.793365	0.156154	0.04998627	0.00517569
34000	27.79623	0.15615485	0.04998572	0.00462837
34100	27.799095	0.15615529	0.04998454	0.00445091
34200	27.80196	0.15615566	0.04998274	0.00489577
34300	27.804825	0.15615579	0.04998219	0.0056731
34400	27.80769	0.15615579	0.04998147	0.00625328
34500	27.810555	0.15615578	0.04998063	0.00655121
34600	27.81342	0.15615578	0.04997956	0.00660132
34700	27.816285	0.15615578	0.04997843	0.00643371
34800	27.81915	0.15615577	0.04997747	0.00607482
34900	27.822015	0.15615577	0.04997681	0.00554782
35000	27.82488	0.1561559	0.04997616	0.0049882
35100	27.827745	0.15615634	0.04997557	0.00495396
35200	27.83061	0.15615704	0.04997499	0.00532242
35300	27.833475	0.15615823	0.04997445	0.00568579
35400	27.83634	0.15615936	0.04997357	0.00579849
35500	27.839205	0.15616036	0.04997252	0.00568584
35600	27.84207	0.15616123	0.04997145	0.00537519
35700	27.844935	0.156162	0.04997059	0.00489059
35800	27.8478	0.1561626	0.04996955	0.00445097
35900	27.850665	0.15616305	0.04996776	0.00462532
36000	27.85353	0.15616341	0.04996645	0.00531762
36100	27.856395	0.15616371	0.04996574	0.00602752
36200	27.85926	0.15616399	0.04996484	0.00644863
36300	27.862125	0.15616423	0.04996375	0.006607
36400	27.86499	0.15616444	0.04996252	0.00653451
36500	27.867855	0.15616463	0.04996137	0.00625919
36600	27.87072	0.15616479	0.04996048	0.00580563
36700	27.873585	0.15616494	0.04995996	0.0051962
36800	27.87645	0.15616532	0.04995929	0.00490594
36900	27.879315	0.15616589	0.04995872	0.00512348
37000	27.88218	0.15616685	0.0499586	0.00555262
37100	27.885045	0.156168	0.04995819	0.00577751
37200	27.88791	0.156169	0.04995755	0.00576348
37300	27.890775	0.15616989	0.04995676	0.00553946
37400	27.89364	0.15617066	0.04995604	0.00513098
37500	27.896505	0.15617133	0.04995545	0.00458492
37600	27.89937	0.15617179	0.04995424	0.00446776
37700	27.902235	0.15617219	0.0499525	0.00496249
37800	27.9051	0.15617258	0.04995207	0.00574013
37900	27.907965	0.15617299	0.04995145	0.00629215
38000	27.91083	0.15617336	0.04995067	0.00656552
38100	27.913695	0.15617368	0.04994967	0.00659405
38200	27.91656	0.15617396	0.04994863	0.00640748
38300	27.919425	0.1561742	0.04994775	0.00603193
38400	27.92229	0.15617442	0.04994719	0.00549029
38500	27.925155	0.15617477	0.04994661	0.00496187
38600	27.92802	0.1561754	0.04994615	0.00497511
38700	27.930885	0.15617628	0.04994578	0.00536542
38800	27.93375	0.1561776	0.04994558	0.00570693
38900	27.936615	0.15617881	0.04994506	0.00579736
39000	27.93948	0.15617987	0.04994433	0.00566513
39100	27.942345	0.1561808	0.04994357	0.00533728
39200	27.94521	0.15618162	0.04994299	0.00483756
39300	27.948075	0.15618216	0.04994213	0.00444008
39400	27.95094	0.15618252	0.04994045	0.00467264
39500	27.953805	0.15618281	0.0499394	0.00539292
39600	27.95667	0.15618291	0.04993877	0.0060788
39700	27.959535	0.15618299	0.04993795	0.00647401
39800	27.9624	0.15618306	0.04993692	0.00660962
39900	27.965265	0.15618313	0.04993576	0.00651712
40000	27.96813	0.15618318	0.04993469	0.00622423
40100	27.970995	0.15618323	0.04993389	0.00575523
40200	27.97386	0.1561833	0.04993339	0.00514082
40300	27.976725	0.15618368	0.04993261	0.00490797
40400	27.97959	0.15618428	0.04993185	0.00516163
40500	27.982455	0.15618531	0.04993139	0.0055844
40600	27.98532	0.15618648	0.04993051	0.00578563
40700	27.988185	0.1561875	0.04992945	0.00575081
40800	27.99105	0.1561884	0.04992831	0.00550853
40900	27.993915	0.15618919	0.0499273	0.005084
41000	27.99678	0.15618987	0.0499264	0.00454647
41100	27.999645	0.15619031	0.0499249	0.00448991
41200	28.00251	0.1561907	0.04992306	0.00503224
41300	28.005375	0.15619101	0.04992234	0.00580466
41400	28.00824	0.15619131	0.04992139	0.00632894
41500	28.011105	0.15619158	0.04992031	0.00657801
41600	28.01397	0.15619182	0.04991905	0.00658519
41700	28.016835	0.15619202	0.04991779	0.00637987
41800	28.0197	0.1561922	0.04991675	0.00598784
41900	28.022565	0.15619236	0.04991605	0.00543172
42000	28.02543	0.15619266	0.04991531	0.00494091
42100	28.028295	0.15619324	0.04991471	0.00499981
42200	28.03116	0.15619409	0.04991429	0.00540759
42300	28.034025	0.15619534	0.0499138	0.00572577
42400	28.03689	0.15619646	0.04991306	0.00579416
42500	28.039755	0.15619744	0.04991214	0.00564257
42600	28.04262	0.15619831	0.04991122	0.00529772
42700	28.045485	0.15619907	0.04991053	0.00478306
42800	28.04835	0.1561996	0.0499095	0.00443483
42900	28.051215	0.1562	0.04990771	0.00472458
43000	28.05408	0.15620034	0.04990689	0.00546768
43100	28.056945	0.15620062	0.04990649	0.00612757
43200	28.05981	0.15620088	0.04990591	0.00649712
43300	28.062675	0.1562011	0.04990507	0.00661016
43400	28.06554	0.15620129	0.04990411	0.00649785
43500	28.068405	0.15620146	0.04990322	0.00618754
43600	28.07127	0.15620161	0.0499026	0.00570324
43700	28.074135	0.15620179	0.04990221	0.00509255
43800	28.077	0.15620226	0.04990181	0.00491422
43900	28.079865	0.15620294	0.04990138	0.00520182
44000	28.08273	0.15620404	0.04990144	0.00561401
44100	28.085595	0.15620521	0.04990117	0.00579182
44200	28.08846	0.15620624	0.04990064	0.00573641
44300	28.091325	0.15620714	0.04989997	0.00547604
44400	28.09419	0.15620794	0.04989941	0.00503561
44500	28.097055	0.15620856	0.04989882	0.00451359
44600	28.09992	0.1562089	0.04989749	0.00451753
44700	28.102785	0.15620925	0.04989592	0.0051044
44800	28.10565	0.15620937	0.04989535	0.00586646
44900	28.108515	0.15620947	0.0498945	0.00636352
45000	28.11138	0.15620955	0.0498935	0.00658869
45100	28.114245	0.15620962	0.04989231	0.00657487
45200	28.11711	0.15620968	0.04989114	0.0063511
45300	28.119975	0.15620974	0.04989018	0.00594285
45400	28.12284	0.15620979	0.04988958	0.00537248
45500	28.125705	0.15621005	0.04988875	0.00492516
45600	28.12857	0.1562106	0.04988804	0.00502765
45700	28.131435	0.15621146	0.0498875	0.00544798
45800	28.1343	0.1562127	0.04988665	0.00574205
45900	28.137165	0.1562138	0.04988559	0.00578871
46000	28.14003	0.15621477	0.0498844	0.00561802
46100	28.142895	0.15621562	0.04988328	0.00525638
46200	28.14576	0.15621637	0.04988242	0.00472697
46300	28.148625	0.15621689	0.04988111	0.00443523
46400	28.15149	0.15621731	0.04987913	0.00478093
46500	28.154355	0.15621768	0.04987826	0.00554138
46600	28.15722	0.15621802	0.0498775	0.00617377
46700	28.160085	0.15621833	0.04987661	0.0065178
46800	28.16295	0.1562186	0.0498755	0.00660842
46900	28.165815	0.15621883	0.04987431	0.00647641
47000	28.16868	0.15621904	0.04987325	0.00614878
47100	28.171545	0.15621922	0.04987249	0.00564927
47200	28.17441	0.15621946	0.04987191	0.00505012
47300	28.177275	0.15621997	0.0498714	0.00492445
47400	28.18014	0.1562207	0.04987087	0.00524368
47500	28.183005	0.15622193	0.04987077	0.00564175
47600	28.18587	0.15622318	0.0498703	0.00579659
47700	28.188735	0.15622428	0.04986961	0.00572099
47800	28.1916	0.15622525	0.04986881	0.00544288
47900	28.194465	0.1562261	0.04986816	0.00498687
48000	28.19733	0.15622679	0.04986746	0.00448701
48100	28.200195	0.15622727	0.04986603	0.00455063
48200	28.20306	0.15622768	0.0498646	0.00517793
48300	28.205925	0.15622809	0.04986428	0.00592496
48400	28.20879	0.15622847	0.0498637	0.00639517
48500	28.211655	0.15622881	0.04986292	0.00659671
48600	28.21452	0.15622911	0.04986193	0.00656214
48700	28.217385	0.15622937	0.04986096	0.00632013
48800	28.22025	0.1562296	0.0498602	0.00589586
48900	28.223115	0.1562298	0.04985977	0.00531141
49000	28.22598	0.15623023	0.04985921	0.00491403
49100	28.228845	0.15623089	0.04985875	0.00505871
49200	28.23171	0.15623186	0.04985861	0.00548686
49300	28.234575	0.15623309	0.04985828	0.00575647
49400	28.23744	0.15623419	0.04985771	0.00578158
49500	28.240305	0.15623515	0.04985696	0.00559196
49600	28.24317	0.15623599	0.04985623	0.00521368
49700	28.246035	0.15623673	0.04985573	0.00467127
49800	28.2489	0.15623713	0.0498546	0.00444131
49900	28.251765	0.15623746	0.04985278	0.00484126
50000	28.25463	0.15623761	0.04985213	0.0056133
50100	28.257495	0.15623767	0.04985138	0.00621767
50200	28.26036	0.15623773	0.04985051	0.00653674
50300	28.263225	0.15623777	0.04984941	0.00660543
50400	28.26609	0.15623782	0.04984825	0.00645415
50500	28.268955	0.15623785	0.04984723	0.0061096
50600	28.27182	0.15623789	0.04984653	0.00559521
50700	28.274685	0.15623802	0.04984588	0.00501444
50800	28.27755	0.15623847	0.04984527	0.00493878
50900	28.280415	0.15623915	0.04984462	0.00528593
51000	28.28328	0.15624034	0.04984418	0.00566638
51100	28.286145	0.15624149	0.04984337	0.00579837
51200	28.28901	0.1562425	0.04984238	0.00570268
51300	28.291875	0.15624339	0.04984135	0.00540692
51400	28.29474	0.15624417	0.0498405	0.00493541
51500	28.297605	0.1562448	0.04983957	0.00446509
51600	28.30047	0.15624523	0.0498379	0.00458878
51700	28.303335	0.15624562	0.04983648	0.00525309
51800	28.3062	0.15624597	0.04983585	0.00598143
51900	28.309065	0.1562463	0.04983501	0.00642492
52000	28.31193	0.15624659	0.04983398	0.00660298
52100	28.314795	0.15624684	0.04983279	0.00654777
52200	28.31766	0.15624706	0.04983166	0.00628764
52300	28.320525	0.15624725	0.04983078	0.00584743
52400	28.32339	0.15624742	0.04983026	0.00524899
52500	28.326255	0.15624785	0.04982957	0.0049076
52600	28.32912	0.15624849	0.04982897	0.00509265
52700	28.331985	0.15624952	0.04982873	0.00552361
52800	28.33485	0.15625083	0.04982819	0.00576898
52900	28.337715	0.15625198	0.04982745	0.0057729
53000	28.34058	0.15625298	0.04982654	0.00556465
53100	28.343445	0.15625387	0.04982571	0.00517002
53200	28.34631	0.15625464	0.04982508	0.00462237
53300	28.349175	0.15625515	0.04982384	0.00445332
53400	28.35204	0.15625559	0.04982201	0.00490522
53500	28.354905	0.15625597	0.0498215	0.00568275
53600	28.35777	0.15625637	0.04982087	0.00625873
53700	28.360635	0.15625671	0.0498201	0.00655301
53800	28.3635	0.15625702	0.0498191	0.0065999
53900	28.366365	0.15625728	0.04981804	0.00642947
54000	28.36923	0.15625752	0.04981713	0.0060681
54100	28.372095	0.15625772	0.04981653	0.00553892
54200	28.37496	0.15625803	0.04981598	0.00498366
54300	28.377825	0.15625861	0.04981554	0.00495682
54400	28.38069	0.15625942	0.04981516	0.005329
54500	28.383555	0.15626061	0.04981502	0.00568933
54600	28.38642	0.15626173	0.04981455	0.00579877
54700	28.389285	0.15626271	0.04981385	0.00568325
54800	28.39215	0.15626357	0.04981309	0.00537008
54900	28.395015	0.15626433	0.0498125	0.00488327
55000	28.39788	0.15626483	0.0498117	0.00444919
55100	28.400745	0.15626514	0.04981008	0.00463194
55200	28.40361	0.15626537	0.04980894	0.00532852
55300	28.406475	0.15626542	0.04980834	0.00603505
55400	28.40934	0.15626546	0.04980754	0.00645242
55500	28.412205	0.1562655	0.04980653	0.00660751
55600	28.41507	0.15626553	0.04980538	0.00653212
55700	28.417935	0.15626555	0.0498043	0.00625426
55800	28.4208	0.15626557	0.04980347	0.00579847
55900	28.423665	0.1562656	0.049803	0.00518772
56000	28.42653	0.15626597	0.04980221	0.00490602
56100	28.429395	0.15626659	0.04980152	0.00512888
56200	28.43226	0.15626763	0.04980116	0.0055573
56300	28.435125	0.15626886	0.04980041	0.00577869
56400	28.43799	0.15626994	0.04979947	0.00576158
56500	28.440855	0.1562709	0.04979841	0.00553485
56600	28.44372	0.15627173	0.04979746	0.00512399
56700	28.446585	0.15627245	0.04979667	0.00457879
56800	28.44945	0.15627292	0.04979529	0.00447066
56900	28.452315	0.15627334	0.04979342	0.00497264
57000	28.45518	0.15627369	0.04979278	0.00574986
57100	28.458045	0.15627402	0.04979194	0.00629767
57200	28.46091	0.15627431	0.04979098	0.00656735
57300	28.463775	0.15627456	0.04978982	0.00659263
57400	28.46664	0.15627479	0.04978863	0.00640321
57500	28.469505	0.15627498	0.04978763	0.00602515
57600	28.47237	0.15627516	0.04978696	0.00548131
57700	28.475235	0.15627545	0.04978631	0.00495821
57800	28.4781	0.15627602	0.0497858	0.00497854
57900	28.480965	0.15627683	0.04978539	0.00537192
58000	28.48383	0.15627812	0.04978504	0.00571016
58100	28.486695	0.1562793	0.04978439	0.00579742
58200	28.48956	0.15628034	0.04978354	0.0056624
58300	28.492425	0.15628124	0.04978267	0.00533211
58400	28.49529	0.15628204	0.04978201	0.00483024
58500	28.498155	0.15628264	0.04978105	0.00443928
58600	28.50102	0.15628309	0.04977932	0.00468
58700	28.503885	0.15628348	0.04977834	0.00540371
58800	28.50675	0.15628389	0.04977783	0.00608583
58900	28.509615	0.15628426	0.04977714	0.00647722
59000	28.51248	0.15628459	0.04977621	0.00660947
59100	28.515345	0.15628488	0.04977515	0.00651401
59200	28.51821	0.15628513	0.04977416	0.00621853
59300	28.521075	0.15628535	0.04977344	0.00574725
59400	28.52394	0.15628557	0.04977301	0.00513291
59500	28.526805	0.15628608	0.04977246	0.00490852
59600	28.52967	0.1562868	0.04977193	0.00516757
59700	28.532535	0.15628789	0.04977187	0.00558913
59800	28.5354	0.15628908	0.04977148	0.00578692
59900	28.538265	0.15629012	0.04977085	0.00574907
60000	28.54113	0.15629104	0.04977009	0.00550412
60100	28.543995	0.15629185	0.04976942	0.00507725
60200	28.54686	0.1562925	0.04976881	0.00454149
60300	28.549725	0.15629283	0.04976754	0.00449369
60400	28.55259	0.15629314	0.04976588	0.00504265
60500	28.555455	0.15629323	0.04976539	0.00581382
60600	28.55832	0.15629327	0.04976464	0.0063341
60700	28.561185	0.1562933	0.04976373	0.00657969
60800	28.56405	0.15629333	0.04976261	0.00658379
60900	28.566915	0.15629336	0.04976149	0.00637578
61000	28.56978	0.15629338	0.04976057	0.00598137
61100	28.572645	0.1562934	0.04975998	0.00542317
61200	28.57551	0.1562936	0.04975925	0.0049383
61300	28.578375	0.15629409	0.04975861	0.00500367
61400	28.58124	0.15629487	0.0497581	0.00541355
61500	28.584105	0.15629611	0.04975736	0.00572824
61600	28.58697	0.15629723	0.0497564	0.00579345
61700	28.589835	0.15629821	0.04975529	0.00563905
61800	28.5927	0.15629907	0.04975421	0.00529174
61900	28.595565	0.15629983	0.04975338	0.00477491
62000	28.59843	0.15630038	0.04975219	0.00443459
62100	28.601295	0.15630082	0.04975025	0.00473266
62200	28.60416	0.1563012	0.04974923	0.00547862
62300	28.607025	0.15630157	0.04974845	0.00613441
62400	28.60989	0.15630189	0.04974754	0.00650003
62500	28.612755	0.15630217	0.04974641	0.00660963
62600	28.61562	0.15630242	0.04974519	0.00649429
62700	28.618485	0.15630264	0.04974409	0.00618131
62800	28.62135	0.15630284	0.04974328	0.00569468
62900	28.624215	0.15630305	0.04974271	0.0050853
63000	28.62708	0.15630351	0.04974217	0.0049153
63100	28.629945	0.15630418	0.04974162	0.00520815
63200	28.63281	0.15630527	0.04974151	0.00561868
63300	28.635675	0.15630641	0.04974103	0.0057932
63400	28.63854	0.15630741	0.04974034	0.00573489
63500	28.641405	0.15630828	0.04973952	0.00547198
63600	28.64427	0.15630906	0.04973883	0.00502932
63700	28.647135	0.15630969	0.04973815	0.00450991
63800	28.65	0.15631012	0.04973676	0.0045222
63900	28.652865	0.15631051	0.0497352	0.00511485
64000	28.65573	0.15631089	0.04973482	0.00587484
64100	28.658595	0.15631127	0.04973417	0.00636796
64200	28.66146	0.1563116	0.04973334	0.00658966
64300	28.664325	0.15631189	0.0497323	0.00657279
64400	28.66719	0.15631215	0.04973126	0.00634635
64500	28.670055	0.15631238	0.04973043	0.00593575
64600	28.67292	0.15631257	0.04972994	0.00536331
64700	28.675785	0.15631297	0.04972933	0.0049231
64800	28.67865	0.15631363	0.04972884	0.00503207
64900	28.681515	0.15631457	0.04972863	0.00545396
65000	28.68438	0.15631583	0.04972831	0.00574443
65100	28.687245	0.15631695	0.04972774	0.00578788
65200	28.69011	0.15631794	0.04972697	0.00561438
65300	28.692975	0.1563188	0.04972622	0.00525026
65400	28.69584	0.15631956	0.04972569	0.00471868
65500	28.698705	0.15631998	0.04972466	0.00443579
65600	28.70157	0.15632032	0.04972288	0.00478958
65700	28.704435	0.15632058	0.04972209	0.0055521
65800	28.7073	0.15632072	0.04972133	0.00618042
65900	28.710165	0.15632084	0.04972044	0.0065208
66000	28.71303	0.15632095	0.04971933	0.00660821
66100	28.715895	0.15632104	0.04971813	0.00647337
66200	28.71876	0.15632113	0.04971708	0.00614327
66300	28.721625	0.1563212	0.04971632	0.00564158
66400	28.72449	0.15632135	0.04971567	0.00504466
66500	28.727355	0.15632186	0.04971496	0.00492635
66600	28.73022	0.15632263	0.0497142	0.00524977
66700	28.733085	0.15632389	0.04971364	0.00564537
66800	28.73595	0.15632516	0.0497127	0.0057968
66900	28.738815	0.15632628	0.04971159	0.00571819
67000	28.74168	0.15632726	0.04971044	0.00543745
67100	28.744545	0.15632812	0.04970946	0.00497912
67200	28.74741	0.15632879	0.0497085	0.00448324
67300	28.750275	0.15632922	0.04970684	0.00455589
67400	28.75314	0.15632959	0.04970528	0.00518901
67500	28.756005	0.15632985	0.0497047	0.00593353
67600	28.75887	0.15633007	0.0497039	0.00639967
67700	28.761735	0.15633027	0.04970292	0.00659765
67800	28.7646	0.15633044	0.04970176	0.00655994
67900	28.767465	0.15633059	0.04970064	0.00631518
68000	28.77033	0.15633073	0.04969975	0.00588849
68100	28.773195	0.15633084	0.04969922	0.00530192
68200	28.77606	0.15633119	0.04969858	0.00491264
68300	28.778925	0.15633179	0.04969805	0.0050636
68400	28.78179	0.15633276	0.04969784	0.00549264
68500	28.784655	0.15633406	0.04969738	0.00575875
68600	28.78752	0.1563352	0.0496967	0.00578079
68700	28.790385	0.15633621	0.04969584	0.00558848
68800	28.79325	0.15633709	0.04969504	0.00520784
68900	28.796115	0.15633787	0.04969446	0.00466417
69000	28.79898	0.1563384	0.04969328	0.00444295
69100	28.801845	0.15633885	0.04969143	0.00485041
69200	28.80471	0.15633924	0.04969082	0.00562346
69300	28.807575	0.15633965	0.04969016	0.00622363
69400	28.81044	0.15634002	0.04968936	0.00653903
69500	28.813305	0.15634034	0.04968833	0.00660448
69600	28.81617	0.15634062	0.04968723	0.00645035
69700	28.819035	0.15634087	0.04968627	0.00610331
69800	28.8219	0.15634109	0.04968562	0.00558672
69900	28.824765	0.15634138	0.04968505	0.00500938
70000	28.82763	0.15634194	0.04968456	0.00494118
70100	28.830495	0.15634271	0.04968406	0.00529238
70200	28.83336	0.15634388	0.04968392	0.00567005
70300	28.836225	0.15634499	0.04968341	0.00579869
70400	28.83909	0.15634597	0.04968268	0.00570006
70500	28.841955	0.15634684	0.04968188	0.00540172
70600	28.84482	0.15634759	0.04968124	0.00492793
70700	28.847685	0.15634812	0.04968048	0.00446246
70800	28.85055	0.15634843	0.04967895	0.00459485
70900	28.853415	0.15634873	0.04967767	0.00526418
71000	28.85628	0.15634881	0.04967712	0.0059895
71100	28.859145	0.15634887	0.04967636	0.00642921
71200	28.86201	0.15634892	0.04967539	0.00660394
71300	28.864875	0.15634896	0.04967427	0.00654581
71400	28.86774	0.156349	0.04967319	0.00628311
71500	28.870605	0.15634903	0.04967236	0.00584065
71600	28.87347	0.15634906	0.04967188	0.00524022
71700	28.876335	0.15634942	0.04967109	0.00490724
71800	28.8792	0.15635005	0.04967037	0.00509777
71900	28.882065	0.15635108	0.04966997	0.00552851
72000	28.88493	0.15635236	0.04966927	0.00577025
72100	28.887795	0.15635349	0.04966838	0.005771
72200	28.89066	0.15635448	0.04966735	0.00555997
72300	28.893525	0.15635535	0.04966641	0.00516289
72400	28.89639	0.1563561	0.04966567	0.00461515
72500	28.899255	0.15635657	0.04966442	0.00445536
72600	28.90212	0.15635697	0.04966255	0.00491503
72700	28.904985	0.15635718	0.04966195	0.00569301
72800	28.90785	0.15635735	0.04966125	0.00626477
72900	28.910715	0.15635749	0.04966042	0.00655535
73000	28.91358	0.15635762	0.04965936	0.006599
73100	28.916445	0.15635773	0.04965825	0.00642572
73200	28.91931	0.15635783	0.04965731	0.00606184
73300	28.922175	0.15635792	0.04965667	0.00553046
73400	28.92504	0.1563581	0.04965607	0.00497957
73500	28.927905	0.15635857	0.04965556	0.00495983
73600	28.93077	0.15635928	0.04965509	0.00533542
73700	28.933635	0.15636043	0.04965471	0.0056926
73800	28.9365	0.15636149	0.04965402	0.00579876
73900	28.939365	0.15636243	0.04965312	0.00568037
74000	28.94223	0.15636325	0.04965219	0.00536467
74100	28.945095	0.15636397	0.04965146	0.00487563
74200	28.94796	0.15636453	0.04965052	0.00444745
74300	28.950825	0.15636494	0.0496488	0.00463876
74400	28.95369	0.1563654	0.04964764	0.00533962
74500	28.956555	0.15636601	0.04964712	0.00604266
74600	28.95942	0.15636657	0.04964641	0.00645613
74700	28.962285	0.15636705	0.04964547	0.0066078
74800	28.96515	0.15636748	0.04964439	0.0065294
74900	28.968015	0.15636786	0.04964337	0.0062489
75000	28.97088	0.15636819	0.0496426	0.00579079
75100	28.973745	0.15636849	0.04964217	0.00517891
75200	28.97661	0.15636918	0.04964157	0.00490603
75300	28.979475	0.15637007	0.04964105	0.0051345
75400	28.98234	0.15637137	0.049641	0.00556227
75500	28.985205	0.15637285	0.04964066	0.00578015
75600	28.98807	0.15637415	0.04964009	0.00575997
75700	28.990935	0.15637529	0.04963935	0.00553055
75800	28.9938	0.15637629	0.04963869	0.00511731
75900	28.996665	0.15637712	0.04963813	0.00457303
76000	28.99953	0.15637754	0.04963694	0.00447373
76100	29.002395	0.15637792	0.04963524	0.00498278
76200	29.00526	0.15637803	0.04963473	0.00575944
76300	29.008125	0.15637802	0.04963396	0.0063032
76400	29.01099	0.15637801	0.04963305	0.00656936
76500	29.013855	0.156378	0.04963194	0.00659154
76600	29.01672	0.15637799	0.0496308	0.0063994
76700	29.019585	0.15637799	0.04962984	0.00601895
76800	29.02245	0.15637798	0.04962922	0.00547301
76900	29.025315	0.15637813	0.04962848	0.00495508
77000	29.02818	0.1563786	0.0496278	0.00498205
77100	29.031045	0.15637935	0.04962718	0.00537803
77200	29.03391	0.15638053	0.04962642	0.00571282
77300	29.036775	0.15638161	0.04962541	0.00579678
77400	29.03964	0.15638256	0.04962424	0.00565886
77500	29.042505	0.15638339	0.04962309	0.00532601
77600	29.04537	0.15638412	0.04962219	0.0048219
77700	29.048235	0.15638464	0.04962105	0.00443809
77800	29.0511	0.15638503	0.04961916	0.00468747
77900	29.053965	0.15638536	0.04961803	0.0054149
78000	29.05683	0.15638563	0.04961732	0.00609321
78100	29.059695	0.15638586	0.04961646	0.0064807
78200	29.06256	0.15638607	0.04961538	0.00660952
78300	29.065425	0.15638625	0.04961419	0.00651106
78400	29.06829	0.15638641	0.0496131	0.00621293
78500	29.071155	0.15638655	0.04961228	0.00573933
78600	29.07402	0.15638671	0.04961176	0.00512523
78700	29.076885	0.15638715	0.04961115	0.00490919
78800	29.07975	0.15638783	0.04961059	0.00517355
78900	29.082615	0.15638893	0.04961048	0.00559381
79000	29.08548	0.15639013	0.04961002	0.00578817
79100	29.088345	0.1563912	0.04960934	0.00574732
79200	29.09121	0.15639213	0.04960853	0.00549974
79300	29.094075	0.15639295	0.04960782	0.00507055
79400	29.09694	0.15639364	0.04960719	0.00453671
79500	29.099805	0.15639409	0.04960588	0.00449761
79600	29.10267	0.15639451	0.04960421	0.00505309
79700	29.105535	0.15639504	0.04960375	0.00582286
79800	29.1084	0.15639556	0.04960305	0.0063391
79900	29.111265	0.15639602	0.04960219	0.00658112
80000	29.11413	0.15639642	0.04960112	0.0065821
80100	29.116995	0.15639678	0.04960005	0.00637133
80200	29.11986	0.15639709	0.04959916	0.00597451
80300	29.122725	0.15639736	0.04959861	0.00541419
80400	29.12559	0.15639784	0.04959795	0.0049356
80500	29.128455	0.15639861	0.04959741	0.00500765
80600	29.13132	0.15639966	0.04959707	0.00541971
80700	29.134185	0.15640112	0.04959666	0.0057309
80800	29.13705	0.15640242	0.04959599	0.00579293
80900	29.139915	0.15640357	0.04959513	0.00563574
81000	29.14278	0.15640458	0.04959428	0.00528596
81100	29.145645	0.15640546	0.04959365	0.00476698
81200	29.14851	0.15640599	0.04959262	0.00443453
81300	29.151375	0.15640638	0.04959083	0.00474077
81400	29.15424	0.15640653	0.04958998	0.00548944
81500	29.157105	0.15640642	0.04958931	0.00614126
81600	29.15997	0.15640631	0.04958849	0.0065032
81700	29.162835	0.15640621	0.04958744	0.00660956
81800	29.1657	0.15640612	0.0495863	0.00649137
81900	29.168565	0.15640604	0.04958526	0.0061759
82000	29.17143	0.15640598	0.04958451	0.00568706
82100	29.174295	0.15640596	0.04958394	0.00507905
82200	29.17716	0.15640621	0.04958328	0.00491671
82300	29.180025	0.15640671	0.04958256	0.00521415
82400	29.18289	0.15640766	0.0495822	0.00562265
82500	29.185755	0.15640867	0.04958147	0.00579373
82600	29.18862	0.15640957	0.04958055	0.0057324
82700	29.191485	0.15641035	0.04957955	0.00546683
82800	29.19435	0.15641104	0.04957869	0.00502184
82900	29.197215	0.15641163	0.04957789	0.00450551
83000	29.20008	0.15641205	0.04957641	0.00452682
83100	29.202945	0.15641243	0.04957477	0.00512574
83200	29.20581	0.15641284	0.04957422	0.0058837
83300	29.208675	0.15641326	0.04957345	0.00637272
83400	29.21154	0.15641363	0.0495725	0.0065908
83500	29.214405	0.15641395	0.04957137	0.00657076
83600	29.21727	0.15641424	0.04957025	0.00634152
83700	29.220135	0.15641448	0.04956935	0.00592847
83800	29.223	0.1564147	0.0495688	0.00535388
83900	29.225865	0.15641513	0.04956812	0.00492104
84000	29.22873	0.15641581	0.04956757	0.00503659
84100	29.231595	0.1564168	0.04956727	0.00546004
84200	29.23446	0.15641816	0.04956676	0.00574701
84300	29.237325	0.15641936	0.04956602	0.00578737
84400	29.24019	0.15642041	0.04956511	0.00561115
84500	29.243055	0.15642134	0.04956423	0.00524465
84600	29.24592	0.15642216	0.04956359	0.00471098
84700	29.248785	0.15642269	0.04956246	0.00443674
84800	29.25165	0.15642313	0.04956059	0.00479822
84900	29.254515	0.15642349	0.04955989	0.00556246
85000	29.25738	0.15642379	0.04955933	0.00618666
85100	29.260245	0.15642405	0.04955861	0.00652335
85200	29.26311	0.15642428	0.04955765	0.00660751
85300	29.265975	0.15642449	0.0495566	0.00646982
85400	29.26884	0.15642466	0.04955566	0.00613722
85500	29.271705	0.15642482	0.04955502	0.00563333
85600	29.27457	0.15642503	0.04955451	0.00503892
85700	29.277435	0.15642552	0.04955406	0.00492826
85800	29.2803	0.15642623	0.0495536	0.00525611
85900	29.283165	0.15642735	0.04955352	0.00564928
86000	29.28603	0.15642846	0.04955308	0.00579732
86100	29.288895	0.15642944	0.0495524	0.00571574
86200	29.29176	0.15643029	0.04955164	0.00543238
86300	29.294625	0.15643105	0.04955101	0.00497175
86400	29.29749	0.15643161	0.0495503	0.0044799
86500	29.300355	0.15643195	0.04954882	0.00456134
86600	29.30322	0.15643226	0.04954739	0.00520005
86700	29.306085	0.15643237	0.04954677	0.00594194
86800	29.30895	0.15643245	0.04954591	0.00640423
86900	29.311815	0.15643252	0.04954487	0.00659882
87000	29.31468	0.15643258	0.04954367	0.00655813
87100	29.317545	0.15643264	0.04954251	0.00631075
87200	29.32041	0.15643269	0.04954159	0.00588176
87300	29.323275	0.15643273	0.04954103	0.00529317
87400	29.32614	0.156433	0.04954025	0.00491168
87500	29.329005	0.15643355	0.04953954	0.00506844
87600	29.33187	0.15643444	0.04953913	0.00549793
87700	29.334735	0.15643559	0.04953848	0.00576037
87800	29.3376	0.15643661	0.04953763	0.0057792
87900	29.340465	0.15643751	0.04953663	0.00558406
88000	29.34333	0.1564383	0.0495357	0.00520095
88100	29.346195	0.15643899	0.04953501	0.00465617
88200	29.34906	0.15643942	0.04953381	0.00444427
88300	29.351925	0.15643978	0.04953193	0.00485976
88400	29.35479	0.15644008	0.04953124	0.00563402
88500	29.357655	0.15644033	0.04953053	0.00622992
88600	29.36052	0.15644055	0.04952969	0.00654153
88700	29.363385	0.15644075	0.04952862	0.00660366
88800	29.36625	0.15644092	0.04952749	0.00644662
88900	29.369115	0.15644107	0.04952651	0.00609701
89000	29.37198	0.1564412	0.04952584	0.00557817
89100	29.374845	0.15644143	0.04952524	0.00500439
89200	29.37771	0.15644196	0.04952472	0.00494365
89300	29.380575	0.15644272	0.0495242	0.00529888
89400	29.38344	0.15644395	0.04952389	0.00567375
89500	29.386305	0.15644513	0.04952323	0.00579912
89600	29.38917	0.15644616	0.04952237	0.00569761
89700	29.392035	0.15644707	0.04952145	0.00539675
89800	29.3949	0.15644787	0.04952071	0.00492074
89900	29.397765	0.15644849	0.04951984	0.00446015
90000	29.40063	0.15644892	0.0495182	0.00460102
90100	29.403495	0.15644927	0.0495169	0.00527509
90200	29.40636	0.15644941	0.04951651	0.00599726
90300	29.409225	0.15644953	0.04951588	0.00643303
90400	29.41209	0.15644964	0.04951504	0.0066043
90500	29.414955	0.15644973	0.04951402	0.00654313
90600	29.41782	0.15644982	0.04951305	0.00627776
90700	29.420685	0.15644989	0.04951231	0.00583295
90800	29.42355	0.15644995	0.04951191	0.00523046
90900	29.426415	0.15645022	0.04951137	0.00490663
91000	29.42928	0.15645069	0.04951091	0.00510315
91100	29.432145	0.15645148	0.04951089	0.0055339
91200	29.43501	0.15645243	0.04951061	0.0057721
91300	29.437875	0.15645326	0.04951008	0.00576975
91400	29.44074	0.156454	0.04950938	0.005556
91500	29.443605	0.15645465	0.04950873	0.00515653
91600	29.44647	0.1564552	0.04950823	0.00460886
91700	29.449335	0.15645555	0.04950707	0.00445784
91800	29.4522	0.15645588	0.04950531	0.00492484
91900	29.455065	0.15645609	0.04950468	0.00570291
92000	29.45793	0.15645628	0.04950384	0.0062705
92100	29.460795	0.15645645	0.04950288	0.00655747
92200	29.46366	0.1564566	0.04950171	0.00659794
92300	29.466525	0.15645673	0.04950051	0.00642187
92400	29.46939	0.15645685	0.04949948	0.00605554
92500	29.472255	0.15645695	0.04949878	0.00552201
92600	29.47512	0.15645715	0.04949807	0.00497559
92700	29.477985	0.15645763	0.04949743	0.00496287
92800	29.48085	0.15645834	0.04949681	0.00534175
92900	29.483715	0.15645943	0.04949635	0.00569575
93000	29.48658	0.15646045	0.04949559	0.00579863
93100	29.489445	0.15646135	0.04949465	0.00567735
93200	29.49231	0.15646214	0.04949368	0.00535912
93300	29.495175	0.15646283	0.04949291	0.00486785
93400	29.49804	0.15646331	0.04949199	0.00444575
93500	29.500905	0.15646365	0.0494903	0.00464566
93600	29.50377	0.15646391	0.04948915	0.00535071
93700	29.506635	0.15646411	0.04948859	0.00605019
93800	29.5095	0.15646429	0.04948786	0.00645972
93900	29.512365	0.15646444	0.0494869	0.00660792
94000	29.51523	0.15646458	0.0494858	0.00652649
94100	29.518095	0.1564647	0.04948477	0.00624331
94200	29.52096	0.15646481	0.04948399	0.00578285
94300	29.523825	0.15646491	0.04948355	0.00517005
94400	29.52669	0.15646537	0.04948288	0.00490606
94500	29.529555	0.15646606	0.04948227	0.00514024
94600	29.53242	0.15646721	0.04948201	0.00556733
94700	29.535285	0.15646856	0.04948141	0.00578181
94800	29.53815	0.15646975	0.04948059	0.00575864
94900	29.541015	0.15647079	0.04947965	0.0055266
95000	29.54388	0.1564717	0.04947881	0.00511106
95100	29.546745	0.15647249	0.04947809	0.00456779
95200	29.54961	0.15647302	0.04947677	0.00447704
95300	29.552475	0.15647349	0.04947496	0.00499282
95400	29.55534	0.15647402	0.04947458	0.00576869
95500	29.558205	0.15647456	0.04947401	0.00630837
95600	29.56107	0.15647502	0.04947328	0.00657096
95700	29.563935	0.15647544	0.04947232	0.00659001
95800	29.5668	0.1564758	0.04947132	0.00639512
95900	29.569665	0.15647611	0.04947049	0.00601225
96000	29.57253	0.15647639	0.04946997	0.00546419
96100	29.575395	0.15647683	0.04946948	0.00495176
96200	29.57826	0.15647755	0.04946915	0.00498562
96300	29.581125	0.15647855	0.049469	0.00538436
96400	29.58399	0.15648003	0.04946898	0.00571574
96500	29.586855	0.15648136	0.04946865	0.00579642
96600	29.58972	0.15648254	0.04946808	0.00565563
96700	29.592585	0.15648357	0.04946747	0.00532026
96800	29.59545	0.15648448	0.04946703	0.00481394
96900	29.598315	0.15648507	0.04946621	0.00443726
97000	29.60118	0.15648549	0.04946455	0.00469509
97100	29.604045	0.15648572	0.04946356	0.00542597
97200	29.60691	0.15648563	0.04946273	0.00610044
97300	29.609775	0.15648554	0.04946175	0.00648413
97400	29.61264	0.15648546	0.04946056	0.00660962
97500	29.615505	0.15648539	0.04945928	0.00650822
97600	29.61837	0.15648532	0.04945811	0.00620752
97700	29.621235	0.15648527	0.04945722	0.00573165
97800	29.6241	0.15648523	0.04945661	0.00511796
97900	29.626965	0.15648542	0.04945577	0.00491002
98000	29.62983	0.15648582	0.04945493	0.00517944
98100	29.632695	0.15648662	0.04945444	0.00559823
98200	29.63556	0.1564875	0.04945359	0.00578921
98300	29.638425	0.15648828	0.04945256	0.00574537
98400	29.64129	0.15648896	0.04945145	0.00549517
98500	29.644155	0.15648956	0.04945048	0.00506367
98600	29.64702	0.15649008	0.04944963	0.00453191
98700	29.649885	0.15649043	0.04944822	0.00450159
98800	29.65275	0.15649076	0.04944648	0.00506353
98900	29.655615	0.15649107	0.04944595	0.00583182
99000	29.65848	0.1564914	0.04944522	0.00634396
99100	29.661345	0.1564917	0.04944433	0.00658239
99200	29.66421	0.15649196	0.04944324	0.00658021
99300	29.667075	0.15649218	0.04944214	0.00636667
99400	29.66994	0.15649238	0.04944125	0.00596742
99500	29.672805	0.15649256	0.04944068	0.00540495
99600	29.67567	0.15649291	0.04944	0.0049329
99700	29.678535	0.15649353	0.04943943	0.00501173
99800	29.6814	0.15649442	0.04943905	0.00542597
99900	29.684265	0.15649574	0.04943852	0.00573369
100000	29.68713	0.15649691	0.04943775	0.00579257
100100	29.689995	0.15649794	0.0494368	0.00563261
100200	29.69286	0.15649884	0.04943588	0.0052804
100300	29.695725	0.15649963	0.04943518	0.00475928
100400	29.69859	0.15650019	0.04943412	0.00443469
100500	29.701455	0.15650063	0.04943228	0.00474891
100600	29.70432	0.15650103	0.04943147	0.00550006
100700	29.707185	0.15650139	0.04943101	0.0061479
100800	29.71005	0.15650171	0.04943038	0.00650613
100900	29.712915	0.15650199	0.04942951	0.00660923
101000	29.71578	0.15650224	0.04942851	0.00648818
101100	29.718645	0.15650245	0.04942761	0.00617019
101200	29.72151	0.15650265	0.04942698	0.00567915
101300	29.724375	0.15650288	0.04942654	0.00507274
101400	29.72724	0.15650338	0.04942614	0.0049182
101500	29.730105	0.1565041	0.04942573	0.00522034
101600	29.73297	0.15650531	0.04942575	0.00562677
101700	29.735835	0.15650656	0.0494254	0.0057944
101800	29.7387	0.15650765	0.0494248	0.00573003
101900	29.741565	0.15650862	0.04942408	0.00546179
102000	29.74443	0.15650946	0.04942347	0.00501445
102100	29.747295	0.15651015	0.04942281	0.00450134
102200	29.75016	0.15651059	0.04942138	0.00453159
102300	29.753025	0.15651098	0.04941983	0.0051367
102400	29.75589	0.15651103	0.04941911	0.00589253
102500	29.758755	0.15651105	0.04941809	0.00637759
102600	29.76162	0.15651107	0.04941693	0.00659219
102700	29.764485	0.15651109	0.04941561	0.00656909
102800	29.76735	0.1565111	0.04941434	0.00633717
102900	29.770215	0.15651111	0.0494133	0.00592176
103000	29.77308	0.15651113	0.04941262	0.00534509
103100	29.775945	0.15651124	0.04941178	0.00491941
103200	29.77881	0.1565116	0.04941103	0.00504109
103300	29.781675	0.15651222	0.04941056	0.0054657
103400	29.78454	0.15651311	0.0494099	0.00574906
103500	29.787405	0.1565139	0.04940903	0.00578625
103600	29.79027	0.15651459	0.049408	0.00560723
103700	29.793135	0.1565152	0.04940703	0.00523828
103800	29.796	0.15651574	0.04940631	0.00470249
103900	29.798865	0.15651611	0.04940518	0.00443747
104000	29.80173	0.15651642	0.04940331	0.00480703
104100	29.804595	0.15651675	0.04940256	0.00557311
104200	29.80746	0.15651714	0.04940193	0.00619311
104300	29.810325	0.15651749	0.04940115	0.006526
104400	29.81319	0.1565178	0.04940015	0.00660682
104500	29.816055	0.15651807	0.04939905	0.0064662
104600	29.81892	0.1565183	0.04939809	0.00613101
104700	29.821785	0.15651851	0.04939741	0.00562486
104800	29.82465	0.1565188	0.04939686	0.0050331
104900	29.827515	0.1565194	0.04939634	0.00493018
105000	29.83038	0.15652024	0.04939577	0.0052625
105100	29.833245	0.15652161	0.04939551	0.0056533
105200	29.83611	0.15652298	0.04939488	0.00579808
105300	29.838975	0.15652417	0.04939404	0.00571364
105400	29.84184	0.15652523	0.04939313	0.00542777
105500	29.844705	0.15652615	0.04939238	0.00496494
105600	29.84757	0.15652689	0.04939157	0.00447704
105700	29.850435	0.15652739	0.04939001	0.00456692
105800	29.8533	0.15652784	0.04938858	0.00521081
105900	29.856165	0.15652812	0.04938828	0.00594995
106000	29.85903	0.15652837	0.04938772	0.00640832
106100	29.861895	0.15652858	0.04938695	0.00659946
106200	29.86476	0.15652877	0.04938598	0.00655573
106300	29.867625	0.15652894	0.04938504	0.0063057
106400	29.87049	0.15652909	0.0493843	0.00587437
106500	29.873355	0.15652922	0.04938391	0.00528371
106600	29.87622	0.15652954	0.04938343	0.00491056
106700	29.879085	0.1565301	0.04938308	0.00507348
106800	29.88195	0.15653099	0.04938312	0.00550356
106900	29.884815	0.15653213	0.04938295	0.0057624
107000	29.88768	0.15653314	0.04938252	0.00577809
107100	29.890545	0.15653403	0.04938189	0.00558018
107200	29.89341	0.15653481	0.04938129	0.00519464
107300	29.896275	0.15653549	0.04938087	0.00464895
107400	29.89914	0.15653594	0.04937973	0.00444599
107500	29.902005	0.15653632	0.04937793	0.00486916
107600	29.90487	0.15653657	0.04937714	0.00564433
107700	29.907735	0.15653678	0.04937605	0.00623599
107800	29.9106	0.15653696	0.04937487	0.00654393
107900	29.913465	0.15653712	0.04937351	0.00660284
108000	29.91633	0.15653726	0.04937212	0.00644296
108100	29.919195	0.15653738	0.04937091	0.00609085
108200	29.92206	0.15653749	0.04937004	0.00556983
108300	29.924925	0.15653767	0.04936922	0.0049997
108400	29.92779	0.15653812	0.04936843	0.00494623
108500	29.930655	0.15653879	0.04936765	0.00530525
108600	29.93352	0.15653982	0.04936709	0.00567723
108700	29.936385	0.1565408	0.04936621	0.00579933
108800	29.93925	0.15654166	0.04936515	0.00569495
108900	29.942115	0.15654242	0.04936406	0.00539156
109000	29.94498	0.15654308	0.04936318	0.00491333
109100	29.947845	0.15654355	0.04936225	0.00445787
109200	29.95071	0.15654384	0.04936062	0.00460732
109300	29.953575	0.15654409	0.04935935	0.00528611
109400	29.95644	0.15654424	0.04935889	0.00600503
109500	29.959305	0.15654439	0.04935823	0.00643682
109600	29.96217	0.15654451	0.04935736	0.00660458
109700	29.965035	0.15654462	0.04935632	0.00654033
109800	29.9679	0.15654472	0.04935533	0.00627226
109900	29.970765	0.15654481	0.04935458	0.00582507
110000	29.97363	0.15654488	0.04935417	0.00522049
110100	29.976495	0.15654533	0.0493535	0.00490598
110200	29.97936	0.15654603	0.04935289	0.00510853
110300	29.982225	0.1565472	0.04935261	0.00553929
110400	29.98509	0.15654866	0.04935196	0.00577414
110500	29.987955	0.15654995	0.0493511	0.00576885
110600	29.99082	0.15655108	0.04935012	0.00555252
110700	29.993685	0.15655207	0.04934922	0.00515078
110800	29.99655	0.15655294	0.0493485	0.00460323
110900	29.999415	0.15655353	0.04934717	0.00446058
111000	30.00228	0.15655402	0.04934529	0.00493443
111100	30.005145	0.15655446	0.04934466	0.00571233
111200	30.00801	0.15655486	0.04934387	0.0062757
111300	30.010875	0.15655522	0.04934296	0.00655898
111400	30.01374	0.15655553	0.04934183	0.00659621
111500	30.016605	0.15655581	0.04934067	0.0064173
111600	30.01947	0.15655605	0.04933968	0.00604847
111700	30.022335	0.15655626	0.04933902	0.00551274
111800	30.0252	0.15655657	0.04933836	0.00497124
111900	30.028065	0.15655712	0.04933783	0.004966
112000	30.03093	0.15655787	0.04933736	0.00534847
112100	30.033795	0.15655917	0.04933703	0.00569934
112200	30.03666	0.15656037	0.04933639	0.00579901
112300	30.039525	0.15656143	0.04933555	0.00567491
112400	30.04239	0.15656236	0.04933468	0.0053542
112500	30.045255	0.15656317	0.049334	0.00486075
112600	30.04812	0.1565638	0.0493331	0.00444455
112700	30.050985	0.15656426	0.04933141	0.00465265
112800	30.05385	0.15656464	0.04933027	0.00536154
112900	30.056715	0.15656499	0.04932963	0.00605743
113000	30.05958	0.15656531	0.04932879	0.00646319
113100	30.062445	0.15656558	0.04932776	0.00660808
113200	30.06531	0.15656583	0.04932658	0.00652372
113300	30.068175	0.15656604	0.04932549	0.00623799
113400	30.07104	0.15656623	0.04932467	0.00577529
113500	30.073905	0.15656641	0.04932417	0.00516184
113600	30.07677	0.15656684	0.04932342	0.00490638
113700	30.079635	0.15656747	0.0493227	0.00514594
113800	30.0825	0.15656848	0.04932237	0.00557208
113900	30.085365	0.15656962	0.0493217	0.00578309
114000	30.08823	0.15657063	0.04932083	0.00575687
114100	30.091095	0.15657151	0.04931984	0.00552214
114200	30.09396	0.15657228	0.04931896	0.00510425
114300	30.096825	0.15657293	0.04931822	0.00456223
114400	30.09969	0.15657329	0.04931691	0.00448035
114500	30.102555	0.15657361	0.04931515	0.00500307
114600	30.10542	0.1565738	0.04931465	0.00577812
114700	30.108285	0.15657397	0.04931395	0.00631359
114800	30.11115	0.15657411	0.0493131	0.00657248
114900	30.114015	0.15657424	0.04931203	0.00658829
115000	30.11688	0.15657436	0.04931094	0.00639054
115100	30.119745	0.15657445	0.04931003	0.00600517
115200	30.12261	0.15657454	0.04930945	0.0054549
115300	30.125475	0.15657482	0.0493088	0.00494825
115400	30.12834	0.15657541	0.04930825	0.00498922
115500	30.131205	0.1565763	0.04930783	0.00539085
115600	30.13407	0.15657769	0.04930735	0.00571894
115700	30.136935	0.15657895	0.0493066	0.00579651
115800	30.1398	0.15658006	0.04930566	0.00565299
115900	30.142665	0.15658104	0.04930472	0.00531522
116000	30.14553	0.1565819	0.04930401	0.00480678
116100	30.148395	0.15658253	0.04930299	0.00443689
116200	30.15126	0.156583	0.04930119	0.00470266
116300	30.154125	0.15658342	0.04930029	0.00543657
116400	30.15699	0.15658377	0.04929995	0.00610723
116500	30.159855	0.15658408	0.04929941	0.00648721
116600	30.16272	0.15658435	0.04929863	0.00660943
116700	30.165585	0.15658459	0.04929769	0.00650516
116800	30.16845	0.1565848	0.04929683	0.00620193
116900	30.171315	0.15658499	0.04929622	0.00572385
117000	30.17418	0.15658519	0.04929587	0.0051108
117100	30.177045	0.15658565	0.04929554	0.00491097
117200	30.17991	0.15658633	0.04929523	0.00518546
117300	30.182775	0.15658745	0.04929543	0.00560266
117400	30.18564	0.15658867	0.04929532	0.00579011
117500	30.188505	0.15658973	0.04929493	0.00574316
117600	30.19137	0.15659067	0.04929439	0.00549023
117700	30.194235	0.15659149	0.04929392	0.00505635
117800	30.1971	0.15659218	0.04929342	0.00452696
117900	30.199965	0.15659263	0.04929214	0.00450569
118000	30.20283	0.15659303	0.04929055	0.00507434
118100	30.205695	0.15659324	0.04928979	0.00584107
118200	30.20856	0.15659344	0.04928868	0.00634915
118300	30.211425	0.15659362	0.04928746	0.00658401
118400	30.21429	0.15659377	0.04928607	0.00657869
118500	30.217155	0.1565939	0.04928472	0.0063624
118600	30.22002	0.15659402	0.0492836	0.00596072
118700	30.222885	0.15659413	0.04928284	0.00539613
118800	30.22575	0.15659437	0.04928191	0.00493057
118900	30.228615	0.15659487	0.0492811	0.00501586
119000	30.23148	0.15659562	0.04928049	0.00543198
119100	30.234345	0.15659664	0.04927974	0.00573614
119200	30.23721	0.15659755	0.04927878	0.00579183
119300	30.240075	0.15659835	0.04927767	0.00562906
119400	30.24294	0.15659906	0.04927661	0.00527439
119500	30.245805	0.15659968	0.04927579	0.0047511
119600	30.24867	0.15660003	0.04927472	0.00443479
119700	30.251535	0.15660031	0.04927288	0.00475721
119800	30.2544	0.15660052	0.04927206	0.00551088
119900	30.257265	0.15660067	0.04927153	0.00615458
120000	30.26013	0.15660081	0.04927085	0.00650893
120100	30.262995	0.15660093	0.04926992	0.00660862
120200	30.26586	0.15660103	0.04926889	0.00648457
120300	30.268725	0.15660113	0.04926795	0.00616395
120400	30.27159	0.15660121	0.0492673	0.00567059
120500	30.274455	0.15660137	0.0492668	0.00506593
120600	30.27732	0.15660188	0.04926623	0.00491951
120700	30.280185	0.15660265	0.04926562	0.00522665
120800	30.28305	0.15660396	0.04926528	0.0056312
120900	30.285915	0.15660532	0.04926453	0.0057956
121000	30.28878	0.15660651	0.04926358	0.0057284
121100	30.291645	0.15660755	0.04926256	0.00545768
121200	30.29451	0.15660847	0.0492617	0.00500815
121300	30.297375	0.15660922	0.04926083	0.00449805
121400	30.30024	0.15660972	0.04925925	0.00453658
121500	30.303105	0.15661016	0.04925761	0.00514718
121600	30.30597	0.15661048	0.04925703	0.00590067
121700	30.308835	0.15661075	0.04925619	0.00638171
121800	30.3117	0.15661099	0.04925519	0.00659279
121900	30.314565	0.15661121	0.04925401	0.00656659
122000	30.31743	0.15661139	0.04925285	0.00633194
122100	30.320295	0.15661156	0.04925193	0.00591413
122200	30.32316	0.1566117	0.04925135	0.00533536
122300	30.326025	0.15661202	0.04925067	0.00491749
122400	30.32889	0.15661255	0.04925011	0.00504582
122500	30.331755	0.15661341	0.04924985	0.00547184
122600	30.33462	0.15661464	0.04924936	0.00575163
122700	30.337485	0.15661573	0.04924864	0.00578567
122800	30.34035	0.15661668	0.04924775	0.00560388
122900	30.343215	0.15661752	0.0492469	0.0052325
123000	30.34608	0.15661826	0.04924629	0.00469473
123100	30.348945	0.15661879	0.0492451	0.0044386
123200	30.35181	0.15661923	0.04924323	0.0048159
123300	30.354675	0.15661958	0.04924244	0.00558351
123400	30.35754	0.15661994	0.04924161	0.00619938
123500	30.360405	0.15662025	0.04924066	0.00652862
123600	30.36327	0.15662053	0.04923949	0.00660625
123700	30.366135	0.15662078	0.04923826	0.00646281
123800	30.369	0.15662099	0.04923718	0.00612516
123900	30.371865	0.15662118	0.04923641	0.00561683
124000	30.37473	0.15662141	0.04923575	0.00502788
124100	30.377595	0.1566219	0.04923513	0.00493235
124200	30.38046	0.15662257	0.04923448	0.00526882
124300	30.383325	0.15662364	0.04923416	0.00565696
124400	30.38619	0.15662467	0.04923349	0.00579836
124500	30.389055	0.15662559	0.04923261	0.00571093
124600	30.39192	0.15662639	0.04923167	0.00542244
124700	30.394785	0.15662709	0.0492309	0.00495731
124800	30.39765	0.1566276	0.04923008	0.00447379
124900	30.400515	0.1566279	0.04922852	0.00457255
125000	30.40338	0.1566282	0.0492271	0.0052219
125100	30.406245	0.15662839	0.04922655	0.00595824
125200	30.40911	0.15662856	0.04922578	0.00641255
125300	30.411975	0.15662871	0.04922482	0.00660011
125400	30.41484	0.15662884	0.04922369	0.00655326
125500	30.417705	0.15662896	0.0492226	0.00630046
125600	30.42057	0.15662906	0.04922174	0.00586671
125700	30.423435	0.15662915	0.04922124	0.00527393
125800	30.4263	0.15662958	0.04922052	0.00490932
125900	30.429165	0.15663026	0.04921991	0.00507851
126000	30.43203	0.15663136	0.0492196	0.00550923
126100	30.434895	0.15663278	0.04921893	0.00576466
126200	30.43776	0.15663403	0.04921805	0.00577737
126300	30.440625	0.15663513	0.04921704	0.00557685
126400	30.44349	0.1566361	0.0492161	0.00518901
126500	30.446355	0.15663694	0.04921539	0.00464255
126600	30.44922	0.15663752	0.04921405	0.00444805
126700	30.452085	0.15663799	0.04921212	0.00487838
126800	30.45495	0.1566384	0.04921139	0.0056541
126900	30.457815	0.15663876	0.04921055	0.00624158
127000	30.46068	0.15663908	0.0492096	0.00654586
127100	30.463545	0.15663936	0.04920843	0.00660154
127200	30.46641	0.1566396	0.04920722	0.00643884
127300	30.469275	0.15663982	0.04920617	0.00608425
127400	30.47214	0.15664001	0.04920544	0.00556104
127500	30.475005	0.15664027	0.04920478	0.00499491
127600	30.47787	0.15664078	0.04920424	0.00494893
127700	30.480735	0.15664149	0.04920371	0.00531187
127800	30.4836	0.15664271	0.04920345	0.00568088
127900	30.486465	0.15664388	0.04920285	0.00579962
128000	30.48933	0.1566449	0.04920204	0.00569228
128100	30.492195	0.1566458	0.04920118	0.00538629
128200	30.49506	0.1566466	0.0492005	0.00490578
128300	30.497925	0.15664721	0.04919966	0.00445562
128400	30.50079	0.15664765	0.04919805	0.00461372
128500	30.503655	0.15664799	0.0491968	0.00529722
128600	30.50652	0.1566482	0.04919621	0.00601287
128700	30.509385	0.15664839	0.04919541	0.00644081
128800	30.51225	0.15664856	0.04919442	0.00660519
128900	30.515115	0.1566487	0.04919326	0.00653797
129000	30.51798	0.15664883	0.04919218	0.00626729
129100	30.520845	0.15664894	0.04919134	0.00581781
129200	30.52371	0.15664904	0.04919087	0.0052113
129300	30.526575	0.15664935	0.04919011	0.00490578
129400	30.52944	0.15664989	0.04918944	0.00511393
129500	30.532305	0.15665072	0.04918913	0.00554428
129600	30.53517	0.15665169	0.0491885	0.00577559
129700	30.538035	0.15665254	0.04918767	0.00576719
129800	30.5409	0.15665329	0.0491867	0.00554812
129900	30.543765	0.15665394	0.04918582	0.00514399
130000	30.54663	0.1566545	0.04918512	0.00459678
130100	30.549495	0.15665479	0.04918386	0.00446312
130200	30.55236	0.15665508	0.04918202	0.00494434
130300	30.555225	0.15665526	0.04918146	0.00572217
130400	30.55809	0.15665541	0.04918074	0.00628139
130500	30.560955	0.15665555	0.04917989	0.00656103
130600	30.56382	0.15665567	0.04917882	0.00659507
130700	30.566685	0.15665578	0.0491777	0.00641334
130800	30.56955	0.15665587	0.04917676	0.00604204
130900	30.572415	0.15665595	0.04917614	0.00550414
131000	30.57528	0.15665619	0.0491755	0.00496737
131100	30.578145	0.15665674	0.04917501	0.00496913
131200	30.58101	0.15665756	0.04917459	0.00535478
131300	30.583875	0.15665887	0.04917422	0.00570247
131400	30.58674	0.15666009	0.04917352	0.00579894
131500	30.589605	0.15666115	0.04917264	0.00567203
131600	30.59247	0.15666209	0.04917173	0.00534885
131700	30.595335	0.15666292	0.04917102	0.00485323
131800	30.5982	0.15666353	0.04917003	0.00444325
131900	30.601065	0.15666399	0.04916826	0.00465971
132000	30.60393	0.15666439	0.0491671	0.00537246
132100	30.606795	0.15666476	0.0491664	0.0060647
132200	30.60966	0.15666508	0.04916552	0.00646657
132300	30.612525	0.15666537	0.04916443	0.00660803
132400	30.61539	0.15666561	0.04916322	0.00652068
132500	30.618255	0.15666583	0.0491621	0.0062323
132600	30.62112	0.15666603	0.04916125	0.00576727
132700	30.623985	0.15666621	0.04916073	0.00515339
132800	30.62685	0.15666667	0.04916003	0.00490666
132900	30.629715	0.15666731	0.04915938	0.00515184
133000	30.63258	0.15666839	0.04915913	0.00557707
133100	30.635445	0.15666963	0.04915853	0.00578462
133200	30.63831	0.15667072	0.04915773	0.00575535
133300	30.641175	0.15667168	0.0491568	0.00551795
133400	30.64404	0.15667252	0.04915597	0.0050977
133500	30.646905	0.15667324	0.04915525	0.00455706
133600	30.64977	0.15667374	0.04915391	0.00448386
133700	30.652635	0.15667418	0.04915214	0.00501334
133800	30.6555	0.15667467	0.04915146	0.00578738
133900	30.658365	0.15667517	0.04915054	0.00631877
134000	30.66123	0.15667561	0.04914949	0.0065741
134100	30.664095	0.15667599	0.04914824	0.00658677
134200	30.66696	0.15667633	0.049147	0.00638627
134300	30.669825	0.15667662	0.04914596	0.00599848
134400	30.67269	0.15667689	0.04914527	0.00544609
134500	30.675555	0.15667731	0.04914447	0.00494519
134600	30.67842	0.156678	0.04914378	0.00499293
134700	30.681285	0.15667896	0.04914322	0.0053971
134800	30.68415	0.15668033	0.0491426	0.00572176
134900	30.687015	0.15668157	0.04914174	0.00579614
135000	30.68988	0.15668265	0.0491407	0.00564981
135100	30.692745	0.15668361	0.04913968	0.00530957
135200	30.69561	0.15668444	0.04913889	0.00479897
135300	30.698475	0.15668494	0.04913786	0.00443638
135400	30.70134	0.1566853	0.04913606	0.00471042
135500	30.704205	0.15668554	0.04913511	0.00544746
135600	30.70707	0.15668564	0.04913454	0.00611413
135700	30.709935	0.15668571	0.0491338	0.00649017
135800	30.7128	0.15668577	0.04913284	0.00660893
135900	30.715665	0.15668583	0.04913175	0.00650163
136000	30.71853	0.15668588	0.04913076	0.00619572
136100	30.721395	0.15668592	0.04913003	0.0057153
136200	30.72426	0.15668602	0.04912954	0.00510303
136300	30.727125	0.15668647	0.04912892	0.0049117
136400	30.72999	0.15668717	0.0491283	0.00519163
136500	30.732855	0.15668836	0.04912805	0.00560747
136600	30.73572	0.15668964	0.04912742	0.00579167
136700	30.738585	0.15669077	0.04912657	0.00574188
136800	30.74145	0.15669176	0.04912562	0.00548644
136900	30.744315	0.15669263	0.04912481	0.00505035
137000	30.74718	0.15669336	0.04912404	0.00452313
137100	30.750045	0.15669384	0.0491226	0.00451008
137200	30.75291	0.15669426	0.0491209	0.0050846
137300	30.755775	0.15669438	0.04912055	0.00584951
137400	30.75864	0.15669447	0.04911996	0.00635361
137500	30.761505	0.15669454	0.04911919	0.00658497
137600	30.76437	0.15669461	0.0491182	0.00657658
137700	30.767235	0.15669466	0.0491172	0.00635758
137800	30.7701	0.15669471	0.04911639	0.00595353
137900	30.772965	0.15669476	0.04911591	0.00538685
138000	30.77583	0.15669491	0.04911542	0.00492814
138100	30.778695	0.1566953	0.04911506	0.00502014
138200	30.78156	0.15669594	0.04911498	0.00543819
138300	30.784425	0.1566969	0.04911487	0.0057388
138400	30.78729	0.15669776	0.04911448	0.00579128
138500	30.790155	0.15669852	0.04911388	0.0056257
138600	30.79302	0.15669918	0.04911325	0.00526856
138700	30.795885	0.15669976	0.04911283	0.00474309
138800	30.79875	0.1567002	0.04911187	0.00443511
138900	30.801615	0.15670057	0.04911012	0.00476559
139000	30.80448	0.156701	0.04910924	0.0055216
139100	30.807345	0.1567016	0.04910831	0.00616123
139200	30.81021	0.15670213	0.04910726	0.00651187
139300	30.813075	0.1567026	0.04910601	0.0066083
139400	30.81594	0.15670302	0.04910469	0.00648139
139500	30.818805	0.15670338	0.04910351	0.00615825
139600	30.82167	0.1567037	0.04910264	0.00566268
139700	30.824535	0.15670409	0.04910191	0.00505989
139800	30.8274	0.15670484	0.04910109	0.00492113
139900	30.830265	0.15670582	0.04910024	0.00523281
140000	30.83313	0.15670738	0.04909968	0.00563518
140100	30.835995	0.15670898	0.04909874	0.00579619
140200	30.83886	0.1567104	0.04909762	0.005726
140300	30.841725	0.15671164	0.04909645	0.00545266
140400	30.84459	0.15671273	0.04909546	0.00500083
140500	30.847455	0.15671359	0.04909452	0.00449419
140600	30.85032	0.15671411	0.04909294	0.00454157
140700	30.853185	0.15671452	0.04909135	0.00515808
140800	30.85605	0.15671472	0.04909083	0.00590927
140900	30.858915	0.15671488	0.0490901	0.0063863
141000	30.86178	0.15671501	0.04908918	0.00659385
141100	30.864645	0.15671513	0.04908808	0.00656455
141200	30.86751	0.15671523	0.049087	0.00632718
141300	30.870375	0.15671532	0.04908614	0.00590698
141400	30.87324	0.1567154	0.04908562	0.00532611
141500	30.876105	0.1567157	0.04908495	0.00491578
141600	30.87897	0.15671625	0.04908439	0.0050504
141700	30.881835	0.15671713	0.04908413	0.00547758
141800	30.8847	0.15671833	0.04908362	0.0057539
141900	30.887565	0.15671939	0.04908288	0.00578488
142000	30.89043	0.15672033	0.04908197	0.00560042
142100	30.893295	0.15672115	0.04908111	0.00522669
142200	30.89616	0.15672187	0.04908049	0.00468714
142300	30.899025	0.15672235	0.0490793	0.00443984
142400	30.90189	0.15672276	0.04907742	0.00482476
142500	30.904755	0.15672311	0.0490768	0.00559377
142600	30.90762	0.15672344	0.04907624	0.00620544
142700	30.910485	0.15672372	0.04907553	0.00653097
142800	30.91335	0.15672397	0.04907457	0.00660532
142900	30.916215	0.15672419	0.04907353	0.00645901
143000	30.91908	0.15672438	0.04907262	0.00611884
143100	30.921945	0.15672455	0.04907199	0.00560829
143200	30.92481	0.15672478	0.0490715	0.00502238
143300	30.927675	0.15672529	0.04907112	0.00493451
143400	30.93054	0.15672602	0.04907072	0.00527529
143500	30.933405	0.15672729	0.04907068	0.00566088
143600	30.93627	0.15672854	0.04907028	0.00579898
143700	30.939135	0.15672963	0.04906964	0.00570866
143800	30.942	0.1567306	0.0490689	0.00541763
143900	30.944865	0.15673144	0.04906832	0.00495026
144000	30.94773	0.15673213	0.04906758	0.00447108
144100	30.950595	0.15673261	0.04906603	0.00457837
144200	30.95346	0.15673298	0.04906463	0.00523283
144300	30.956325	0.15673308	0.04906384	0.00596623
144400	30.95919	0.15673318	0.0490628	0.00641662
144500	30.962055	0.15673326	0.0490616	0.00660074
144600	30.96492	0.15673333	0.04906025	0.00655086
144700	30.967785	0.15673339	0.04905898	0.00629541
144800	30.97065	0.15673344	0.04905797	0.00585932
144900	30.973515	0.15673349	0.04905734	0.00526449
145000	30.97638	0.15673366	0.04905646	0.0049084
145100	30.979245	0.15673403	0.04905567	0.00508361
145200	30.98211	0.15673466	0.04905523	0.00551468
145300	30.984975	0.15673542	0.04905451	0.00576654
145400	30.98784	0.1567361	0.0490536	0.00577614
145500	30.990705	0.15673669	0.04905255	0.00557288
145600	30.99357	0.15673721	0.04905159	0.00518263
145700	30.996435	0.15673767	0.04905086	0.00463558
145800	30.9993	0.15673794	0.04904965	0.00444997
145900	31.002165	0.1567382	0.04904779	0.00488786
146000	31.00503	0.15673846	0.04904717	0.00566421
146100	31.007895	0.15673877	0.04904652	0.00624748
146200	31.01076	0.15673904	0.04904572	0.00654807
146300	31.013625	0.15673928	0.0490447	0.00660052
146400	31.01649	0.15673949	0.04904361	0.00643497
146500	31.019355	0.15673968	0.04904267	0.00607788
146600	31.02222	0.15673984	0.04904205	0.00555247
146700	31.025085	0.15674015	0.04904142	0.00499032
146800	31.02795	0.15674083	0.04904085	0.00495164
146900	31.030815	0.15674179	0.04904028	0.00531831
147000	31.03368	0.15674334	0.0490398	0.00568436
147100	31.036545	0.15674482	0.049039	0.00579985
147200	31.03941	0.15674611	0.049038	0.00568965
147300	31.042275	0.15674725	0.04903698	0.00538115
147400	31.04514	0.15674825	0.04903616	0.00489844
147500	31.048005	0.156749	0.04903518	0.00445358
147600	31.05087	0.15674952	0.04903344	0.00462014
147700	31.053735	0.15674995	0.04903216	0.00530812
147800	31.0566	0.15675019	0.04903162	0.00602053
147900	31.059465	0.15675039	0.04903088	0.00644468
148000	31.06233	0.15675057	0.04902993	0.00660572
148100	31.065195	0.15675072	0.04902882	0.00653557
148200	31.06806	0.15675086	0.04902777	0.00626231
148300	31.070925	0.15675098	0.04902698	0.00581057
148400	31.07379	0.15675108	0.04902653	0.00520236
148500	31.076655	0.15675141	0.04902597	0.00490572
148600	31.07952	0.15675194	0.04902551	0.00511938
148700	31.082385	0.15675285	0.04902549	0.0055492
148800	31.08525	0.15675397	0.04902518	0.00577691
148900	31.088115	0.15675495	0.04902463	0.00576535
149000	31.09098	0.15675581	0.04902392	0.00554351
149100	31.093845	0.15675657	0.04902326	0.00513693
149200	31.09671	0.15675723	0.04902272	0.00459028
149300	31.099575	0.15675768	0.0490215	0.00446574
149400	31.10244	0.15675808	0.04901973	0.00495445
149500	31.105305	0.15675839	0.04901901	0.00573217
149600	31.10817	0.15675872	0.04901797	0.00628728
149700	31.111035	0.15675901	0.04901682	0.00656335
149800	31.1139	0.15675927	0.04901549	0.00659425
149900	31.116765	0.15675949	0.04901416	0.00640977
150000	31.11963	0.15675968	0.04901303	0.00603605
150100	31.122495	0.15675986	0.04901224	0.00549603
150200	31.12536	0.15676015	0.04901137	0.00496402
150300	31.128225	0.15676073	0.04901061	0.00497244
150400	31.13109	0.15676156	0.04900991	0.0053609
150500	31.133955	0.15676277	0.04900923	0.0057052
150600	31.13682	0.15676388	0.04900827	0.00579834
150700	31.139685	0.15676486	0.04900715	0.00566849
150800	31.14255	0.15676571	0.04900604	0.00534273
150900	31.145415	0.15676647	0.04900515	0.00484485
151000	31.14828	0.15676696	0.04900413	0.00444164
151100	31.151145	0.15676727	0.04900236	0.00466692
151200	31.15401	0.15676749	0.04900128	0.00538377
151300	31.156875	0.15676757	0.04900084	0.00607237
151400	31.15974	0.15676763	0.04900021	0.00647036
151500	31.162605	0.15676768	0.04899935	0.00660842
151600	31.16547	0.15676773	0.04899834	0.00651807
151700	31.168335	0.15676777	0.0489974	0.00622706
151800	31.1712	0.1567678	0.04899671	0.00575972
151900	31.174065	0.15676786	0.04899632	0.00514547
152000	31.17693	0.15676828	0.04899573	0.00490707
152100	31.179795	0.15676897	0.0489952	0.00515751
152200	31.18266	0.15677011	0.0489951	0.00558166
152300	31.185525	0.15677142	0.04899467	0.00578579
152400	31.18839	0.15677256	0.04899402	0.00575352
152500	31.191255	0.15677357	0.04899322	0.00551348
152600	31.19412	0.15677446	0.04899252	0.00509091
152700	31.196985	0.15677521	0.04899191	0.00455174
152800	31.19985	0.15677571	0.04899064	0.00448736
152900	31.202715	0.15677614	0.0489889	0.00502359
153000	31.20558	0.15677649	0.04898848	0.00579664
153100	31.208445	0.15677679	0.04898782	0.00632408
153200	31.21131	0.15677707	0.048987	0.00657593
153300	31.214175	0.1567773	0.04898597	0.00658555
153400	31.21704	0.15677751	0.04898491	0.00638237
153500	31.219905	0.1567777	0.04898404	0.00599222
153600	31.22277	0.15677786	0.04898349	0.00543776
153700	31.225635	0.15677816	0.0489829	0.00494262
153800	31.2285	0.1567787	0.04898244	0.00499682
153900	31.231365	0.15677951	0.04898213	0.00540316
154000	31.23423	0.1567808	0.04898178	0.00572422
154100	31.237095	0.15678196	0.04898117	0.00579526
154200	31.23996	0.15678297	0.04898036	0.005646
154300	31.242825	0.15678387	0.04897953	0.00530319
154400	31.24569	0.15678465	0.04897892	0.00479033
154500	31.248555	0.15678526	0.04897792	0.0044356
154600	31.25142	0.15678572	0.04897612	0.00471832
154700	31.254285	0.15678609	0.04897513	0.0054587
154800	31.25715	0.15678644	0.04897425	0.00612148
154900	31.260015	0.15678677	0.04897323	0.0064938
155000	31.26288	0.15678705	0.04897201	0.00660928
155100	31.265745	0.1567873	0.0489707	0.0064991
155200	31.26861	0.15678752	0.04896952	0.00619067
155300	31.271475	0.15678771	0.04896863	0.00570802
155400	31.27434	0.15678792	0.04896797	0.00509663
155500	31.277205	0.15678842	0.0489672	0.00491294
155600	31.28007	0.15678912	0.04896645	0.00519749
155700	31.282935	0.15679021	0.04896606	0.00561146
155800	31.2858	0.15679136	0.04896532	0.00579215
155900	31.288665	0.15679237	0.04896438	0.00573928
156000	31.29153	0.15679325	0.04896336	0.00548113
156100	31.294395	0.15679403	0.04896248	0.00504267
156200	31.29726	0.15679464	0.04896168	0.00451815
156300	31.300125	0.15679497	0.04896026	0.0045143
156400	31.30299	0.15679529	0.0489586	0.00509547
156500	31.305855	0.15679553	0.04895809	0.00585871
156600	31.30872	0.15679573	0.04895736	0.00635875
156700	31.311585	0.1567959	0.04895647	0.00658655
156800	31.31445	0.15679606	0.04895538	0.00657503
156900	31.317315	0.15679619	0.04895429	0.00635329
157000	31.32018	0.15679631	0.04895341	0.00594682
157100	31.323045	0.15679642	0.04895286	0.00537802
157200	31.32591	0.15679681	0.04895215	0.00492605
157300	31.328775	0.15679753	0.04895155	0.00502442
157400	31.33164	0.15679864	0.04895115	0.00544411
157500	31.334505	0.15680026	0.0489505	0.00574114
157600	31.33737	0.1568017	0.04894964	0.00579043
157700	31.340235	0.15680296	0.04894862	0.00562204
157800	31.3431	0.15680407	0.04894764	0.00526244
157900	31.345965	0.15680505	0.0489469	0.00473481
158000	31.34883	0.15680573	0.04894573	0.00443539
158100	31.351695	0.15680625	0.04894382	0.00477402
158200	31.35456	0.15680664	0.04894301	0.00553234
158300	31.357425	0.15680689	0.0489424	0.00616792
158400	31.36029	0.15680712	0.04894163	0.00651486
158500	31.363155	0.15680732	0.04894063	0.00660804
158600	31.36602	0.15680749	0.04893953	0.00647827
158700	31.368885	0.15680764	0.04893855	0.00615263
158800	31.37175	0.15680778	0.04893785	0.00565485
158900	31.374615	0.15680794	0.04893734	0.00505412
159000	31.37748	0.15680832	0.04893691	0.00492292
159100	31.380345	0.1568089	0.04893645	0.00523903
159200	31.38321	0.15680993	0.04893645	0.00563906
159300	31.386075	0.15681098	0.04893611	0.00579663
159400	31.38894	0.1568119	0.04893552	0.00572342
159500	31.391805	0.15681271	0.04893482	0.00544741
159600	31.39467	0.15681342	0.04893425	0.00499325
159700	31.397535	0.15681401	0.04893361	0.00449027
159800	31.4004	0.15681443	0.0489322	0.00454663
159900	31.403265	0.15681479	0.04893075	0.00516911
160000	31.40613	0.15681513	0.04893008	0.00591794
160100	31.408995	0.15681547	0.04892914	0.00639107
160200	31.41186	0.15681577	0.04892804	0.00659519
160300	31.414725	0.15681602	0.04892678	0.00656288
160400	31.41759	0.15681625	0.04892556	0.00632286
160500	31.420455	0.15681645	0.04892458	0.00590034
160600	31.42332	0.15681663	0.04892396	0.00531742
160700	31.426185	0.15681704	0.04892309	0.00491455
160800	31.42905	0.1568177	0.04892233	0.00505508
160900	31.431915	0.15681865	0.04892184	0.00548302
161000	31.43478	0.15681986	0.0489211	0.00575567
161100	31.437645	0.15682094	0.04892015	0.00578343
161200	31.44051	0.15682188	0.04891907	0.00559614
161300	31.443375	0.15682271	0.04891805	0.00521992
161400	31.44624	0.15682343	0.04891729	0.00467872
161500	31.449105	0.15682381	0.04891609	0.00444084
161600	31.45197	0.15682412	0.0489142	0.00483391
161700	31.454835	0.15682434	0.04891355	0.00560449
161800	31.4577	0.15682448	0.04891298	0.00621191
161900	31.460565	0.1568246	0.04891226	0.00653364
162000	31.46343	0.15682471	0.0489113	0.00660466
162100	31.466295	0.15682481	0.04891026	0.00645542
162200	31.46916	0.15682489	0.04890935	0.00611267
162300	31.472025	0.15682496	0.04890873	0.00559987
162400	31.47489	0.15682517	0.0489082	0.00501704
162500	31.477755	0.15682574	0.04890772	0.0049367
162600	31.48062	0.15682659	0.04890722	0.00528168
162700	31.483485	0.15682807	0.04890692	0.00566465
162800	31.48635	0.15682953	0.04890624	0.00579947
162900	31.489215	0.15683081	0.04890536	0.00570626
163000	31.49208	0.15683194	0.04890442	0.00541269
163100	31.494945	0.15683293	0.04890366	0.0049431
163200	31.49781	0.15683372	0.04890276	0.00446836
163300	31.500675	0.15683429	0.0489011	0.00458419
163400	31.50354	0.15683475	0.04889965	0.00524369
163500	31.506405	0.15683508	0.04889898	0.00597419
163600	31.50927	0.15683537	0.04889808	0.00642071
163700	31.512135	0.15683563	0.04889701	0.00660143
163800	31.515	0.15683586	0.04889578	0.00654856
163900	31.517865	0.15683606	0.04889461	0.00629048
164000	31.52073	0.15683623	0.04889369	0.00585208
164100	31.523595	0.15683639	0.04889313	0.00525522
164200	31.52646	0.15683671	0.04889244	0.00490772
164300	31.529325	0.15683723	0.04889185	0.00508881
164400	31.53219	0.15683811	0.04889163	0.00552004
164500	31.535055	0.15683922	0.04889114	0.0057683
164600	31.53792	0.15684019	0.04889043	0.00577475
164700	31.540785	0.15684105	0.04888956	0.00556873
164800	31.54365	0.1568418	0.04888875	0.00517606
164900	31.546515	0.15684246	0.04888814	0.00462858
165000	31.54938	0.15684292	0.04888693	0.00445197
165100	31.552245	0.15684332	0.0488851	0.00489747
165200	31.55511	0.15684365	0.04888435	0.00567439
165300	31.557975	0.156844	0.04888337	0.00625347
165400	31.56084	0.15684431	0.04888229	0.00655043
165500	31.563705	0.15684458	0.04888102	0.00659968
165600	31.56657	0.15684482	0.04887971	0.00643133
165700	31.569435	0.15684503	0.04887859	0.00607178
165800	31.5723	0.15684522	0.0488778	0.0055442
165900	31.575165	0.15684551	0.04887701	0.00498606
166000	31.57803	0.15684607	0.04887627	0.00495444
166100	31.580895	0.15684686	0.04887555	0.00532457
166200	31.58376	0.15684808	0.04887494	0.00568757
166300	31.586625	0.15684923	0.04887402	0.00579977
166400	31.58949	0.15685024	0.04887293	0.00568668
166500	31.592355	0.15685113	0.04887182	0.00537565
166600	31.59522	0.15685191	0.04887093	0.00489071
166700	31.598085	0.15685245	0.04886995	0.00445153
166800	31.60095	0.15685279	0.04886824	0.00462676
166900	31.603815	0.1568531	0.048867	0.00531926
167000	31.60668	0.15685327	0.04886652	0.00602825
167100	31.609545	0.15685341	0.04886585	0.00644842
167200	31.61241	0.15685354	0.04886496	0.00660597
167300	31.615275	0.15685365	0.04886391	0.00653274
167400	31.61814	0.15685374	0.04886292	0.00625678
167500	31.621005	0.15685383	0.04886217	0.00580267
167600	31.62387	0.15685391	0.04886177	0.0051929
167700	31.626735	0.15685434	0.04886114	0.0049054
167800	31.6296	0.15685502	0.04886059	0.00512493
167900	31.632465	0.15685615	0.0488604	0.0055544
168000	31.63533	0.15685751	0.04885985	0.00577878
168100	31.638195	0.1568587	0.04885908	0.0057643
168200	31.64106	0.15685975	0.04885818	0.00553989
168300	31.643925	0.15686068	0.04885737	0.00513106
168400	31.64679	0.15686147	0.04885669	0.00458497
168500	31.649655	0.15686199	0.04885537	0.00446881
168600	31.65252	0.15686245	0.04885352	0.00496422
168700	31.655385	0.15686276	0.04885289	0.0057414
168800	31.65825	0.15686304	0.04885205	0.0062924
168900	31.661115	0.15686328	0.04885109	0.00656487
169000	31.66398	0.1568635	0.04884992	0.00659261
169100	31.666845	0.15686369	0.04884873	0.00640535
169200	31.66971	0.15686385	0.04884772	0.00602919
169300	31.672575	0.156864	0.04884704	0.00548701
169400	31.67544	0.15686423	0.04884639	0.00496027
169500	31.678305	0.15686473	0.04884587	0.00497586
169600	31.68117	0.15686545	0.04884546	0.00536747
169700	31.684035	0.15686663	0.04884514	0.00570848
169800	31.6869	0.15686772	0.04884451	0.00579838
169900	31.689765	0.15686867	0.04884368	0.00566569
170000	31.69263	0.15686951	0.04884283	0.00533743
170100	31.695495	0.15687024	0.04884218	0.00483736
170200	31.69836	0.15687081	0.04884126	0.00444063
170300	31.701225	0.15687124	0.04883954	0.00467419
170400	31.70409	0.15687159	0.04883843	0.00539466
170500	31.706955	0.15687194	0.04883758	0.00607953
170600	31.70982	0.15687225	0.04883657	0.00647373
170700	31.712685	0.15687253	0.04883537	0.00660846
170800	31.71555	0.15687277	0.04883406	0.00651518
170900	31.718415	0.15687298	0.04883286	0.0062216
171000	31.72128	0.15687317	0.04883194	0.00575201
171100	31.724145	0.15687336	0.04883133	0.0051377
171200	31.72701	0.15687386	0.04883046	0.00490764
171300	31.729875	0.15687454	0.04882962	0.00516335
171400	31.73274	0.15687564	0.04882913	0.00558627
171500	31.735605	0.15687685	0.04882827	0.00578692
171600	31.73847	0.15687791	0.04882723	0.00575158
171700	31.741335	0.15687884	0.04882609	0.00550885
171800	31.7442	0.15687966	0.0488251	0.00508392
171900	31.747065	0.15688033	0.04882425	0.00454648
172000	31.74993	0.1568807	0.04882286	0.00449101
172100	31.752795	0.15688105	0.04882108	0.00503407
172200	31.75566	0.1568813	0.04882063	0.00580595
172300	31.758525	0.15688152	0.04882	0.0063292
172400	31.76139	0.1568817	0.04881921	0.00657738
172500	31.764255	0.15688187	0.04881819	0.00658376
172600	31.76712	0.15688201	0.04881716	0.00637775
172700	31.769985	0.15688214	0.04881631	0.0059851
172800	31.77285	0.15688225	0.04881578	0.00542845
172900	31.775715	0.15688257	0.04881519	0.00493948
173000	31.77858	0.15688322	0.0488147	0.00500064
173100	31.781445	0.15688419	0.04881437	0.00540953
