found stepping: 100

Importing Environment into simulator...
Simulation import return message:
At least one bond creation failed during import.
Completed Simulation Import: 999 Voxels, 2694Bonds.

Format: Step Time X Y Z
0 0 0.0050005 0.0050005 0.0050005
100 0.00286479 0.00500054 0.0050005 0.00500665
200 0.00572958 0.00500075 0.00500098 0.00526495
300 0.00859437 0.00500065 0.00500275 0.00564484
400 0.0114592 0.00500071 0.00500438 0.00581596
500 0.0143239 0.00500086 0.00500548 0.00575462
600 0.0171887 0.0050011 0.0050061 0.00548903
700 0.0200535 0.00500137 0.00500647 0.0050442
800 0.0229183 0.00500158 0.00500686 0.00444966
900 0.0257831 0.00500162 0.00500656 0.00422878
1000 0.0286479 0.00500197 0.00500555 0.00468542
1100 0.0315127 0.00500188 0.00500599 0.00557025
1200 0.0343775 0.00500198 0.00500591 0.00630411
1300 0.0372423 0.00500216 0.00500559 0.00673671
1400 0.040107 0.00500245 0.00500488 0.0069049
1500 0.0429718 0.0050028 0.00500394 0.00684098
1600 0.0458366 0.00500313 0.00500305 0.00657332
1700 0.0487014 0.00500336 0.00500243 0.00612673
1800 0.0515662 0.00500347 0.00500223 0.005523
1900 0.054431 0.0050042 0.00500185 0.00505186
2000 0.0572958 0.00500582 0.00500134 0.00508344
2100 0.0601606 0.00500805 0.00500021 0.0053846
2200 0.0630254 0.00500996 0.00499915 0.00553683
2300 0.0658901 0.00501175 0.00499783 0.00545885
2400 0.0687549 0.00501341 0.0049964 0.00517869
2500 0.0716197 0.00501487 0.00499514 0.00472111
2600 0.0744845 0.00501545 0.00499441 0.00429578
2700 0.0773493 0.00501558 0.00499345 0.00444399
2800 0.0802141 0.00501607 0.00499242 0.00515952
2900 0.0830789 0.00501542 0.00499281 0.00597917
3000 0.0859437 0.00501473 0.00499295 0.00651016
3100 0.0888085 0.00501423 0.00499273 0.00676485
3200 0.0916732 0.00501392 0.00499214 0.00677681
3300 0.094538 0.0050137 0.00499144 0.00657577
3400 0.0974028 0.00501349 0.00499088 0.00618769
3500 0.100268 0.00501322 0.00499066 0.00563533
3600 0.103132 0.00501327 0.0049907 0.00505784
3700 0.105997 0.00501405 0.00499128 0.00499177
3800 0.108862 0.00501553 0.00499159 0.00531301
3900 0.111727 0.00501736 0.00499238 0.00561198
4000 0.114592 0.00501914 0.00499276 0.00566572
4100 0.117456 0.00502082 0.00499273 0.00550124
4200 0.120321 0.00502233 0.00499258 0.00514519
4300 0.123186 0.00502362 0.00499258 0.00462122
4400 0.126051 0.0050243 0.004992 0.00436221
4500 0.128916 0.00502523 0.00499038 0.00473449
4600 0.13178 0.00502557 0.00498972 0.00553481
4700 0.134645 0.00502554 0.00498878 0.00620831
4800 0.13751 0.00502557 0.00498767 0.00658823
4900 0.140375 0.00502573 0.00498627 0.00671015
5000 0.143239 0.00502596 0.00498474 0.00660559
5100 0.146104 0.00502618 0.00498336 0.00630224
5200 0.148969 0.00502632 0.00498232 0.00582431
5300 0.151834 0.00502638 0.00498169 0.00520022
5400 0.154699 0.00502714 0.00498076 0.00493999
5500 0.157563 0.00502833 0.00497982 0.00516064
5600 0.160428 0.00503006 0.00497905 0.00555051
5700 0.163293 0.00503202 0.00497791 0.00572148
5800 0.166158 0.00503385 0.00497653 0.00565999
5900 0.169023 0.00503554 0.00497506 0.00539434
6000 0.171887 0.00503703 0.00497379 0.00494949
6100 0.174752 0.00503818 0.0049727 0.00444968
6200 0.177617 0.00503908 0.00497112 0.00449598
6300 0.180482 0.00504003 0.00496936 0.00512471
6400 0.183346 0.00504016 0.004969 0.00590643
6500 0.186211 0.00504032 0.00496837 0.00641421
6600 0.189076 0.00504057 0.00496747 0.00664854
6700 0.191941 0.00504091 0.00496629 0.00664262
6800 0.194806 0.00504126 0.00496509 0.00642586
6900 0.19767 0.00504154 0.00496412 0.00602398
7000 0.200535 0.0050417 0.00496357 0.00545952
7100 0.2034 0.00504214 0.00496291 0.0049665
7200 0.206265 0.00504298 0.00496244 0.00501602
7300 0.20913 0.00504421 0.00496202 0.00540638
7400 0.211994 0.00504581 0.0049618 0.00569805
7500 0.214859 0.00504736 0.00496122 0.00574278
7600 0.217724 0.00504882 0.00496036 0.00557038
7700 0.220589 0.00505015 0.0049595 0.00520738
7800 0.223454 0.00505126 0.00495891 0.00467708
7900 0.226318 0.00505203 0.00495801 0.00440842
8000 0.229183 0.005053 0.00495613 0.00477684
8100 0.232048 0.00505335 0.00495547 0.00555754
8200 0.234913 0.0050535 0.00495493 0.00620074
8300 0.237777 0.00505371 0.00495418 0.00655388
8400 0.240642 0.00505402 0.00495311 0.00665228
8500 0.243507 0.00505439 0.00495188 0.00652707
8600 0.246372 0.00505471 0.00495078 0.00620558
8700 0.249237 0.00505493 0.00495002 0.00571173
8800 0.252101 0.00505519 0.00494945 0.00510014
8900 0.254966 0.00505602 0.00494862 0.00493081
9000 0.257831 0.00505718 0.00494769 0.00521797
9100 0.260696 0.00505888 0.0049471 0.0056112
9200 0.263561 0.00506076 0.00494607 0.00576689
9300 0.266425 0.00506253 0.00494481 0.00569197
9400 0.26929 0.00506416 0.00494346 0.00541453
9500 0.272155 0.00506558 0.00494232 0.00495934
9600 0.27502 0.00506671 0.00494131 0.00446548
9700 0.277885 0.0050677 0.00493968 0.00453756
9800 0.280749 0.00506863 0.00493808 0.00517775
9900 0.283614 0.00506906 0.00493804 0.00593598
10000 0.286479 0.00506953 0.00493771 0.00641518
10100 0.289344 0.00507006 0.00493707 0.00662438
10200 0.292208 0.00507064 0.00493612 0.0065964
10300 0.295073 0.00507119 0.00493515 0.00636028
10400 0.297938 0.00507164 0.0049344 0.0059414
10500 0.300803 0.00507194 0.00493406 0.00536201
10600 0.303668 0.00507274 0.00493349 0.0049324
10700 0.306532 0.00507386 0.00493302 0.00504701
10800 0.309397 0.00507538 0.00493282 0.00546334
10900 0.312262 0.00507736 0.00493246 0.00573612
11000 0.315127 0.00507922 0.00493177 0.00576391
11100 0.317992 0.00508096 0.00493083 0.00557662
11200 0.320856 0.00508251 0.00492993 0.00520057
11300 0.323721 0.00508381 0.0049293 0.00466031
11400 0.326586 0.00508471 0.00492812 0.00442957
11500 0.329451 0.00508576 0.00492608 0.00483191
11600 0.332316 0.00508607 0.00492545 0.00561201
11700 0.33518 0.00508622 0.00492471 0.00622543
11800 0.338045 0.00508643 0.00492379 0.0065522
11900 0.34091 0.00508675 0.00492256 0.00662744
12000 0.343775 0.00508711 0.00492121 0.00648191
12100 0.346639 0.00508742 0.00492004 0.00614257
12200 0.349504 0.00508763 0.00491923 0.00563305
12300 0.352369 0.00508795 0.00491853 0.00504116
12400 0.355234 0.00508878 0.00491774 0.00493795
12500 0.358099 0.00508992 0.00491687 0.00526828
12600 0.360963 0.00509148 0.00491648 0.00565089
12700 0.363828 0.00509314 0.00491566 0.00578709
12800 0.366693 0.00509471 0.00491457 0.00569504
12900 0.369558 0.00509616 0.00491339 0.00540257
13000 0.372423 0.0050974 0.00491244 0.00493418
13100 0.375287 0.00509836 0.00491155 0.00446054
13200 0.378152 0.00509924 0.00490991 0.00457801
13300 0.381017 0.00510001 0.00490849 0.00524324
13400 0.383882 0.0051002 0.00490827 0.00597979
13500 0.386747 0.00510046 0.00490776 0.00643136
13600 0.389611 0.0051008 0.00490694 0.00661628
13700 0.392476 0.00510121 0.00490586 0.00656699
13800 0.395341 0.0051016 0.00490479 0.00631216
13900 0.398206 0.00510191 0.00490398 0.00587684
14000 0.40107 0.00510208 0.00490359 0.00528302
14100 0.403935 0.00510282 0.00490281 0.00491575
14200 0.4068 0.00510385 0.00490207 0.00508166
14300 0.409665 0.00510527 0.00490171 0.00550917
14400 0.41253 0.00510721 0.00490099 0.00576
14500 0.415394 0.00510901 0.0049 0.0057686
14600 0.418259 0.0051107 0.00489882 0.00556447
14700 0.421124 0.0051122 0.00489772 0.00517364
14800 0.423989 0.00511347 0.0048969 0.00462715
14900 0.426854 0.00511448 0.00489556 0.00444686
15000 0.429718 0.00511557 0.00489346 0.00489239
15100 0.432583 0.00511602 0.00489306 0.00567366
15200 0.435448 0.00511642 0.00489252 0.00625787
15300 0.438313 0.00511686 0.00489178 0.00655908
15400 0.441178 0.00511737 0.0048907 0.00661188
15500 0.444042 0.0051179 0.00488952 0.00644664
15600 0.446907 0.00511836 0.00488851 0.00609002
15700 0.449772 0.00511868 0.00488787 0.0055653
15800 0.452637 0.00511919 0.00488724 0.00499925
15900 0.455501 0.00512012 0.00488661 0.00495274
16000 0.458366 0.00512134 0.00488597 0.00531575
16100 0.461231 0.00512322 0.00488553 0.00568142
16200 0.464096 0.00512516 0.00488465 0.00579661
16300 0.466961 0.00512698 0.00488351 0.00568609
16400 0.469825 0.00512863 0.00488232 0.00537741
16500 0.47269 0.00513005 0.00488137 0.0048948
16600 0.475555 0.00513123 0.00488031 0.00445115
16700 0.47842 0.00513234 0.00487839 0.00462107
16800 0.481285 0.0051332 0.004877 0.00531383
16900 0.484149 0.00513375 0.00487631 0.00602755
17000 0.487014 0.00513435 0.00487536 0.00645214
17100 0.489879 0.005135 0.00487413 0.00661334
17200 0.492744 0.00513567 0.00487271 0.00654324
17300 0.495609 0.00513629 0.00487137 0.00627013
17400 0.498473 0.00513679 0.00487034 0.00581877
17500 0.501338 0.00513713 0.00486977 0.00521106
17600 0.504203 0.00513813 0.00486878 0.00490852
17700 0.507068 0.00513933 0.00486788 0.0051189
17800 0.509932 0.00514096 0.00486735 0.00554873
17900 0.512797 0.00514308 0.00486635 0.00577681
18000 0.515662 0.00514506 0.00486511 0.0057655
18100 0.518527 0.00514689 0.00486372 0.00554389
18200 0.521392 0.0051485 0.00486248 0.0051377
18300 0.524256 0.00514986 0.00486147 0.00459105
18400 0.527121 0.00515097 0.00485989 0.00446595
18500 0.529986 0.0051521 0.00485775 0.00495694
18600 0.532851 0.00515244 0.00485723 0.00573654
18700 0.535716 0.00515278 0.00485646 0.00629211
18800 0.53858 0.00515317 0.00485549 0.00656835
18900 0.541445 0.00515364 0.00485422 0.00659921
19000 0.54431 0.00515412 0.0048529 0.00641473
19100 0.547175 0.00515453 0.00485179 0.0060412
19200 0.550039 0.0051548 0.00485107 0.00550164
19300 0.552904 0.00515525 0.00485032 0.00496769
19400 0.555769 0.005156 0.00484967 0.00497292
19500 0.558634 0.00515699 0.00484912 0.00536166
19600 0.561499 0.00515856 0.00484864 0.00570679
19700 0.564363 0.00516014 0.00484779 0.00580053
19800 0.567228 0.00516165 0.00484667 0.00567116
19900 0.570093 0.00516302 0.00484553 0.00534594
20000 0.572958 0.00516418 0.00484465 0.0048488
20100 0.575823 0.00516518 0.00484352 0.00444337
20200 0.578687 0.00516622 0.00484153 0.00466807
20300 0.581552 0.00516689 0.00484037 0.00538639
20400 0.584417 0.00516729 0.00483971 0.00607551
20500 0.587282 0.00516776 0.0048388 0.00647367
20600 0.590147 0.00516829 0.00483759 0.00661164
20700 0.593011 0.00516886 0.00483621 0.00652115
20800 0.595876 0.00516937 0.00483493 0.00623015
20900 0.598741 0.00516978 0.00483398 0.00576307
21000 0.601606 0.00517007 0.00483341 0.005149
21100 0.60447 0.00517091 0.00483247 0.00490799
21200 0.607335 0.00517194 0.0048316 0.00515838
21300 0.6102 0.00517336 0.0048311 0.00558402
21400 0.613065 0.00517511 0.00483006 0.0057892
21500 0.61593 0.00517677 0.00482879 0.00575777
21600 0.618794 0.0051783 0.00482739 0.0055185
21700 0.621659 0.00517966 0.00482616 0.00509682
21800 0.624524 0.00518079 0.0048251 0.00455661
21900 0.627389 0.00518174 0.00482341 0.00448887
22000 0.630254 0.00518274 0.00482131 0.00502479
22100 0.633118 0.00518323 0.00482064 0.00579839
22200 0.635983 0.00518379 0.00481965 0.00632595
22300 0.638848 0.00518438 0.00481847 0.00657768
22400 0.641713 0.00518503 0.00481702 0.00658702
22500 0.644578 0.00518565 0.00481557 0.00638365
22600 0.647442 0.00518617 0.00481436 0.00599354
22700 0.650307 0.00518655 0.00481358 0.00543941
22800 0.653172 0.00518732 0.00481264 0.00494358
22900 0.656037 0.00518845 0.00481181 0.00499722
23000 0.658901 0.00518989 0.00481115 0.00540584
23100 0.661766 0.0051921 0.00481023 0.00572839
23200 0.664631 0.0051942 0.00480902 0.0058006
23300 0.667496 0.00519616 0.0048076 0.00565233
23400 0.670361 0.00519793 0.00480622 0.00531052
23500 0.673225 0.00519943 0.00480515 0.00479882
23600 0.67609 0.00520063 0.00480379 0.00443924
23700 0.678955 0.00520182 0.00480163 0.00471922
23800 0.68182 0.0052025 0.00480068 0.00545936
23900 0.684685 0.00520286 0.00480017 0.0061223
24000 0.687549 0.00520327 0.00479942 0.00649452
24100 0.690414 0.00520375 0.00479834 0.00660969
24200 0.693279 0.00520427 0.0047971 0.0064992
24300 0.696144 0.00520474 0.00479596 0.00619063
24400 0.699009 0.00520509 0.00479515 0.00570813
24500 0.701873 0.00520541 0.00479462 0.00509706
24600 0.704738 0.00520621 0.00479393 0.00491285
24700 0.707603 0.00520723 0.00479325 0.00519954
24800 0.710468 0.00520889 0.00479292 0.00561581
24900 0.713332 0.00521086 0.00479208 0.00579797
25000 0.716197 0.00521271 0.00479098 0.00574631
25100 0.719062 0.00521441 0.00478975 0.00548928
25200 0.721927 0.00521589 0.0047887 0.00505201
25300 0.724792 0.0052172 0.0047877 0.00452512
25400 0.727656 0.00521838 0.00478593 0.00451622
25500 0.730521 0.00521947 0.00478399 0.00509555
25600 0.733386 0.00522014 0.00478329 0.00585872
25700 0.736251 0.00522091 0.0047822 0.00635874
25800 0.739116 0.00522169 0.00478092 0.00658627
25900 0.74198 0.00522251 0.0047794 0.00657437
26000 0.744845 0.00522327 0.0047779 0.00635236
26100 0.74771 0.00522391 0.00477668 0.00594588
26200 0.750575 0.00522438 0.00477589 0.00537737
26300 0.75344 0.0052252 0.00477493 0.00492563
26400 0.756304 0.00522625 0.00477412 0.00502514
26500 0.759169 0.00522758 0.0047736 0.00544812
26600 0.762034 0.00522964 0.00477272 0.00574697
26700 0.764899 0.00523158 0.00477156 0.00579775
26800 0.767763 0.0052334 0.0047702 0.00563065
26900 0.770628 0.00523503 0.0047689 0.00527232
27000 0.773493 0.0052364 0.00476792 0.00474611
27100 0.776358 0.00523756 0.00476648 0.00443979
27200 0.779223 0.00523875 0.00476425 0.00477452
27300 0.782087 0.00523932 0.00476338 0.00553176
27400 0.784952 0.00523978 0.00476262 0.00616721
27500 0.787817 0.00524027 0.00476166 0.0065138
27600 0.790682 0.00524084 0.00476039 0.00660645
27700 0.793547 0.00524142 0.004759 0.00647619
27800 0.796411 0.00524193 0.00475776 0.00615027
27900 0.799276 0.00524232 0.00475688 0.00565253
28000 0.802141 0.00524272 0.00475621 0.00505257
28100 0.805006 0.00524352 0.00475548 0.00492242
28200 0.807871 0.00524454 0.00475474 0.00524229
28300 0.810735 0.00524615 0.00475441 0.00564503
28400 0.8136 0.00524797 0.00475359 0.00580436
28500 0.816465 0.00524969 0.0047525 0.00573263
28600 0.81933 0.00525127 0.00475131 0.00545799
28700 0.822194 0.00525264 0.00475031 0.00500526
28800 0.825059 0.00525383 0.00474934 0.00449843
28900 0.827924 0.00525494 0.00474759 0.00454856
29000 0.830789 0.00525588 0.00474585 0.00516818
29100 0.833654 0.00525628 0.00474523 0.00591667
29200 0.836518 0.00525679 0.00474426 0.00638963
29300 0.839383 0.00525734 0.00474306 0.00659337
29400 0.842248 0.00525794 0.00474163 0.00656059
29500 0.845113 0.00525851 0.00474023 0.00632025
29600 0.847978 0.00525898 0.00473912 0.00589766
29700 0.850842 0.0052593 0.00473845 0.00531502
29800 0.853707 0.00526 0.00473748 0.00491335
29900 0.856572 0.00526092 0.0047366 0.00505641
30000 0.859437 0.00526219 0.00473605 0.00548819
30100 0.862301 0.00526403 0.004735 0.0057628
30200 0.865166 0.00526576 0.00473372 0.00579219
30300 0.868031 0.00526739 0.00473225 0.00560631
30400 0.870896 0.00526884 0.00473089 0.00523149
30500 0.873761 0.00527006 0.00472987 0.00469128
30600 0.876625 0.00527112 0.00472827 0.00444524
30700 0.87949 0.00527223 0.00472599 0.00483383
30800 0.882355 0.00527275 0.00472512 0.00560305
30900 0.88522 0.00527327 0.00472413 0.00621047
31000 0.888085 0.0052738 0.00472298 0.006532
31100 0.890949 0.0052744 0.00472155 0.00660264
31200 0.893814 0.00527501 0.00472003 0.00645307
31300 0.896679 0.00527554 0.00471871 0.00611019
31400 0.899544 0.00527594 0.00471777 0.00559755
31500 0.902409 0.00527644 0.00471692 0.00501564
31600 0.905273 0.00527738 0.00471602 0.00493647
31700 0.908138 0.00527856 0.00471511 0.00528534
31800 0.911003 0.00528042 0.00471434 0.00567078
31900 0.913868 0.00528241 0.00471309 0.00580733
32000 0.916732 0.00528427 0.00471162 0.00571557
32100 0.919597 0.00528597 0.00471013 0.00542336
32200 0.922462 0.00528744 0.00470889 0.00495521
32300 0.925327 0.00528868 0.00470764 0.00447579
32400 0.928192 0.00528984 0.00470563 0.00458572
32500 0.931056 0.00529071 0.00470402 0.00524265
32600 0.933921 0.00529098 0.00470355 0.00597289
32700 0.936786 0.00529132 0.00470277 0.0064192
32800 0.939651 0.00529174 0.00470171 0.0065995
32900 0.942516 0.00529222 0.00470041 0.00654616
33000 0.94538 0.00529267 0.00469917 0.00628776
33100 0.948245 0.00529303 0.00469821 0.00584933
33200 0.95111 0.00529325 0.00469768 0.00525276
33300 0.953975 0.00529386 0.00469691 0.00490657
33400 0.95684 0.00529466 0.00469625 0.00509057
33500 0.959704 0.00529585 0.00469597 0.00552547
33600 0.962569 0.0052976 0.00469522 0.00577568
33700 0.965434 0.00529924 0.00469421 0.00578375
33800 0.968299 0.00530079 0.00469299 0.00557916
33900 0.971163 0.00530216 0.00469188 0.00518792
34000 0.974028 0.00530332 0.00469104 0.00464021
34100 0.976893 0.00530449 0.00468948 0.00445586
34200 0.979758 0.00530566 0.00468728 0.00489713
34300 0.982623 0.00530628 0.0046865 0.00567291
34400 0.985487 0.00530707 0.00468539 0.00625187
34500 0.988352 0.00530785 0.00468413 0.00654847
34600 0.991217 0.00530866 0.00468261 0.00659722
34700 0.994082 0.00530945 0.00468104 0.00642843
34800 0.996947 0.00531013 0.00467969 0.00606869
34900 0.999811 0.00531065 0.00467875 0.00554123
35000 1.00268 0.00531131 0.00467783 0.00498422
35100 1.00554 0.00531227 0.00467697 0.00495436
35200 1.00841 0.00531343 0.00467617 0.00532885
35300 1.01127 0.00531539 0.00467541 0.00569433
35400 1.01414 0.0053174 0.00467424 0.00580838
35500 1.017 0.00531928 0.00467285 0.00569685
35600 1.01986 0.00532099 0.00467144 0.00538729
35700 1.02273 0.00532246 0.0046703 0.0049039
35800 1.02559 0.00532375 0.00466905 0.00445884
35900 1.02846 0.00532497 0.00466702 0.00462796
36000 1.03132 0.00532581 0.00466562 0.00531775
36100 1.03419 0.00532635 0.00466496 0.00602647
36200 1.03705 0.00532695 0.00466403 0.00644644
36300 1.03992 0.00532759 0.00466283 0.00660358
36400 1.04278 0.00532826 0.00466143 0.00652992
36500 1.04565 0.00532888 0.00466011 0.00625368
36600 1.04851 0.00532938 0.00465911 0.00579958
36700 1.05138 0.00532972 0.00465855 0.00519025
36800 1.05424 0.00533054 0.00465757 0.00490426
36900 1.05711 0.00533152 0.0046567 0.0051272
37000 1.05997 0.00533292 0.00465618 0.00556021
37100 1.06284 0.00533479 0.00465511 0.00578653
37200 1.0657 0.00533653 0.00465381 0.00577366
37300 1.06857 0.00533816 0.00465236 0.00555069
37400 1.07143 0.0053396 0.00465107 0.00514332
37500 1.0743 0.00534083 0.00465001 0.00459593
37600 1.07716 0.00534196 0.00464833 0.00447225
37700 1.08003 0.00534309 0.00464615 0.00496358
37800 1.08289 0.00534353 0.00464547 0.00573974
37900 1.08576 0.00534405 0.00464447 0.00629059
38000 1.08862 0.00534459 0.00464331 0.00656269
38100 1.09148 0.0053452 0.00464187 0.00658991
38200 1.09435 0.0053458 0.0046404 0.00640224
38300 1.09721 0.00534631 0.00463916 0.00602591
38400 1.10008 0.00534667 0.00463833 0.00548389
38500 1.10294 0.0053472 0.00463743 0.00495843
38600 1.10581 0.00534801 0.00463666 0.00497609
38700 1.10867 0.00534906 0.00463601 0.00537216
38800 1.11154 0.00535082 0.0046351 0.00571552
38900 1.1144 0.00535256 0.00463385 0.00580725
39000 1.11727 0.0053542 0.00463238 0.00567613
39100 1.12013 0.00535569 0.00463093 0.00534937
39200 1.123 0.00535696 0.00462979 0.00485088
39300 1.12586 0.00535812 0.00462836 0.00444729
39400 1.12873 0.00535927 0.00462614 0.00467497
39500 1.13159 0.0053601 0.00462482 0.00539296
39600 1.13446 0.00536088 0.00462391 0.00607764
39700 1.13732 0.00536168 0.00462277 0.00647156
39800 1.14019 0.00536252 0.00462137 0.00660581
39900 1.14305 0.00536335 0.00461982 0.00651205
40000 1.14592 0.0053641 0.00461839 0.00621818
40100 1.14878 0.0053647 0.00461731 0.00574859
40200 1.15165 0.0053652 0.00461662 0.00513495
40300 1.15451 0.00536626 0.00461571 0.00490655
40400 1.15737 0.00536746 0.00461492 0.00516617
40500 1.16024 0.00536928 0.00461457 0.0055925
40600 1.1631 0.00537155 0.00461372 0.00579517
40700 1.16597 0.00537366 0.0046126 0.00576153
40800 1.16883 0.00537559 0.00461134 0.00552032
40900 1.1717 0.0053773 0.00461024 0.00509694
41000 1.17456 0.00537876 0.00460927 0.0045571
41100 1.17743 0.00538003 0.00460763 0.00449408
41200 1.18029 0.0053812 0.00460562 0.00503302
41300 1.18316 0.00538168 0.00460507 0.00580397
41400 1.18602 0.00538225 0.00460414 0.00632707
41500 1.18889 0.00538284 0.00460301 0.00657488
41600 1.19175 0.00538349 0.00460161 0.00658079
41700 1.19462 0.00538411 0.0046002 0.0063744
41800 1.19748 0.00538463 0.00459903 0.00598164
41900 1.20035 0.00538501 0.00459829 0.00542518
42000 1.20321 0.00538563 0.00459737 0.00493771
42100 1.20608 0.00538648 0.00459653 0.0050013
42200 1.20894 0.00538758 0.00459592 0.00541463
42300 1.21181 0.00538942 0.00459494 0.00573453
42400 1.21467 0.00539119 0.00459368 0.00580423
42500 1.21754 0.00539286 0.00459221 0.00565376
42600 1.2204 0.00539436 0.0045908 0.00531001
42700 1.22326 0.00539563 0.0045897 0.00479661
42800 1.22613 0.00539681 0.00458825 0.0044415
42900 1.22899 0.005398 0.00458602 0.0047266
43000 1.23186 0.00539868 0.00458491 0.00546753
43100 1.23472 0.00539924 0.00458403 0.00612619
43200 1.23759 0.00539983 0.00458296 0.00649443
43300 1.24045 0.00540048 0.0045816 0.0066061
43400 1.24332 0.00540114 0.00458011 0.00649253
43500 1.24618 0.00540173 0.00457876 0.00618127
43600 1.24905 0.00540219 0.00457776 0.0056964
43700 1.25191 0.00540261 0.00457704 0.00508704
43800 1.25478 0.00540341 0.00457615 0.00491317
43900 1.25764 0.00540439 0.0045753 0.00520696
44000 1.26051 0.00540592 0.0045747 0.00562236
44100 1.26337 0.00540774 0.00457356 0.00580167
44200 1.26624 0.00540945 0.0045722 0.0057475
44300 1.2691 0.00541103 0.00457075 0.00548827
44400 1.27197 0.00541241 0.0045695 0.00504907
44500 1.27483 0.00541363 0.00456835 0.00452376
44600 1.2777 0.00541475 0.00456649 0.00452131
44700 1.28056 0.00541579 0.0045645 0.00510479
44800 1.28343 0.00541647 0.00456379 0.0058654
44900 1.28629 0.00541728 0.00456273 0.00636121
45000 1.28916 0.00541809 0.00456147 0.00658504
45100 1.29202 0.00541893 0.00455996 0.00656989
45200 1.29488 0.00541971 0.00455848 0.00634503
45300 1.29775 0.00542037 0.00455728 0.00593604
45400 1.30061 0.00542085 0.00455652 0.00536533
45500 1.30348 0.00542174 0.00455559 0.0049221
45600 1.30634 0.00542286 0.00455482 0.00502987
45700 1.30921 0.00542429 0.00455434 0.00545563
45800 1.31207 0.0054265 0.00455345 0.00575132
45900 1.31494 0.00542857 0.00455229 0.00579928
46000 1.3178 0.00543049 0.00455093 0.00562971
46100 1.32067 0.00543222 0.00454964 0.00526921
46200 1.32353 0.00543368 0.00454867 0.00474109
46300 1.3264 0.00543491 0.0045472 0.0044415
46400 1.32926 0.00543612 0.00454498 0.00478262
46500 1.33213 0.00543673 0.00454411 0.00554095
46600 1.33499 0.00543723 0.00454325 0.00617219
46700 1.33786 0.00543776 0.0045422 0.00651501
46800 1.34072 0.00543835 0.00454086 0.00660435
46900 1.34359 0.00543896 0.00453941 0.00647119
47000 1.34645 0.0054395 0.00453812 0.00614272
47100 1.34932 0.0054399 0.0045372 0.00564274
47200 1.35218 0.00544035 0.00453645 0.00504539
47300 1.35505 0.00544122 0.0045356 0.00492394
47400 1.35791 0.00544231 0.00453475 0.00524923
47500 1.36077 0.0054441 0.00453412 0.00565
47600 1.36364 0.0054461 0.00453299 0.0058062
47700 1.3665 0.00544797 0.00453162 0.00573172
47800 1.36937 0.00544968 0.0045302 0.00545467
47900 1.37223 0.00545117 0.00452899 0.00499982
48000 1.3751 0.00545248 0.00452781 0.00449603
48100 1.37796 0.00545369 0.00452589 0.00455393
48200 1.38083 0.00545471 0.00452414 0.00517837
48300 1.38369 0.00545519 0.00452362 0.00592412
48400 1.38656 0.00545577 0.00452277 0.00639308
48500 1.38942 0.00545638 0.00452166 0.00659329
48600 1.39229 0.00545703 0.00452031 0.00655742
48700 1.39515 0.00545765 0.00451899 0.00631436
48800 1.39802 0.00545815 0.00451795 0.00588939
48900 1.40088 0.0054585 0.00451735 0.00530465
49000 1.40375 0.00545917 0.00451654 0.0049115
49100 1.40661 0.00546001 0.00451586 0.00506147
49200 1.40948 0.00546117 0.00451553 0.0054945
49300 1.41234 0.00546296 0.00451476 0.00576571
49400 1.41521 0.00546464 0.00451372 0.00579215
49500 1.41807 0.00546622 0.00451248 0.00560368
49600 1.42094 0.00546763 0.00451132 0.00522659
49700 1.4238 0.00546882 0.00451048 0.00468481
49800 1.42666 0.00546995 0.00450894 0.00444702
49900 1.42953 0.0054711 0.00450669 0.00484266
50000 1.43239 0.00547178 0.0045058 0.00561274
50100 1.43526 0.00547258 0.0045047 0.00621587
50200 1.43812 0.00547338 0.00450345 0.00653361
50300 1.44099 0.00547421 0.00450193 0.00660091
50400 1.44385 0.00547501 0.00450035 0.00644841
50500 1.44672 0.00547572 0.00449896 0.00610297
50600 1.44958 0.00547627 0.00449798 0.00558807
50700 1.45245 0.00547692 0.00449712 0.00500978
50800 1.45531 0.00547796 0.00449628 0.00493874
50900 1.45818 0.00547921 0.00449549 0.00529228
51000 1.46104 0.0054812 0.00449485 0.00567515
51100 1.46391 0.0054833 0.00449375 0.00580853
51200 1.46677 0.00548526 0.00449242 0.005714
51300 1.46964 0.00548705 0.00449104 0.00541935
51400 1.4725 0.00548859 0.00448991 0.00494905
51500 1.47537 0.00548989 0.00448873 0.00447381
51600 1.47823 0.00549107 0.00448678 0.00459177
51700 1.4811 0.00549197 0.00448524 0.00525321
51800 1.48396 0.00549243 0.00448464 0.00598028
51900 1.48683 0.00549296 0.00448372 0.00642262
52000 1.48969 0.00549354 0.00448254 0.00659943
52100 1.49256 0.00549416 0.00448115 0.00654302
52200 1.49542 0.00549473 0.00447982 0.00628194
52300 1.49828 0.0054952 0.00447878 0.00584114
52400 1.50115 0.00549551 0.0044782 0.00524249
52500 1.50401 0.00549633 0.00447723 0.00490555
52600 1.50688 0.00549735 0.00447637 0.00509597
52700 1.50974 0.00549883 0.00447585 0.00553124
52800 1.51261 0.00550091 0.00447479 0.00577807
52900 1.51547 0.00550284 0.0044735 0.00578319
53000 1.51834 0.00550464 0.00447206 0.00557601
53100 1.5212 0.00550624 0.00447074 0.00518249
53200 1.52407 0.00550759 0.00446972 0.0046343
53300 1.52693 0.00550883 0.00446806 0.00445827
53400 1.5298 0.00551007 0.0044658 0.00490645
53500 1.53266 0.00551061 0.00446508 0.00568234
53600 1.53553 0.00551119 0.00446409 0.00625713
53700 1.53839 0.00551178 0.00446293 0.0065501
53800 1.54126 0.00551244 0.0044615 0.00659566
53900 1.54412 0.00551308 0.00446002 0.00642408
54000 1.54699 0.00551363 0.00445874 0.00606188
54100 1.54985 0.00551405 0.00445788 0.00553226
54200 1.55272 0.00551457 0.00445702 0.00497973
54300 1.55558 0.00551536 0.00445622 0.00495734
54400 1.55845 0.00551636 0.0044555 0.00533556
54500 1.56131 0.00551805 0.0044547 0.00569797
54600 1.56417 0.00551978 0.00445349 0.00580877
54700 1.56704 0.00552142 0.00445207 0.0056944
54800 1.5699 0.00552291 0.00445064 0.00538235
54900 1.57277 0.00552419 0.00444948 0.00489676
55000 1.57563 0.00552534 0.00444817 0.00445712
55100 1.5785 0.00552649 0.00444604 0.00463459
55200 1.58136 0.00552738 0.00444459 0.0053286
55300 1.58423 0.0055282 0.00444376 0.00603389
55400 1.58709 0.00552907 0.00444268 0.00644999
55500 1.58996 0.00552995 0.00444134 0.00660374
55600 1.59282 0.00553083 0.00443982 0.00652709
55700 1.59569 0.00553163 0.0044384 0.00624825
55800 1.59855 0.00553228 0.00443731 0.00579184
55900 1.60142 0.00553277 0.00443667 0.0051813
56000 1.60428 0.00553391 0.00443573 0.00490424
56100 1.60715 0.00553519 0.00443494 0.0051329
56200 1.61001 0.00553704 0.00443459 0.00556528
56300 1.61288 0.00553945 0.00443376 0.00578811
56400 1.61574 0.00554167 0.00443266 0.0057722
56500 1.61861 0.00554372 0.0044314 0.00554654
56600 1.62147 0.00554552 0.00443028 0.00513681
56700 1.62434 0.00554706 0.00442936 0.00459007
56800 1.6272 0.00554833 0.00442779 0.00447521
56900 1.63006 0.00554955 0.0044257 0.00497361
57000 1.63293 0.00555004 0.00442507 0.00574928
57100 1.63579 0.00555055 0.00442411 0.00629597
57200 1.63866 0.00555108 0.00442297 0.00656443
57300 1.64152 0.00555168 0.00442155 0.00658846
57400 1.64439 0.00555226 0.0044201 0.00639799
57500 1.64725 0.00555276 0.00441889 0.0060192
57600 1.65012 0.00555312 0.00441809 0.00547502
57700 1.65298 0.00555369 0.00441715 0.00495489
57800 1.65585 0.00555456 0.00441625 0.00497959
57900 1.65871 0.00555569 0.00441549 0.00537862
58000 1.66158 0.00555763 0.00441441 0.00571863
58100 1.66444 0.00555953 0.004413 0.00580713
58200 1.66731 0.00556131 0.00441141 0.00567316
58300 1.67017 0.00556292 0.00440986 0.0053439
58400 1.67304 0.0055643 0.00440862 0.00484322
58500 1.6759 0.00556553 0.00440714 0.00444621
58600 1.67877 0.00556675 0.00440491 0.00468229
58700 1.68163 0.00556753 0.00440372 0.00540388
58800 1.6845 0.00556808 0.00440306 0.00608481
58900 1.68736 0.00556867 0.00440216 0.00647495
59000 1.69023 0.00556931 0.00440096 0.00660587
59100 1.69309 0.00556997 0.00439959 0.00650918
59200 1.69596 0.00557057 0.00439833 0.00621275
59300 1.69882 0.00557104 0.0043974 0.0057409
59400 1.70168 0.00557142 0.00439683 0.00512739
59500 1.70455 0.00557221 0.00439607 0.00490724
59600 1.70741 0.00557314 0.00439538 0.00517211
59700 1.71028 0.00557458 0.00439509 0.0055971
59800 1.71314 0.00557638 0.0043943 0.00579634
59900 1.71601 0.00557807 0.00439323 0.00575968
60000 1.71887 0.00557965 0.00439202 0.00551582
60100 1.72174 0.00558103 0.00439096 0.00509011
60200 1.7246 0.00558223 0.00439001 0.00455194
60300 1.72747 0.00558336 0.00438831 0.00449777
60400 1.73033 0.00558444 0.00438628 0.00504341
60500 1.7332 0.00558505 0.0043856 0.00581313
60600 1.73606 0.00558581 0.00438451 0.00633215
60700 1.73893 0.00558656 0.00438324 0.00657637
60800 1.74179 0.00558735 0.00438171 0.00657913
60900 1.74466 0.0055881 0.0043802 0.00636999
61000 1.74752 0.00558873 0.00437895 0.0059748
61100 1.75039 0.00558921 0.00437813 0.00541621
61200 1.75325 0.00558998 0.0043772 0.00493496
61300 1.75612 0.00559103 0.00437641 0.00500531
61400 1.75898 0.00559235 0.00437586 0.00542088
61500 1.76185 0.00559453 0.00437503 0.00573728
61600 1.76471 0.0055966 0.00437392 0.00580381
61700 1.76757 0.00559852 0.00437258 0.00565055
61800 1.77044 0.00560026 0.00437129 0.00530436
61900 1.7733 0.00560173 0.00437029 0.00478881
62000 1.77617 0.005603 0.00436895 0.00444131
62100 1.77903 0.00560424 0.0043668 0.0047346
62200 1.7819 0.0056049 0.00436583 0.00547833
62300 1.78476 0.0056054 0.00436507 0.00613297
62400 1.78763 0.00560593 0.00436411 0.0064974
62500 1.79049 0.00560652 0.00436284 0.00660574
62600 1.79336 0.00560713 0.00436144 0.00648924
62700 1.79622 0.00560768 0.00436017 0.0061754
62800 1.79909 0.00560811 0.00435925 0.00568827
62900 1.80195 0.0056085 0.00435857 0.00508029
63000 1.80482 0.00560931 0.00435769 0.00491445
63100 1.80768 0.00561031 0.00435681 0.00521323
63200 1.81055 0.0056119 0.00435618 0.00562676
63300 1.81341 0.00561376 0.004355 0.00580267
63400 1.81628 0.00561551 0.00435359 0.00574551
63500 1.81914 0.00561712 0.0043521 0.00548365
63600 1.82201 0.00561853 0.00435082 0.00504215
63700 1.82487 0.00561976 0.00434963 0.00451952
63800 1.82774 0.0056209 0.00434773 0.00452584
63900 1.8306 0.00562193 0.00434578 0.00511546
64000 1.83346 0.00562235 0.00434506 0.0058741
64100 1.83633 0.00562288 0.00434401 0.00636595
64200 1.83919 0.00562344 0.00434274 0.00658631
64300 1.84206 0.00562405 0.00434123 0.00656811
64400 1.84492 0.00562464 0.00433976 0.00634057
64500 1.84779 0.00562512 0.00433856 0.00592923
64600 1.85065 0.00562546 0.00433781 0.00535646
64700 1.85352 0.00562609 0.00433686 0.00492022
64800 1.85638 0.00562693 0.00433605 0.00503433
64900 1.85925 0.00562807 0.00433553 0.00546149
65000 1.86211 0.00562989 0.00433457 0.00575359
65100 1.86498 0.00563162 0.00433336 0.00579837
65200 1.86784 0.00563324 0.00433195 0.005626
65300 1.87071 0.00563469 0.00433062 0.00526305
65400 1.87357 0.00563592 0.00432962 0.00473278
65500 1.87644 0.00563708 0.0043281 0.00444196
65600 1.8793 0.00563825 0.00432582 0.00479121
65700 1.88217 0.00563903 0.00432489 0.00555163
65800 1.88503 0.00563991 0.00432394 0.00617879
65900 1.8879 0.00564078 0.00432282 0.00651791
66000 1.89076 0.00564168 0.00432141 0.006604
66100 1.89363 0.00564255 0.0043199 0.00646799
66200 1.89649 0.00564331 0.00431856 0.00613702
66300 1.89936 0.00564392 0.0043176 0.00563483
66400 1.90222 0.00564459 0.00431684 0.00503989
66500 1.90508 0.00564571 0.00431606 0.00492594
66600 1.90795 0.00564706 0.00431529 0.00525555
66700 1.91081 0.0056491 0.0043148 0.0056538
66800 1.91368 0.00565132 0.00431382 0.00580658
66900 1.91654 0.00565339 0.00431259 0.0057291
67000 1.91941 0.00565528 0.00431128 0.00544941
67100 1.92227 0.00565691 0.00431019 0.00499225
67200 1.92514 0.00565826 0.00430909 0.00449229
67300 1.928 0.00565942 0.00430722 0.00455918
67400 1.93087 0.00566038 0.00430551 0.00518943
67500 1.93373 0.00566072 0.00430484 0.00593267
67600 1.9366 0.00566112 0.00430383 0.0063977
67700 1.93946 0.00566158 0.00430259 0.00659445
67800 1.94233 0.00566209 0.00430112 0.00655554
67900 1.94519 0.00566259 0.0042997 0.00630982
68000 1.94806 0.00566298 0.00429857 0.00588251
68100 1.95092 0.00566324 0.00429789 0.00529572
68200 1.95379 0.00566394 0.00429689 0.00491043
68300 1.95665 0.00566487 0.00429598 0.00506639
68400 1.95952 0.00566621 0.00429538 0.00549999
68500 1.96238 0.00566825 0.00429422 0.00576751
68600 1.96525 0.00567016 0.00429285 0.00579071
68700 1.96811 0.00567194 0.00429132 0.0055994
68800 1.97097 0.00567352 0.0042899 0.00521981
68900 1.97384 0.00567486 0.00428883 0.00467653
69000 1.9767 0.00567611 0.00428716 0.00444817
69100 1.97957 0.00567735 0.00428484 0.00485192
69200 1.98243 0.00567788 0.00428413 0.00562336
69300 1.9853 0.0056784 0.0042833 0.00622233
69400 1.98816 0.00567893 0.00428229 0.00653642
69500 1.99103 0.00567954 0.00428099 0.00660052
69600 1.99389 0.00568015 0.00427959 0.00644521
69700 1.99676 0.00568067 0.00427837 0.00609729
69800 1.99962 0.00568107 0.00427754 0.00558023
69900 2.00249 0.0056815 0.00427682 0.00500518
70000 2.00535 0.00568222 0.00427615 0.00494125
70100 2.00822 0.00568312 0.00427553 0.00529851
70200 2.01108 0.00568465 0.00427506 0.00567849
70300 2.01395 0.00568628 0.00427413 0.00580852
70400 2.01681 0.00568782 0.00427295 0.00571104
70500 2.01968 0.00568924 0.0042717 0.0054138
70600 2.02254 0.00569046 0.00427069 0.00494123
70700 2.02541 0.00569158 0.00426955 0.00447085
70800 2.02827 0.00569267 0.00426756 0.00459773
70900 2.03114 0.00569359 0.00426599 0.00526434
71000 2.034 0.00569444 0.00426518 0.00598843
71100 2.03686 0.00569537 0.00426406 0.0064269
71200 2.03973 0.0056963 0.0042627 0.00660031
71300 2.04259 0.00569722 0.00426114 0.00654091
71400 2.04546 0.00569807 0.00425967 0.00627721
71500 2.04832 0.00569877 0.00425852 0.0058341
71600 2.05119 0.00569928 0.00425784 0.00523344
71700 2.05405 0.00570042 0.00425686 0.00490519
71800 2.05692 0.00570176 0.00425602 0.00510129
71900 2.05978 0.00570361 0.00425559 0.00553634
72000 2.06265 0.00570612 0.00425468 0.00577955
72100 2.06551 0.00570844 0.00425352 0.00578151
72200 2.06838 0.00571057 0.00425219 0.00557155
72300 2.07124 0.00571246 0.00425098 0.0051756
72400 2.07411 0.00571406 0.00425004 0.00462716
72500 2.07697 0.00571535 0.00424845 0.00446033
72600 2.07984 0.00571661 0.00424627 0.00491622
72700 2.0827 0.00571712 0.00424558 0.00569253
72800 2.08557 0.0057176 0.0042446 0.00626316
72900 2.08843 0.0057181 0.00424346 0.00655252
73000 2.0913 0.00571867 0.00424203 0.00659491
73100 2.09416 0.00571923 0.00424056 0.00642054
73200 2.09703 0.00571972 0.0042393 0.00605589
73300 2.09989 0.00572007 0.00423844 0.00552413
73400 2.10276 0.00572059 0.00423756 0.00497591
73500 2.10562 0.00572142 0.00423669 0.00496042
73600 2.10848 0.0057225 0.00423591 0.00534185
73700 2.11135 0.00572435 0.00423499 0.00570101
73800 2.11421 0.00572622 0.00423367 0.00580846
73900 2.11708 0.00572798 0.00423215 0.00569114
74000 2.11994 0.00572959 0.00423064 0.00537649
74100 2.12281 0.00573096 0.00422942 0.00488863
74200 2.12567 0.00573219 0.00422803 0.00445497
74300 2.12854 0.00573338 0.00422587 0.00464131
74400 2.1314 0.0057342 0.00422449 0.00533984
74500 2.13427 0.00573474 0.00422383 0.00604169
74600 2.13713 0.00573534 0.00422291 0.00645394
74700 2.14 0.00573599 0.0042217 0.0066043
74800 2.14286 0.00573666 0.0042203 0.00652467
74900 2.14573 0.00573727 0.004219 0.00624321
75000 2.14859 0.00573776 0.00421801 0.00578451
75100 2.15146 0.00573811 0.00421746 0.00517292
75200 2.15432 0.00573892 0.00421662 0.00490443
75300 2.15719 0.00573986 0.00421591 0.00513853
75400 2.16005 0.00574127 0.00421562 0.00557008
75500 2.16292 0.00574314 0.00421485 0.00578942
75600 2.16578 0.00574488 0.00421381 0.00577044
75700 2.16865 0.00574651 0.0042126 0.00554209
75800 2.17151 0.00574794 0.00421153 0.00513
75900 2.17437 0.00574918 0.00421062 0.00458405
76000 2.17724 0.00575032 0.00420899 0.00447815
76100 2.1801 0.00575143 0.00420688 0.0049837
76200 2.18297 0.00575203 0.0042062 0.00575887
76300 2.18583 0.00575276 0.00420515 0.00630142
76400 2.1887 0.00575349 0.00420392 0.00656626
76500 2.19156 0.00575426 0.00420243 0.00658711
76600 2.19443 0.005755 0.00420092 0.00639385
76700 2.19729 0.00575563 0.00419966 0.00601261
76800 2.20016 0.00575611 0.00419881 0.00546627
76900 2.20302 0.00575682 0.0041979 0.00495153
77000 2.20589 0.00575784 0.00419711 0.00498317
77100 2.20875 0.00575913 0.00419648 0.005385
77200 2.21162 0.00576131 0.0041957 0.00572163
77300 2.21448 0.00576341 0.0041946 0.00580691
77400 2.21735 0.00576538 0.00419326 0.00567012
77500 2.22021 0.00576715 0.00419194 0.00533838
77600 2.22308 0.00576867 0.00419091 0.00483552
77700 2.22594 0.00576998 0.00418962 0.00444526
77800 2.22881 0.00577122 0.00418752 0.00468972
77900 2.23167 0.00577197 0.00418638 0.00541482
78000 2.23454 0.00577248 0.00418567 0.00609196
78100 2.2374 0.00577304 0.00418472 0.00647827
78200 2.24027 0.00577366 0.00418348 0.00660583
78300 2.24313 0.0057743 0.00418208 0.00650621
78400 2.24599 0.00577488 0.00418079 0.00620718
78500 2.24886 0.00577533 0.00417984 0.00573306
78600 2.25172 0.0057757 0.00417922 0.00511989
78700 2.25459 0.00577653 0.00417827 0.004908
78800 2.25745 0.00577754 0.00417737 0.00517811
78900 2.26032 0.00577909 0.00417676 0.00560171
79000 2.26318 0.00578101 0.00417558 0.00579747
79100 2.26605 0.00578281 0.00417417 0.00575777
79200 2.26891 0.00578447 0.00417267 0.00551124
79300 2.27178 0.00578593 0.00417136 0.00508318
79400 2.27464 0.00578719 0.00417019 0.00454684
79500 2.27751 0.00578834 0.00416836 0.00450157
79600 2.28037 0.00578944 0.00416629 0.00505387
79700 2.28324 0.00578984 0.00416573 0.00582226
79800 2.2861 0.00579035 0.00416482 0.00633728
79900 2.28897 0.00579089 0.00416371 0.00657799
80000 2.29183 0.00579149 0.00416233 0.00657767
80100 2.2947 0.00579207 0.00416094 0.00636582
80200 2.29756 0.00579255 0.0041598 0.00596825
80300 2.30043 0.00579289 0.00415909 0.00540758
80400 2.30329 0.00579346 0.00415826 0.00493253
80500 2.30616 0.00579426 0.00415759 0.00500939
80600 2.30902 0.00579531 0.00415718 0.00542694
80700 2.31188 0.00579705 0.00415653 0.00573976
80800 2.31475 0.00579872 0.00415557 0.00580305
80900 2.31761 0.0058003 0.00415437 0.00564694
81000 2.32048 0.00580172 0.0041532 0.00529825
81100 2.32334 0.00580292 0.00415233 0.0047805
81200 2.32621 0.00580406 0.004151 0.00444096
81300 2.32907 0.0058052 0.00414882 0.00474267
81400 2.33194 0.00580598 0.0041478 0.00548926
81500 2.3348 0.00580683 0.00414687 0.00613996
81600 2.33767 0.00580769 0.00414575 0.00650068
81700 2.34053 0.00580857 0.00414435 0.00660574
81800 2.3434 0.00580944 0.00414283 0.00648638
81900 2.34626 0.00581021 0.00414146 0.00617002
82000 2.34913 0.00581082 0.00414046 0.00568068
82100 2.35199 0.00581144 0.00413972 0.00507418
82200 2.35486 0.00581256 0.00413887 0.00491598
82300 2.35772 0.00581392 0.00413803 0.00521937
82400 2.36059 0.00581595 0.00413749 0.00563077
82500 2.36345 0.00581827 0.00413644 0.00580321
82600 2.36632 0.00582042 0.00413515 0.00574301
82700 2.36918 0.00582238 0.00413377 0.00547848
82800 2.37205 0.0058241 0.00413259 0.00503463
82900 2.37491 0.00582553 0.00413147 0.00451495
83000 2.37777 0.00582674 0.00412964 0.00453037
83100 2.38064 0.00582781 0.00412775 0.00512635
83200 2.3835 0.00582818 0.00412707 0.00588303
83300 2.38637 0.0058286 0.00412604 0.00637095
83400 2.38923 0.00582907 0.00412479 0.00658784
83500 2.3921 0.00582961 0.0041233 0.00656661
83600 2.39496 0.00583013 0.00412185 0.00633641
83700 2.39783 0.00583055 0.00412067 0.00592272
83800 2.40069 0.00583083 0.00411994 0.00534789
83900 2.40356 0.00583146 0.00411895 0.00491865
84000 2.40642 0.00583234 0.00411808 0.00503886
84100 2.40929 0.00583357 0.0041175 0.00546714
84200 2.41215 0.00583552 0.00411642 0.00575555
84300 2.41502 0.00583736 0.0041151 0.00579707
84400 2.41788 0.00583908 0.0041136 0.00562184
84500 2.42075 0.00584062 0.00411219 0.00525637
84600 2.42361 0.00584192 0.00411113 0.00472389
84700 2.42648 0.00584311 0.00410955 0.00444233
84800 2.42934 0.00584432 0.00410725 0.00479997
84900 2.43221 0.00584488 0.0041064 0.00556253
85000 2.43507 0.00584541 0.00410557 0.00618555
85100 2.43794 0.00584596 0.00410456 0.00652095
85200 2.4408 0.00584657 0.00410325 0.00660376
85300 2.44367 0.00584719 0.00410182 0.00646487
85400 2.44653 0.00584774 0.00410057 0.00613138
85500 2.44939 0.00584815 0.00409968 0.00562698
85600 2.45226 0.00584859 0.00409898 0.00503444
85700 2.45512 0.00584936 0.00409827 0.0049279
85800 2.45799 0.00585031 0.00409758 0.00526175
85900 2.46085 0.00585187 0.00409719 0.00565752
86000 2.46372 0.00585359 0.00409633 0.00580695
86100 2.46658 0.00585522 0.0040952 0.00572651
86200 2.46945 0.00585673 0.00409398 0.00544424
86300 2.47231 0.00585803 0.00409298 0.00498481
86400 2.47518 0.00585918 0.00409193 0.00448876
86500 2.47804 0.0058603 0.00409006 0.00456453
86600 2.48091 0.00586123 0.00408835 0.00520042
86700 2.48377 0.00586179 0.00408757 0.00594107
86800 2.48664 0.00586246 0.00408645 0.00640213
86900 2.4895 0.00586317 0.0040851 0.00659539
87000 2.49237 0.0058639 0.00408354 0.00655342
87100 2.49523 0.00586458 0.00408205 0.00630502
87200 2.4981 0.00586514 0.00408086 0.00587535
87300 2.50096 0.00586553 0.00408014 0.00528648
87400 2.50383 0.00586636 0.00407911 0.00490927
87500 2.50669 0.0058674 0.0040782 0.00507134
87600 2.50956 0.00586883 0.00407764 0.00550554
87700 2.51242 0.00587088 0.00407659 0.00576952
87800 2.51528 0.0058728 0.00407531 0.00578963
87900 2.51815 0.00587458 0.00407387 0.0055956
88000 2.52101 0.00587616 0.00407253 0.00521363
88100 2.52388 0.0058775 0.00407152 0.00466909
88200 2.52674 0.00587867 0.00406996 0.0044497
88300 2.52961 0.00587983 0.00406772 0.00486113
88400 2.53247 0.00588039 0.00406698 0.00563358
88500 2.53534 0.00588098 0.00406613 0.00622839
88600 2.5382 0.00588158 0.00406511 0.00653885
88700 2.54107 0.00588224 0.00406379 0.00659976
88800 2.54393 0.00588289 0.00406238 0.00644164
88900 2.5468 0.00588346 0.00406116 0.00609127
89000 2.54966 0.00588389 0.00406032 0.00557204
89100 2.55253 0.00588444 0.00405954 0.00500057
89200 2.55539 0.00588536 0.00405874 0.00494387
89300 2.55826 0.0058865 0.00405796 0.00530491
89400 2.56112 0.00588844 0.00405724 0.00568192
89500 2.56399 0.00589046 0.00405606 0.00580854
89600 2.56685 0.00589235 0.00405466 0.00570806
89700 2.56972 0.00589407 0.00405323 0.00540819
89800 2.57258 0.00589556 0.00405206 0.00493332
89900 2.57545 0.00589685 0.00405079 0.00446801
90000 2.57831 0.00589806 0.00404873 0.00460384
90100 2.58117 0.00589897 0.0040472 0.00527557
90200 2.58404 0.00589954 0.00404657 0.00599653
90300 2.5869 0.00590018 0.00404564 0.00643102
90400 2.58977 0.00590085 0.00404444 0.00660092
90500 2.59263 0.00590155 0.00404303 0.00653845
90600 2.5955 0.00590219 0.00404169 0.00627205
90700 2.59836 0.00590272 0.00404066 0.00582658
90800 2.60123 0.00590308 0.00404008 0.00522383
90900 2.60409 0.00590391 0.00403922 0.0049046
91000 2.60696 0.00590489 0.0040385 0.00510664
91100 2.60982 0.00590631 0.00403818 0.00554164
91200 2.61269 0.00590825 0.00403737 0.0057814
91300 2.61555 0.00591007 0.00403631 0.00578033
91400 2.61842 0.00591176 0.00403506 0.00556771
91500 2.62128 0.00591326 0.00403392 0.00516943
91600 2.62415 0.00591454 0.00403303 0.00462087
91700 2.62701 0.0059157 0.0040314 0.00446276
91800 2.62988 0.00591685 0.00402919 0.00492586
91900 2.63274 0.00591745 0.00402846 0.00570224
92000 2.63561 0.00591815 0.00402739 0.00626863
92100 2.63847 0.00591885 0.00402615 0.00655428
92200 2.64134 0.00591959 0.00402465 0.00659341
92300 2.6442 0.00592032 0.00402311 0.00641619
92400 2.64707 0.00592094 0.0040218 0.00604903
92500 2.64993 0.00592141 0.0040209 0.00551506
92600 2.65279 0.00592205 0.00402001 0.00497159
92700 2.65566 0.00592304 0.00401923 0.00496354
92800 2.65852 0.00592427 0.00401857 0.00534854
92900 2.66139 0.00592634 0.00401791 0.00570457
93000 2.66425 0.00592841 0.00401686 0.00580881
93100 2.66712 0.00593035 0.00401557 0.00568866
93200 2.66998 0.00593211 0.00401427 0.00537154
93300 2.67285 0.00593361 0.00401323 0.00488151
93400 2.67571 0.00593491 0.00401202 0.00445352
93500 2.67858 0.00593611 0.00401 0.00464816
93600 2.68144 0.00593694 0.00400866 0.00535067
93700 2.68431 0.00593745 0.00400789 0.00604896
93800 2.68717 0.00593801 0.00400686 0.00645735
93900 2.69004 0.00593863 0.00400556 0.00660431
94000 2.6929 0.00593927 0.00400409 0.00652171
94100 2.69577 0.00593986 0.00400272 0.00623763
94200 2.69863 0.00594033 0.00400168 0.00577664
94300 2.7015 0.00594066 0.00400106 0.00516428
94400 2.70436 0.00594152 0.00399997 0.00490457
94500 2.70723 0.00594254 0.00399899 0.00514433
94600 2.71009 0.00594408 0.00399833 0.00557509
94700 2.71296 0.00594606 0.00399709 0.00579099
94800 2.71582 0.00594792 0.00399565 0.00576898
94900 2.71868 0.00594964 0.00399409 0.00553797
95000 2.72155 0.00595115 0.00399271 0.00512355
95100 2.72441 0.00595245 0.00399154 0.00457852
95200 2.72728 0.00595361 0.0039898 0.00448135
95300 2.73014 0.00595475 0.00398763 0.00499378
95400 2.73301 0.00595517 0.00398709 0.00576819
95500 2.73587 0.00595567 0.00398627 0.00630666
95600 2.73874 0.00595619 0.00398524 0.00656793
95700 2.7416 0.00595678 0.00398393 0.00658565
95800 2.74447 0.00595735 0.00398258 0.00638963
95900 2.74733 0.00595784 0.00398146 0.00600598
96000 2.7502 0.00595818 0.00398075 0.00545752
96100 2.75306 0.00595873 0.00397995 0.00494829
96200 2.75593 0.00595951 0.00397928 0.0049868
96300 2.75879 0.00596053 0.00397877 0.00539133
96400 2.76166 0.00596224 0.00397808 0.00572454
96500 2.76452 0.00596392 0.00397705 0.0058066
96600 2.76739 0.0059655 0.00397579 0.00566697
96700 2.77025 0.00596693 0.00397453 0.00533274
96800 2.77312 0.00596815 0.00397357 0.0048277
96900 2.77598 0.00596928 0.00397224 0.00444436
97000 2.77885 0.0059704 0.00397007 0.00469722
97100 2.78171 0.00597115 0.00396889 0.00542575
97200 2.78457 0.00597183 0.00396798 0.00609905
97300 2.78744 0.00597255 0.00396686 0.00648153
97400 2.7903 0.0059733 0.00396546 0.00660572
97500 2.79317 0.00597406 0.00396392 0.00650313
97600 2.79603 0.00597474 0.00396252 0.0062015
97700 2.7989 0.00597529 0.00396147 0.0057251
97800 2.80176 0.00597576 0.00396077 0.00511247
97900 2.80463 0.00597677 0.00395989 0.00490885
98000 2.80749 0.00597798 0.00395907 0.00518423
98100 2.81036 0.0059798 0.00395867 0.00560633
98200 2.81322 0.005982 0.00395777 0.00579869
98300 2.81609 0.00598405 0.00395661 0.00575599
98400 2.81895 0.00598592 0.00395533 0.00550683
98500 2.82182 0.00598757 0.00395421 0.00507646
98600 2.82468 0.00598897 0.00395322 0.00454207
98700 2.82755 0.00599017 0.00395154 0.00450556
98800 2.83041 0.00599129 0.00394957 0.00506433
98900 2.83328 0.00599175 0.00394892 0.00583122
99000 2.83614 0.00599229 0.00394792 0.00634221
99100 2.83901 0.00599286 0.00394671 0.00657938
99200 2.84187 0.00599348 0.00394525 0.00657595
99300 2.84474 0.00599408 0.0039438 0.00636137
99400 2.8476 0.00599458 0.00394261 0.00596141
99500 2.85047 0.00599494 0.00394185 0.00539864
99600 2.85333 0.0059956 0.00394083 0.00493007
99700 2.85619 0.00599652 0.00393991 0.00501355
99800 2.85906 0.00599775 0.00393922 0.00543307
99900 2.86192 0.00599976 0.0039381 0.00574237
100000 2.86479 0.00600167 0.00393672 0.00580248
100100 2.86765 0.00600345 0.00393515 0.00564357
100200 2.87052 0.00600504 0.00393366 0.00529242
100300 2.87338 0.0060064 0.00393251 0.00477252
100400 2.87625 0.0060076 0.003931 0.00444092
100500 2.87911 0.0060088 0.00392872 0.00475081
100600 2.88198 0.00600937 0.00392772 0.00550002
100700 2.88484 0.00600976 0.00392698 0.00614664
100800 2.88771 0.0060102 0.00392604 0.00650356
100900 2.89057 0.00601071 0.00392479 0.00660528
101000 2.89344 0.00601125 0.0039234 0.00648298
101100 2.8963 0.00601173 0.00392215 0.00616405
101200 2.89917 0.00601209 0.00392126 0.00567245
101300 2.90203 0.00601243 0.0039206 0.00506752
101400 2.9049 0.00601313 0.00391984 0.00491731
101500 2.90776 0.00601401 0.00391909 0.00522561
101600 2.91063 0.00601543 0.00391863 0.00563508
101700 2.91349 0.00601708 0.00391766 0.00580421
101800 2.91636 0.00601865 0.00391645 0.0057411
101900 2.91922 0.00602011 0.00391514 0.00547402
102000 2.92208 0.00602137 0.00391402 0.00502793
102100 2.92495 0.0060225 0.00391294 0.00451117
102200 2.92781 0.00602358 0.00391108 0.00453516
102300 2.93068 0.00602455 0.0039092 0.00513697
102400 2.93354 0.0060253 0.00390846 0.00589145
102500 2.93641 0.00602616 0.00390737 0.00637533
102600 2.93927 0.00602702 0.00390606 0.00658866
102700 2.94214 0.0060279 0.00390453 0.0065643
102800 2.945 0.00602871 0.00390304 0.00633135
102900 2.94787 0.00602939 0.00390183 0.00591526
103000 2.95073 0.0060299 0.00390107 0.00533832
103100 2.9536 0.00603087 0.00390013 0.00491668
103200 2.95646 0.00603212 0.00389934 0.00504352
103300 2.95933 0.00603376 0.00389887 0.00547324
103400 2.96219 0.00603623 0.00389802 0.00575817
103500 2.96506 0.00603852 0.0038969 0.00579664
103600 2.96792 0.00604064 0.00389559 0.00561874
103700 2.97079 0.00604253 0.00389434 0.00525092
103800 2.97365 0.00604414 0.00389342 0.00471638
103900 2.97652 0.00604549 0.00389194 0.00444341
104000 2.97938 0.00604677 0.00388973 0.00480864
104100 2.98225 0.00604738 0.0038889 0.00557275
104200 2.98511 0.00604788 0.00388798 0.00619159
104300 2.98797 0.0060484 0.0038869 0.00652326
104400 2.99084 0.00604898 0.00388552 0.00660281
104500 2.9937 0.00604958 0.00388404 0.00646105
104600 2.99657 0.0060501 0.00388274 0.00612503
104700 2.99943 0.0060505 0.00388182 0.00561842
104800 3.0023 0.00605094 0.00388102 0.00502869
104900 3.00516 0.00605175 0.00388013 0.00492993
105000 3.00803 0.00605277 0.00387925 0.00526828
105100 3.01089 0.00605446 0.00387852 0.00566158
105200 3.01376 0.0060563 0.0038773 0.00580772
105300 3.01662 0.00605803 0.00387585 0.00572439
105400 3.01949 0.00605962 0.00387436 0.00543958
105500 3.02235 0.006061 0.00387312 0.00497792
105600 3.02522 0.0060622 0.00387188 0.00448576
105700 3.02808 0.00606333 0.00386989 0.00457005
105800 3.03095 0.00606422 0.00386816 0.00521118
105900 3.03381 0.00606455 0.00386756 0.00594905
106000 3.03668 0.00606497 0.00386665 0.00640612
106100 3.03954 0.00606545 0.00386548 0.00659589
106200 3.04241 0.00606599 0.00386408 0.00655085
106300 3.04527 0.00606649 0.00386273 0.00629974
106400 3.04814 0.0060669 0.00386167 0.00586771
106500 3.051 0.00606717 0.00386106 0.00527676
106600 3.05387 0.00606779 0.00386017 0.00490805
106700 3.05673 0.00606859 0.00385943 0.00507647
106800 3.05959 0.00606973 0.00385903 0.00551133
106900 3.06246 0.00607142 0.0038581 0.00577178
107000 3.06532 0.00607301 0.00385692 0.0057888
107100 3.06819 0.00607451 0.00385557 0.00559207
107200 3.07105 0.00607585 0.00385431 0.00520772
107300 3.07392 0.00607697 0.00385338 0.00466209
107400 3.07678 0.00607805 0.00385171 0.00445146
107500 3.07965 0.00607917 0.0038494 0.00487036
107600 3.08251 0.00607984 0.00384857 0.00564361
107700 3.08538 0.00608064 0.00384745 0.00623416
107800 3.08824 0.00608144 0.00384619 0.00654086
107900 3.09111 0.00608227 0.00384466 0.00659848
108000 3.09397 0.00608307 0.00384307 0.00643748
108100 3.09684 0.00608377 0.00384169 0.00608457
108200 3.0997 0.00608431 0.00384072 0.00556312
108300 3.10257 0.00608499 0.00383987 0.00499552
108400 3.10543 0.00608609 0.00383911 0.00494647
108500 3.1083 0.00608743 0.00383843 0.00531161
108600 3.11116 0.00608963 0.00383787 0.00568579
108700 3.11403 0.00609187 0.00383688 0.00580922
108800 3.11689 0.00609395 0.00383564 0.00570594
108900 3.11976 0.00609584 0.00383435 0.00540362
109000 3.12262 0.00609748 0.00383331 0.00492658
109100 3.12548 0.00609886 0.00383213 0.00446602
109200 3.12835 0.00610011 0.00383015 0.0046101
109300 3.13121 0.006101 0.00382869 0.00528629
109400 3.13408 0.00610145 0.00382799 0.00600402
109500 3.13694 0.00610197 0.00382699 0.0064347
109600 3.13981 0.00610253 0.00382573 0.00660125
109700 3.14267 0.00610314 0.00382427 0.00653583
109800 3.14554 0.0061037 0.00382289 0.00626685
109900 3.1484 0.00610415 0.00382182 0.00581911
110000 3.15127 0.00610444 0.00382122 0.0052144
110100 3.15413 0.00610522 0.00382021 0.00490427
110200 3.157 0.00610617 0.00381933 0.00511209
110300 3.15986 0.00610757 0.00381882 0.00554681
110400 3.16273 0.00610948 0.0038178 0.00578306
110500 3.16559 0.00611127 0.00381654 0.00577891
110600 3.16846 0.00611294 0.00381513 0.00556359
110700 3.17132 0.00611441 0.00381385 0.00516293
110800 3.17419 0.00611566 0.00381284 0.00461443
110900 3.17705 0.00611677 0.0038112 0.00446521
111000 3.17992 0.0061179 0.003809 0.00493565
111100 3.18278 0.00611828 0.00380841 0.00571205
111200 3.18565 0.00611871 0.00380756 0.00627427
111300 3.18851 0.00611917 0.00380653 0.0065563
111400 3.19137 0.0061197 0.00380521 0.00659224
111500 3.19424 0.00612024 0.00380383 0.00641221
111600 3.1971 0.00612069 0.00380266 0.0060426
111700 3.19997 0.00612102 0.00380189 0.00550648
111800 3.20283 0.00612149 0.00380109 0.00496767
111900 3.2057 0.00612224 0.0038004 0.00496669
112000 3.20856 0.00612323 0.00379983 0.00535495
112100 3.21143 0.00612492 0.00379914 0.00570778
112200 3.21429 0.00612662 0.00379807 0.00580878
112300 3.21716 0.00612822 0.00379676 0.0056858
112400 3.22002 0.00612968 0.00379544 0.00536619
112500 3.22289 0.00613093 0.00379439 0.00487397
112600 3.22575 0.00613208 0.00379306 0.00445199
112700 3.22862 0.00613322 0.0037909 0.0046551
112800 3.23148 0.00613405 0.00378953 0.00536163
112900 3.23435 0.00613482 0.00378859 0.00605634
113000 3.23721 0.00613562 0.00378741 0.00646086
113100 3.24008 0.00613645 0.00378597 0.00660441
113200 3.24294 0.00613728 0.00378437 0.00651882
113300 3.24581 0.00613803 0.0037829 0.00623212
113400 3.24867 0.00613864 0.00378177 0.00576883
113500 3.25154 0.00613911 0.00378107 0.00515589
113600 3.2544 0.00614017 0.00378012 0.00490484
113700 3.25727 0.00614139 0.0037793 0.00515019
113800 3.26013 0.00614316 0.00377892 0.00558002
113900 3.26299 0.00614538 0.00377802 0.00579247
114000 3.26586 0.00614743 0.00377688 0.00576743
114100 3.26872 0.00614933 0.00377558 0.00553377
114200 3.27159 0.006151 0.00377443 0.00511701
114300 3.27445 0.00615242 0.00377346 0.00457305
114400 3.27732 0.0061536 0.00377183 0.00448465
114500 3.28018 0.00615475 0.00376975 0.00500394
114600 3.28305 0.0061552 0.00376912 0.00577751
114700 3.28591 0.00615571 0.00376813 0.00631193
114800 3.28878 0.00615624 0.00376695 0.00656966
114900 3.29164 0.00615683 0.00376551 0.00658427
115000 3.29451 0.0061574 0.00376405 0.00638553
115100 3.29737 0.00615789 0.00376283 0.00599948
115200 3.30024 0.00615824 0.00376204 0.00544892
115300 3.3031 0.00615883 0.00376109 0.00494529
115400 3.30597 0.00615972 0.00376023 0.00499053
115500 3.30883 0.00616087 0.00375956 0.00539756
115600 3.3117 0.00616281 0.00375858 0.0057273
115700 3.31456 0.00616468 0.00375729 0.00580609
115800 3.31743 0.00616644 0.0037558 0.0056636
115900 3.32029 0.00616802 0.00375435 0.00532686
116000 3.32316 0.00616937 0.00375322 0.00481961
116100 3.32602 0.00617054 0.00375179 0.00444346
116200 3.32888 0.00617172 0.00374958 0.00470484
116300 3.33175 0.00617234 0.00374849 0.00543678
116400 3.33461 0.00617269 0.00374787 0.00610622
116500 3.33748 0.00617309 0.00374702 0.00648488
116600 3.34034 0.00617358 0.00374586 0.00660571
116700 3.34321 0.00617409 0.00374453 0.00650017
116800 3.34607 0.00617456 0.00374332 0.00619596
116900 3.34894 0.00617492 0.00374244 0.00571728
117000 3.3518 0.00617521 0.00374187 0.00510525
117100 3.35467 0.00617591 0.00374117 0.00490974
117200 3.35753 0.00617676 0.00374051 0.00519023
117300 3.3604 0.00617812 0.00374022 0.0056108
117400 3.36326 0.00617979 0.00373941 0.00579978
117500 3.36613 0.00618137 0.00373833 0.0057541
117600 3.36899 0.00618284 0.00373712 0.00550233
117700 3.37186 0.00618413 0.00373607 0.00506967
117800 3.37472 0.00618526 0.00373508 0.00453739
117900 3.37759 0.00618635 0.00373329 0.00450964
118000 3.38045 0.00618738 0.0037313 0.00507483
118100 3.38332 0.00618812 0.00373059 0.00584011
118200 3.38618 0.00618899 0.00372947 0.00634702
118300 3.38905 0.00618986 0.00372815 0.0065806
118400 3.39191 0.00619074 0.0037266 0.00657401
118500 3.39477 0.00619156 0.00372507 0.00635666
118600 3.39764 0.00619226 0.00372381 0.00595427
118700 3.4005 0.00619279 0.003723 0.00538936
118800 3.40337 0.00619369 0.00372207 0.00492753
118900 3.40623 0.00619487 0.00372133 0.00501778
119000 3.4091 0.00619637 0.00372089 0.00543934
119100 3.41196 0.00619872 0.00372018 0.00574514
119200 3.41483 0.00620092 0.00371917 0.00580212
119300 3.41769 0.00620296 0.00371794 0.00564047
119400 3.42056 0.00620479 0.00371674 0.00528692
119500 3.42342 0.00620634 0.00371585 0.0047649
119600 3.42629 0.00620766 0.00371448 0.0044412
119700 3.42915 0.00620892 0.00371232 0.00475904
119800 3.43202 0.00620958 0.00371139 0.0055106
119900 3.43488 0.00621007 0.00371051 0.00615315
120000 3.43775 0.0062106 0.00370943 0.00650632
120100 3.44061 0.00621118 0.00370807 0.00660475
120200 3.44348 0.00621179 0.00370659 0.00647956
120300 3.44634 0.00621233 0.00370526 0.00615809
120400 3.44921 0.00621274 0.0037043 0.00566426
120500 3.45207 0.00621316 0.00370354 0.00506122
120600 3.45494 0.00621398 0.00370261 0.0049189
120700 3.4578 0.006215 0.0037017 0.00523197
120800 3.46067 0.00621668 0.00370099 0.0056393
120900 3.46353 0.00621862 0.00369976 0.00580504
121000 3.46639 0.00622043 0.00369831 0.00573894
121100 3.46926 0.0062221 0.00369679 0.00546924
121200 3.47212 0.00622356 0.0036955 0.00502085
121300 3.47499 0.00622483 0.00369428 0.00450721
121400 3.47785 0.00622602 0.00369236 0.00454
121500 3.48072 0.00622702 0.00369047 0.00514775
121600 3.48358 0.00622751 0.00368993 0.00589999
121700 3.48645 0.00622809 0.00368906 0.00637986
121800 3.48931 0.00622871 0.00368794 0.00658967
121900 3.49218 0.00622937 0.00368658 0.00656223
122000 3.49504 0.00623 0.00368524 0.00632657
122100 3.49791 0.00623051 0.00368417 0.0059081
122200 3.50077 0.00623087 0.00368353 0.00532907
122300 3.50364 0.00623156 0.00368268 0.00491496
122400 3.5065 0.00623242 0.00368198 0.00504821
122500 3.50937 0.00623358 0.0036816 0.00547912
122600 3.51223 0.00623538 0.00368075 0.00576048
122700 3.5151 0.00623708 0.00367964 0.00579581
122800 3.51796 0.00623868 0.00367833 0.00561514
122900 3.52083 0.00624011 0.0036771 0.00524489
123000 3.52369 0.00624131 0.00367619 0.00470826
123100 3.52656 0.00624244 0.00367461 0.00444434
123200 3.52942 0.00624359 0.00367231 0.00481746
123300 3.53228 0.00624428 0.00367143 0.0055832
123400 3.53515 0.00624506 0.0036704 0.00619786
123500 3.53801 0.00624584 0.0036692 0.0065258
123600 3.54088 0.00624666 0.00366773 0.00660207
123700 3.54374 0.00624745 0.00366617 0.00645743
123800 3.54661 0.00624815 0.0036648 0.00611889
123900 3.54947 0.00624869 0.00366382 0.00561006
124000 3.55234 0.00624932 0.00366301 0.00502321
124100 3.5552 0.00625039 0.00366224 0.00493207
124200 3.55807 0.00625166 0.00366152 0.00527475
124300 3.56093 0.00625374 0.00366107 0.00566547
124400 3.5638 0.00625595 0.00366016 0.00580831
124500 3.56666 0.00625801 0.00365899 0.00572208
124600 3.56953 0.00625988 0.00365774 0.00543472
124700 3.57239 0.0062615 0.00365671 0.00497083
124800 3.57526 0.00626289 0.00365563 0.00448276
124900 3.57812 0.00626413 0.00365375 0.00457569
125000 3.58099 0.00626509 0.00365213 0.00522207
125100 3.58385 0.00626556 0.00365145 0.00595712
125200 3.58672 0.0062661 0.00365043 0.00641029
125300 3.58958 0.00626669 0.00364917 0.00659661
125400 3.59245 0.00626732 0.0036477 0.00654855
125500 3.59531 0.0062679 0.00364629 0.0062948
125600 3.59818 0.00626838 0.00364518 0.00586043
125700 3.60104 0.0062687 0.00364452 0.00526744
125800 3.6039 0.00626947 0.00364348 0.00490715
125900 3.60677 0.0062704 0.00364255 0.0050816
126000 3.60963 0.00627176 0.00364195 0.00551681
126100 3.6125 0.00627376 0.00364078 0.00577369
126200 3.61536 0.00627564 0.00363939 0.0057876
126300 3.61823 0.00627738 0.00363785 0.00558813
126400 3.62109 0.00627893 0.00363644 0.00520139
126500 3.62396 0.00628025 0.00363536 0.00465483
126600 3.62682 0.00628148 0.00363368 0.00445319
126700 3.62969 0.00628269 0.00363138 0.00487972
126800 3.63255 0.00628317 0.00363068 0.00565375
126900 3.63542 0.00628371 0.00362983 0.00624006
127000 3.63828 0.00628427 0.00362881 0.00654308
127100 3.64115 0.00628489 0.00362748 0.00659746
127200 3.64401 0.0062855 0.00362608 0.00643361
127300 3.64688 0.00628603 0.00362488 0.0060782
127400 3.64974 0.00628643 0.00362406 0.00555455
127500 3.65261 0.00628691 0.00362329 0.00499083
127600 3.65547 0.00628765 0.0036226 0.00494915
127700 3.65834 0.00628859 0.00362198 0.0053181
127800 3.6612 0.00629015 0.0036214 0.00568936
127900 3.66407 0.00629179 0.00362037 0.00580953
128000 3.66693 0.00629334 0.00361909 0.00570338
128100 3.66979 0.00629476 0.00361778 0.00539854
128200 3.67266 0.00629598 0.00361672 0.0049193
128300 3.67552 0.0062971 0.00361547 0.00446383
128400 3.67839 0.0062982 0.00361339 0.00461645
128500 3.68125 0.00629908 0.00361187 0.00529724
128600 3.68412 0.00629986 0.003611 0.00601169
128700 3.68698 0.0063007 0.00360984 0.00643842
128800 3.68985 0.00630156 0.00360843 0.00660151
128900 3.69271 0.00630242 0.00360684 0.00653306
129000 3.69558 0.0063032 0.00360536 0.00626141
129100 3.69844 0.00630384 0.00360421 0.00581132
129200 3.70131 0.00630431 0.00360352 0.00520472
129300 3.70417 0.00630539 0.00360255 0.00490387
129400 3.70704 0.00630664 0.00360173 0.00511765
129500 3.7099 0.00630841 0.00360133 0.0055521
129600 3.71277 0.00631072 0.00360047 0.00578493
129700 3.71563 0.00631285 0.00359935 0.00577777
129800 3.7185 0.00631483 0.00359806 0.00555981
129900 3.72136 0.00631657 0.0035969 0.00515684
130000 3.72423 0.00631805 0.00359597 0.00460851
130100 3.72709 0.0063193 0.00359438 0.00446791
130200 3.72996 0.00632051 0.00359223 0.00494539
130300 3.73282 0.00632103 0.00359153 0.00572157
130400 3.73568 0.00632157 0.00359049 0.00627967
130500 3.73855 0.00632213 0.0035893 0.0065581
130600 3.74141 0.00632275 0.00358783 0.00659088
130700 3.74428 0.00632336 0.00358632 0.00640809
130800 3.74714 0.00632388 0.00358505 0.00603604
130900 3.75001 0.00632426 0.00358418 0.00549778
131000 3.75287 0.00632484 0.00358324 0.00496388
131100 3.75574 0.0063257 0.00358235 0.00496999
131200 3.7586 0.00632681 0.00358158 0.0053614
131300 3.76147 0.00632872 0.0035806 0.00571094
131400 3.76433 0.00633063 0.00357927 0.00580867
131500 3.7672 0.00633243 0.00357773 0.00568281
131600 3.77006 0.00633405 0.00357621 0.00536067
131700 3.77293 0.00633544 0.00357499 0.00486624
131800 3.77579 0.00633669 0.00357358 0.00445046
131900 3.77866 0.0063379 0.00357141 0.00466211
132000 3.78152 0.00633868 0.00357007 0.00537263
132100 3.78439 0.00633926 0.00356929 0.00606369
132200 3.78725 0.00633989 0.00356827 0.0064643
132300 3.79012 0.00634056 0.00356697 0.00660442
132400 3.79298 0.00634126 0.0035655 0.00651582
132500 3.79585 0.00634189 0.00356415 0.00622647
132600 3.79871 0.00634239 0.00356312 0.00576085
132700 3.80158 0.00634277 0.0035625 0.00514748
132800 3.80444 0.0063436 0.00356156 0.0049051
132900 3.8073 0.00634456 0.00356074 0.00515606
133000 3.81017 0.00634602 0.00356024 0.00558498
133100 3.81303 0.00634786 0.00355916 0.00579405
133200 3.8159 0.0063496 0.00355785 0.00576604
133300 3.81876 0.00635121 0.00355642 0.00552978
133400 3.82163 0.00635262 0.00355515 0.00511073
133500 3.82449 0.00635385 0.00355405 0.00456798
133600 3.82736 0.00635497 0.00355224 0.00448816
133700 3.83022 0.00635606 0.00355008 0.00501406
133800 3.83309 0.00635665 0.00354935 0.00578659
133900 3.83595 0.00635737 0.00354824 0.00631683
134000 3.83882 0.0063581 0.00354696 0.00657089
134100 3.84168 0.00635886 0.00354542 0.00658228
134200 3.84455 0.00635959 0.00354389 0.00638072
134300 3.84741 0.00636021 0.00354261 0.00599218
134400 3.85028 0.00636067 0.00354176 0.00543945
134500 3.85314 0.00636143 0.00354086 0.0049419
134600 3.85601 0.00636248 0.00354014 0.00499435
134700 3.85887 0.0063638 0.00353963 0.00540419
134800 3.86174 0.00636601 0.00353894 0.00573057
134900 3.8646 0.00636811 0.00353793 0.00580625
135000 3.86747 0.00637006 0.00353668 0.00566101
135100 3.87033 0.00637183 0.00353546 0.00532187
135200 3.87319 0.00637333 0.00353452 0.00481251
135300 3.87606 0.00637465 0.00353322 0.00444321
135400 3.87892 0.00637592 0.0035311 0.0047125
135500 3.88179 0.00637664 0.00353006 0.00544733
135600 3.88465 0.00637719 0.00352927 0.00611287
135700 3.88752 0.00637778 0.00352826 0.00648775
135800 3.89038 0.00637842 0.00352696 0.00660527
135900 3.89325 0.00637907 0.00352552 0.00649683
136000 3.89611 0.00637966 0.0035242 0.00619007
136100 3.89898 0.00638012 0.00352323 0.00570915
136200 3.90184 0.00638054 0.00352256 0.00509807
136300 3.90471 0.00638136 0.00352164 0.00491077
136400 3.90757 0.00638236 0.00352076 0.00519644
136500 3.91044 0.00638394 0.00352015 0.00561535
136600 3.9133 0.00638586 0.003519 0.00580087
136700 3.91617 0.00638767 0.00351762 0.00575216
136800 3.91903 0.00638933 0.00351615 0.00549772
136900 3.9219 0.00639079 0.00351488 0.00506273
137000 3.92476 0.00639206 0.00351372 0.00453271
137100 3.92763 0.00639323 0.00351189 0.0045138
137200 3.93049 0.00639431 0.00350987 0.00508541
137300 3.93336 0.00639481 0.00350929 0.00584902
137400 3.93622 0.00639541 0.00350835 0.00635188
137500 3.93908 0.00639604 0.00350721 0.00658191
137600 3.94195 0.00639671 0.0035058 0.00657221
137700 3.94481 0.00639736 0.00350441 0.00635212
137800 3.94768 0.00639789 0.00350327 0.00594733
137900 3.95054 0.00639827 0.00350256 0.00538031
138000 3.95341 0.00639893 0.00350169 0.00492522
138100 3.95627 0.00639978 0.00350099 0.00502207
138200 3.95914 0.0064009 0.00350056 0.00544543
138300 3.962 0.00640269 0.00349973 0.00574771
138400 3.96487 0.00640439 0.00349862 0.00580151
138500 3.96773 0.006406 0.00349729 0.00563708
138600 3.9706 0.00640743 0.00349602 0.00528108
138700 3.97346 0.00640865 0.00349506 0.00475692
138800 3.97633 0.00640978 0.00349357 0.00444142
138900 3.97919 0.00641093 0.00349129 0.00476736
139000 3.98206 0.00641166 0.00349028 0.00552127
139100 3.98492 0.00641243 0.00348924 0.00615975
139200 3.98779 0.00641321 0.00348803 0.00650916
139300 3.99065 0.00641402 0.00348655 0.00660428
139400 3.99352 0.00641482 0.00348497 0.00647619
139500 3.99638 0.00641552 0.00348355 0.00615218
139600 3.99925 0.00641608 0.00348252 0.00565611
139700 4.00211 0.00641668 0.00348172 0.00505502
139800 4.00498 0.00641773 0.00348089 0.00492052
139900 4.00784 0.00641899 0.00348008 0.0052383
140000 4.0107 0.006421 0.00347959 0.00564346
140100 4.01357 0.00642324 0.00347863 0.00580586
140200 4.01643 0.00642532 0.00347741 0.00573683
140300 4.0193 0.00642722 0.0034761 0.00546456
140400 4.02216 0.00642888 0.003475 0.00501391
140500 4.02503 0.00643031 0.00347394 0.00450349
140600 4.02789 0.00643157 0.00347213 0.00454498
140700 4.03076 0.00643264 0.00347033 0.00515851
140800 4.03362 0.00643317 0.00346964 0.00590842
140900 4.03649 0.00643378 0.00346861 0.0063844
141000 4.03935 0.00643442 0.00346735 0.00659078
141100 4.04222 0.0064351 0.00346586 0.00656032
141200 4.04508 0.00643574 0.00346442 0.00632202
141300 4.04795 0.00643627 0.00346326 0.00590122
141400 4.05081 0.00643664 0.00346255 0.00532015
141500 4.05368 0.00643739 0.00346153 0.00491359
141600 4.05654 0.00643832 0.00346063 0.00505296
141700 4.05941 0.00643962 0.00346002 0.00548476
141800 4.06227 0.00644164 0.00345888 0.00576244
141900 4.06514 0.00644353 0.00345751 0.00579452
142000 4.068 0.0064453 0.00345597 0.00561101
142100 4.07087 0.00644687 0.00345453 0.00523827
142200 4.07373 0.0064482 0.00345346 0.0046996
142300 4.07659 0.00644942 0.00345184 0.00444516
142400 4.07946 0.00645064 0.00344953 0.00482647
142500 4.08232 0.00645127 0.00344879 0.00559392
142600 4.08519 0.00645194 0.00344802 0.00620435
142700 4.08805 0.00645262 0.00344707 0.00652851
142800 4.09092 0.00645334 0.0034458 0.00660146
142900 4.09378 0.00645406 0.00344443 0.00645391
143000 4.09665 0.00645468 0.00344323 0.00611281
143100 4.09951 0.00645516 0.00344241 0.00560174
143200 4.10238 0.00645571 0.00344171 0.0050179
143300 4.10524 0.00645657 0.00344104 0.00493429
143400 4.10811 0.00645762 0.00344039 0.0052812
143500 4.11097 0.00645932 0.00344003 0.00566928
143600 4.11384 0.00646115 0.00343919 0.00580879
143700 4.1167 0.00646287 0.00343807 0.00571963
143800 4.11957 0.00646445 0.00343688 0.0054297
143900 4.12243 0.00646581 0.00343591 0.00496355
144000 4.1253 0.00646701 0.00343485 0.00447975
144100 4.12816 0.00646813 0.00343293 0.00458137
144200 4.13103 0.00646905 0.00343131 0.005233
144300 4.13389 0.00646965 0.00343058 0.00596521
144400 4.13676 0.00647034 0.00342952 0.00641445
144500 4.13962 0.00647105 0.00342821 0.00659733
144600 4.14248 0.00647178 0.0034267 0.00654625
144700 4.14535 0.00647246 0.00342526 0.00628984
144800 4.14821 0.00647302 0.00342413 0.00585315
144900 4.15108 0.00647341 0.00342346 0.00525811
145000 4.15394 0.00647434 0.00342248 0.00490632
145100 4.15681 0.00647544 0.00342162 0.00508678
145200 4.15967 0.006477 0.00342112 0.00552224
145300 4.16254 0.00647922 0.00342013 0.00577557
145400 4.1654 0.00648127 0.0034189 0.00578638
145500 4.16827 0.00648317 0.0034175 0.00558419
145600 4.17113 0.00648486 0.00341622 0.00519506
145700 4.174 0.00648629 0.00341525 0.00464774
145800 4.17686 0.00648758 0.00341366 0.00445505
145900 4.17973 0.00648882 0.00341143 0.00488916
146000 4.18259 0.00648941 0.00341067 0.00566387
146100 4.18546 0.00649007 0.00340974 0.00624609
146200 4.18832 0.00649074 0.00340863 0.00654554
146300 4.19119 0.00649145 0.00340724 0.00659679
146400 4.19405 0.00649215 0.00340578 0.0064302
146500 4.19692 0.00649275 0.00340453 0.00607238
146600 4.19978 0.00649321 0.00340367 0.00554662
146700 4.20265 0.0064938 0.00340284 0.00498683
146800 4.20551 0.00649468 0.00340205 0.00495208
146900 4.20838 0.00649577 0.00340134 0.00532437
147000 4.21124 0.00649766 0.00340063 0.00569243
147100 4.2141 0.00649961 0.00339951 0.00580916
147200 4.21697 0.00650143 0.00339815 0.0057
147300 4.21983 0.00650309 0.00339677 0.00539251
147400 4.2227 0.00650451 0.00339566 0.00491094
147500 4.22556 0.00650577 0.00339441 0.00446114
147600 4.22843 0.00650698 0.00339236 0.00462287
147700 4.23129 0.00650786 0.00339092 0.00530864
147800 4.23416 0.00650848 0.00339021 0.00601983
147900 4.23702 0.00650915 0.00338922 0.00644268
148000 4.23989 0.00650986 0.00338796 0.00660235
148100 4.24275 0.00651059 0.00338651 0.0065309
148200 4.24562 0.00651126 0.00338514 0.00625662
148300 4.24848 0.0065118 0.0033841 0.00580422
148400 4.25135 0.00651218 0.0033835 0.00519598
148500 4.25421 0.00651304 0.00338252 0.00490385
148600 4.25708 0.00651402 0.00338167 0.0051231
148700 4.25994 0.00651546 0.00338114 0.00555697
148800 4.26281 0.00651737 0.00338003 0.00578623
148900 4.26567 0.00651916 0.00337869 0.00577595
149000 4.26854 0.00652082 0.00337721 0.00555525
149100 4.2714 0.00652229 0.00337589 0.00514986
149200 4.27427 0.00652355 0.0033748 0.00460193
149300 4.27713 0.0065247 0.00337303 0.00447048
149400 4.27999 0.00652584 0.00337077 0.00495543
149500 4.28286 0.00652637 0.00337008 0.00573152
149600 4.28572 0.00652702 0.00336906 0.00628553
149700 4.28859 0.00652767 0.00336788 0.00656039
149800 4.29145 0.00652837 0.00336642 0.00659004
149900 4.29432 0.00652906 0.00336493 0.0064045
150000 4.29718 0.00652964 0.00336367 0.00603003
150100 4.30005 0.00653007 0.00336283 0.00548966
150200 4.30291 0.00653067 0.00336199 0.00496058
150300 4.30578 0.00653154 0.00336131 0.00497341
150400 4.30864 0.00653262 0.00336078 0.00536764
150500 4.31151 0.00653444 0.00336018 0.00571375
150600 4.31437 0.00653626 0.00335921 0.00580814
150700 4.31724 0.00653796 0.00335799 0.00567935
150800 4.3201 0.00653951 0.00335676 0.00535464
150900 4.32297 0.00654083 0.0033558 0.00485795
151000 4.32583 0.00654201 0.00335455 0.0044488
151100 4.3287 0.00654318 0.00335245 0.00466927
151200 4.33156 0.00654393 0.00335112 0.0053839
151300 4.33443 0.00654452 0.00335015 0.00607139
151400 4.33729 0.00654516 0.00334895 0.00646827
151500 4.34016 0.00654584 0.0033475 0.00660511
151600 4.34302 0.00654653 0.00334589 0.00651363
151700 4.34588 0.00654716 0.00334442 0.00622177
151800 4.34875 0.00654766 0.0033433 0.00575392
151900 4.35161 0.00654806 0.00334257 0.00514037
152000 4.35448 0.00654893 0.00334151 0.00490589
152100 4.35734 0.00654995 0.00334056 0.00516174
152200 4.36021 0.00655153 0.00333994 0.00558923
152300 4.36307 0.00655354 0.00333875 0.00579466
152400 4.36594 0.00655542 0.00333734 0.00576345
152500 4.3688 0.00655715 0.00333583 0.00552437
152600 4.37167 0.00655868 0.00333449 0.00510286
152700 4.37453 0.00656 0.00333334 0.0045617
152800 4.3774 0.00656119 0.00333158 0.00449139
152900 4.38026 0.00656232 0.00332946 0.00502472
153000 4.38313 0.00656289 0.00332886 0.00579644
153100 4.38599 0.00656357 0.00332792 0.00632262
153200 4.38886 0.00656427 0.00332679 0.00657312
153300 4.39172 0.006565 0.00332538 0.00658139
153400 4.39459 0.0065657 0.00332397 0.00637708
153500 4.39745 0.00656629 0.00332279 0.00598614
153600 4.40032 0.00656673 0.00332204 0.00543128
153700 4.40318 0.0065674 0.00332116 0.00493939
153800 4.40605 0.00656831 0.00332039 0.00499821
153900 4.40891 0.0065695 0.00331983 0.00541014
154000 4.41178 0.00657146 0.00331889 0.00573295
154100 4.41464 0.00657333 0.00331767 0.00580532
154200 4.4175 0.00657507 0.00331623 0.00565719
154300 4.42037 0.00657665 0.00331484 0.0053155
154400 4.42323 0.00657799 0.00331376 0.0048039
154500 4.4261 0.0065792 0.00331229 0.00444235
154600 4.42896 0.00658039 0.00331003 0.00472037
154700 4.43183 0.00658109 0.00330889 0.00545857
154800 4.43469 0.0065817 0.00330801 0.00612027
154900 4.43756 0.00658233 0.00330693 0.00649146
155000 4.44042 0.00658302 0.00330556 0.00660572
155100 4.44329 0.00658371 0.00330406 0.00649443
155200 4.44615 0.00658434 0.00330269 0.00618516
155300 4.44902 0.00658482 0.00330169 0.00570204
155400 4.45188 0.00658526 0.003301 0.00509189
155500 4.45475 0.00658611 0.00330021 0.00491213
155600 4.45761 0.00658712 0.00329946 0.00520236
155700 4.46048 0.0065887 0.00329913 0.00561929
155800 4.46334 0.00659061 0.0032983 0.00580129
155900 4.46621 0.0065924 0.00329721 0.00574947
156000 4.46907 0.00659405 0.00329599 0.00549231
156100 4.47194 0.00659549 0.00329494 0.00505493
156200 4.4748 0.00659674 0.00329397 0.00452751
156300 4.47767 0.00659791 0.00329225 0.00451793
156400 4.48053 0.00659898 0.00329034 0.00509632
156500 4.48339 0.00659953 0.00328963 0.00585833
156600 4.48626 0.0066002 0.00328854 0.00635729
156700 4.48912 0.00660088 0.00328726 0.00658389
156800 4.49199 0.00660161 0.00328573 0.00657117
156900 4.49485 0.00660229 0.00328424 0.00634845
157000 4.49772 0.00660287 0.00328301 0.00594133
157100 4.50058 0.00660328 0.00328223 0.00537227
157200 4.50345 0.006604 0.00328121 0.00492364
157300 4.50631 0.00660491 0.00328032 0.00502641
157400 4.50918 0.0066061 0.00327969 0.00545099
157500 4.51204 0.00660795 0.00327858 0.00574946
157600 4.51491 0.00660971 0.00327722 0.00579988
157700 4.51777 0.00661136 0.00327567 0.00563247
157800 4.52064 0.00661284 0.00327422 0.00527386
157900 4.5235 0.0066141 0.0032731 0.00474741
158000 4.52637 0.00661521 0.00327154 0.00444115
158100 4.52923 0.00661635 0.00326923 0.00477598
158200 4.5321 0.00661691 0.00326836 0.00553263
158300 4.53496 0.00661737 0.0032676 0.00616703
158400 4.53783 0.00661787 0.00326664 0.00651269
158500 4.54069 0.00661844 0.00326537 0.00660452
158600 4.54356 0.00661902 0.00326398 0.00647355
158700 4.54642 0.00661954 0.00326274 0.006147
158800 4.54928 0.00661993 0.00326187 0.0056487
158900 4.55215 0.00662034 0.00326119 0.00504958
159000 4.55501 0.00662112 0.00326048 0.00492237
159100 4.55788 0.00662209 0.00325977 0.00524437
159200 4.56074 0.00662371 0.00325934 0.00564711
159300 4.56361 0.00662554 0.00325839 0.00580606
159400 4.56647 0.00662726 0.00325719 0.00573399
159500 4.56934 0.00662884 0.0032559 0.00545906
159600 4.5722 0.00663021 0.00325481 0.00500607
159700 4.57507 0.00663143 0.00325371 0.00449931
159800 4.57793 0.0066326 0.00325181 0.00454997
159900 4.5808 0.00663361 0.00325 0.00516964
160000 4.58366 0.00663424 0.00324931 0.00591724
160100 4.58653 0.00663498 0.00324826 0.00638927
160200 4.58939 0.00663574 0.00324698 0.00659218
160300 4.59226 0.00663651 0.00324548 0.00655867
160400 4.59512 0.00663724 0.00324402 0.0063177
160500 4.59799 0.00663784 0.00324285 0.00589456
160600 4.60085 0.00663827 0.00324214 0.00531142
160700 4.60372 0.00663907 0.00324123 0.00491237
160800 4.60658 0.00664005 0.00324047 0.00505774
160900 4.60945 0.00664135 0.00324005 0.00549029
161000 4.61231 0.00664332 0.00323919 0.00576431
161100 4.61518 0.00664516 0.00323808 0.00579321
161200 4.61804 0.00664688 0.00323677 0.0056069
161300 4.6209 0.00664841 0.00323554 0.0052317
161400 4.62377 0.00664971 0.00323464 0.0046912
161500 4.62663 0.0066509 0.0032331 0.00444612
161600 4.6295 0.00665207 0.00323085 0.00483551
161700 4.63236 0.00665265 0.0032299 0.0056045
161800 4.63523 0.00665326 0.0032288 0.00621089
161900 4.63809 0.00665389 0.00322754 0.00653149
162000 4.64096 0.00665457 0.00322601 0.00660132
162100 4.64382 0.00665524 0.00322442 0.00645104
162200 4.64669 0.00665583 0.00322302 0.00610753
162300 4.64955 0.00665627 0.00322202 0.00559434
162400 4.65242 0.00665681 0.00322113 0.00501351
162500 4.65528 0.00665768 0.00322024 0.0049368
162600 4.65815 0.00665875 0.00321939 0.0052873
162700 4.66101 0.00666056 0.00321865 0.00567241
162800 4.66388 0.00666251 0.00321746 0.00580841
162900 4.66674 0.00666434 0.00321603 0.00571618
163000 4.66961 0.00666601 0.00321457 0.00542355
163100 4.67247 0.00666745 0.00321336 0.00495502
163200 4.67534 0.00666872 0.00321213 0.00447613
163300 4.6782 0.00666994 0.00321012 0.00458716
163400 4.68107 0.00667088 0.00320851 0.00524452
163500 4.68393 0.00667147 0.00320787 0.00597387
163600 4.68679 0.00667214 0.00320692 0.00641917
163700 4.68966 0.00667284 0.00320571 0.00659859
163800 4.69252 0.00667356 0.00320429 0.00654446
163900 4.69539 0.00667423 0.00320293 0.00628539
164000 4.69825 0.00667478 0.00320187 0.00584635
164100 4.70112 0.00667517 0.00320127 0.00524925
164200 4.70398 0.00667599 0.00320031 0.00490582
164300 4.70685 0.00667701 0.00319944 0.00509195
164400 4.70971 0.00667843 0.00319896 0.00552739
164500 4.71258 0.00668041 0.003198 0.00577705
164600 4.71544 0.00668225 0.0031968 0.00578466
164700 4.71831 0.00668397 0.00319542 0.00557966
164800 4.72117 0.00668549 0.00319417 0.00518806
164900 4.72404 0.00668678 0.00319321 0.0046402
165000 4.7269 0.00668795 0.00319163 0.00445685
165100 4.72977 0.00668912 0.00318942 0.00489888
165200 4.73263 0.0066896 0.00318882 0.00567429
165300 4.7355 0.00669014 0.00318804 0.00625229
165400 4.73836 0.00669069 0.00318707 0.00654808
165500 4.74123 0.00669131 0.00318579 0.0065961
165600 4.74409 0.00669191 0.00318444 0.00642668
165700 4.74696 0.00669244 0.00318328 0.00606638
165800 4.74982 0.00669283 0.00318251 0.00553844
165900 4.75268 0.00669333 0.00318178 0.00498268
166000 4.75555 0.00669415 0.00318109 0.00495497
166100 4.75841 0.00669516 0.00318046 0.00533071
166200 4.76128 0.00669692 0.00317983 0.00569565
166300 4.76414 0.00669872 0.00317879 0.0058091
166400 4.76701 0.00670041 0.0031775 0.00569704
166500 4.76987 0.00670196 0.00317619 0.00538701
166600 4.77274 0.00670328 0.00317513 0.00490321
166700 4.7756 0.00670447 0.00317389 0.00445896
166800 4.77847 0.00670563 0.00317181 0.0046294
166900 4.78133 0.00670644 0.0031703 0.00531973
167000 4.7842 0.00670701 0.00316934 0.00602761
167100 4.78706 0.00670765 0.00316812 0.00644666
167200 4.78993 0.00670832 0.00316666 0.00660299
167300 4.79279 0.00670902 0.00316503 0.0065286
167400 4.79566 0.00670966 0.00316352 0.00625175
167500 4.79852 0.00671018 0.00316234 0.00579709
167600 4.80139 0.00671054 0.00316163 0.00518747
167700 4.80425 0.00671138 0.00316054 0.00490398
167800 4.80712 0.00671235 0.00315961 0.00512864
167900 4.80998 0.00671376 0.00315904 0.00556175
168000 4.81285 0.00671561 0.00315794 0.00578739
168100 4.81571 0.00671735 0.0031566 0.00577394
168200 4.81858 0.00671896 0.00315513 0.00555045
168300 4.82144 0.00672039 0.00315382 0.00514262
168400 4.8243 0.0067216 0.00315274 0.00459528
168500 4.82717 0.00672269 0.00315108 0.0044731
168600 4.83003 0.00672378 0.00314891 0.00496558
168700 4.8329 0.00672424 0.00314839 0.00574145
168800 4.83576 0.0067248 0.00314758 0.00629125
168900 4.83863 0.00672537 0.00314657 0.00656242
169000 4.84149 0.00672601 0.00314527 0.00658883
169100 4.84436 0.00672662 0.00314392 0.00640045
169200 4.84722 0.00672715 0.00314279 0.00602349
169300 4.85009 0.00672753 0.00314206 0.00548092
169400 4.85295 0.00672812 0.00314128 0.00495702
169500 4.85582 0.00672901 0.00314058 0.00497685
169600 4.85868 0.00673014 0.00314001 0.00537406
169700 4.86155 0.00673207 0.00313938 0.00571685
169800 4.86441 0.00673395 0.00313839 0.00580799
169900 4.86728 0.00673572 0.00313716 0.00567635
170000 4.87014 0.00673732 0.00313592 0.00534913
170100 4.87301 0.00673868 0.00313495 0.00485024
170200 4.87587 0.00673992 0.0031337 0.0044476
170300 4.87874 0.00674112 0.00313162 0.00467655
170400 4.8816 0.0067419 0.00313041 0.00539493
170500 4.88447 0.00674252 0.00312966 0.00607871
170600 4.88733 0.00674318 0.00312867 0.00647179
170700 4.89019 0.00674388 0.0031274 0.00660529
170800 4.89306 0.0067446 0.00312596 0.00651088
170900 4.89592 0.00674524 0.00312463 0.00621643
171000 4.89879 0.00674575 0.00312364 0.00574633
171100 4.90165 0.00674616 0.00312302 0.00513274
171200 4.90452 0.00674702 0.00312213 0.00490652
171300 4.90738 0.00674802 0.0031213 0.00516763
171400 4.91025 0.00674953 0.00312082 0.00559384
171500 4.91311 0.00675143 0.00311981 0.00579585
171600 4.91598 0.0067532 0.00311855 0.00576163
171700 4.91884 0.00675485 0.00311717 0.00551991
171800 4.92171 0.00675629 0.00311597 0.00509608
171900 4.92457 0.00675754 0.0031149 0.00455644
172000 4.92744 0.00675868 0.00311316 0.00449499
172100 4.9303 0.00675976 0.00311106 0.00503505
172200 4.93317 0.00676028 0.0031103 0.00580564
172300 4.93603 0.00676092 0.00310917 0.00632783
172400 4.9389 0.00676158 0.00310786 0.00657484
172500 4.94176 0.00676228 0.00310631 0.00658004
172600 4.94463 0.00676294 0.00310477 0.00637304
172700 4.94749 0.00676351 0.00310348 0.00597973
172800 4.95036 0.00676392 0.00310264 0.0054228
172900 4.95322 0.00676459 0.00310165 0.00493687
173000 4.95609 0.0067655 0.00310081 0.00500219
173100 4.95895 0.00676667 0.00310021 0.0054162
Ended at: 4.96064
